Base path: /Applications/Unity/Unity.app/Contents
Cmd: getPlatforms
Cmd: compileSnippet
  api=5 type=0 insize=1019 outsize=12850 kw=DIRECTIONAL pd=UNITY_NO_DXT5nm UNITY_NO_RGBM UNITY_ENABLE_REFLECTION_BUFFERS UNITY_FRAMEBUFFER_FETCH_AVAILABLE UNITY_PBS_USE_BRDF1 UNITY_SPECCUBE_BOX_PROJECTION UNITY_SPECCUBE_BLENDING SHADER_API_MOBILE UNITY_COLORSPACE_GAMMA ok=1
Cmd: disassembleShader
  api=5 insize=12850 outsize=12850 ok=1
Cmd: compileSnippet
  api=9 type=0 insize=1019 outsize=14695 kw=DIRECTIONAL _SPECGLOSSMAP pd=UNITY_NO_DXT5nm UNITY_NO_RGBM UNITY_ENABLE_REFLECTION_BUFFERS UNITY_FRAMEBUFFER_FETCH_AVAILABLE UNITY_PBS_USE_BRDF1 UNITY_SPECCUBE_BOX_PROJECTION UNITY_SPECCUBE_BLENDING SHADER_API_MOBILE UNITY_COLORSPACE_GAMMA ok=1
Cmd: disassembleShader
  api=4 insize=14695 outsize=14695 ok=1
Cmd: compileSnippet
  api=9 type=0 insize=1019 outsize=17043 kw=DIRECTIONAL SHADOWS_SCREEN FOG_EXP2 _NORMALMAP _SPECGLOSSMAP pd=UNITY_NO_DXT5nm UNITY_NO_RGBM UNITY_ENABLE_REFLECTION_BUFFERS UNITY_FRAMEBUFFER_FETCH_AVAILABLE UNITY_PBS_USE_BRDF1 UNITY_SPECCUBE_BOX_PROJECTION UNITY_SPECCUBE_BLENDING SHADER_API_MOBILE UNITY_COLORSPACE_GAMMA ok=1
Cmd: disassembleShader
  api=4 insize=17043 outsize=17043 ok=1
Cmd: compileSnippet
  api=14 type=1 insize=1019 outsize=14698 kw=DIRECTIONAL pd=UNITY_ENABLE_REFLECTION_BUFFERS UNITY_PBS_USE_BRDF1 UNITY_SPECCUBE_BOX_PROJECTION UNITY_SPECCUBE_BLENDING UNITY_COLORSPACE_GAMMA ok=1
Cmd: disassembleShader
  api=24 insize=14698 outsize=14682 ok=1
Cmd: compileSnippet
  api=4 type=1 insize=1019 outsize=6850 kw=DIRECTIONAL FOG_EXP2 _EMISSION _NORMALMAP _SPECGLOSSMAP pd=UNITY_ENABLE_REFLECTION_BUFFERS UNITY_PBS_USE_BRDF1 UNITY_SPECCUBE_BOX_PROJECTION UNITY_SPECCUBE_BLENDING UNITY_COLORSPACE_GAMMA ok=1
Cmd: disassembleShader
  api=17 insize=6850 outsize=9844 ok=1
Cmd: compileSnippet
  api=5 type=0 insize=943 outsize=6233 kw=POINT pd=UNITY_NO_DXT5nm UNITY_NO_RGBM UNITY_ENABLE_REFLECTION_BUFFERS UNITY_FRAMEBUFFER_FETCH_AVAILABLE UNITY_PBS_USE_BRDF1 UNITY_SPECCUBE_BOX_PROJECTION UNITY_SPECCUBE_BLENDING SHADER_API_MOBILE UNITY_COLORSPACE_GAMMA ok=1
Cmd: disassembleShader
  api=5 insize=6233 outsize=6233 ok=1
Cmd: compileSnippet
  api=18 type=0 insize=943 outsize=5585 kw=DIRECTIONAL SHADOWS_SCREEN pd=UNITY_NO_DXT5nm UNITY_NO_RGBM UNITY_ENABLE_REFLECTION_BUFFERS UNITY_PBS_USE_BRDF1 UNITY_SPECCUBE_BOX_PROJECTION UNITY_SPECCUBE_BLENDING SHADER_API_MOBILE UNITY_COLORSPACE_GAMMA ok=1
Cmd: disassembleShader
  api=25 insize=5585 outsize=62194 ok=1
Cmd: compileSnippet
  api=9 type=0 insize=943 outsize=8790 kw=DIRECTIONAL_COOKIE FOG_EXP2 pd=UNITY_NO_DXT5nm UNITY_NO_RGBM UNITY_ENABLE_REFLECTION_BUFFERS UNITY_FRAMEBUFFER_FETCH_AVAILABLE UNITY_PBS_USE_BRDF1 UNITY_SPECCUBE_BOX_PROJECTION UNITY_SPECCUBE_BLENDING SHADER_API_MOBILE UNITY_COLORSPACE_GAMMA ok=1
Cmd: disassembleShader
  api=4 insize=8790 outsize=8790 ok=1
Cmd: compileSnippet
  api=15 type=0 insize=943 outsize=6308 kw=DIRECTIONAL _SPECGLOSSMAP pd=UNITY_ENABLE_REFLECTION_BUFFERS UNITY_PBS_USE_BRDF1 UNITY_SPECCUBE_BOX_PROJECTION UNITY_SPECCUBE_BLENDING UNITY_COLORSPACE_GAMMA ok=1
Cmd: disassembleShader
  api=6 insize=6308 outsize=6308 ok=1
Cmd: compileSnippet
  api=18 type=0 insize=943 outsize=7037 kw=POINT SHADOWS_CUBE SHADOWS_SOFT _SPECGLOSSMAP pd=UNITY_NO_DXT5nm UNITY_NO_RGBM UNITY_ENABLE_REFLECTION_BUFFERS UNITY_PBS_USE_BRDF1 UNITY_SPECCUBE_BOX_PROJECTION UNITY_SPECCUBE_BLENDING SHADER_API_MOBILE UNITY_COLORSPACE_GAMMA ok=1
Cmd: disassembleShader
  api=25 insize=7037 outsize=77672 ok=1
Cmd: compileSnippet
  api=15 type=0 insize=943 outsize=8825 kw=POINT _NORMALMAP _SPECGLOSSMAP pd=UNITY_ENABLE_REFLECTION_BUFFERS UNITY_PBS_USE_BRDF1 UNITY_SPECCUBE_BOX_PROJECTION UNITY_SPECCUBE_BLENDING UNITY_COLORSPACE_GAMMA ok=1
Cmd: disassembleShader
  api=6 insize=8825 outsize=8825 ok=1
Cmd: compileSnippet
  api=5 type=0 insize=943 outsize=8676 kw=POINT FOG_EXP2 _NORMALMAP _SPECGLOSSMAP pd=UNITY_NO_DXT5nm UNITY_NO_RGBM UNITY_ENABLE_REFLECTION_BUFFERS UNITY_FRAMEBUFFER_FETCH_AVAILABLE UNITY_PBS_USE_BRDF1 UNITY_SPECCUBE_BOX_PROJECTION UNITY_SPECCUBE_BLENDING SHADER_API_MOBILE UNITY_COLORSPACE_GAMMA ok=1
Cmd: disassembleShader
  api=5 insize=8676 outsize=8676 ok=1
Cmd: compileSnippet
  api=4 type=0 insize=943 outsize=2246 kw=POINT SHADOWS_CUBE FOG_EXP2 _NORMALMAP _SPECGLOSSMAP pd=UNITY_ENABLE_REFLECTION_BUFFERS UNITY_PBS_USE_BRDF1 UNITY_SPECCUBE_BOX_PROJECTION UNITY_SPECCUBE_BLENDING UNITY_COLORSPACE_GAMMA ok=1
Cmd: disassembleShader
  api=15 insize=2246 outsize=3812 ok=1
Cmd: compileSnippet
  api=1 type=1 insize=943 outsize=1820 kw=POINT pd=UNITY_ENABLE_REFLECTION_BUFFERS UNITY_PBS_USE_BRDF1 UNITY_SPECCUBE_BOX_PROJECTION UNITY_SPECCUBE_BLENDING UNITY_COLORSPACE_GAMMA ok=1
Cmd: disassembleShader
  api=12 insize=1820 outsize=3179 ok=1
Cmd: compileSnippet
  api=14 type=1 insize=943 outsize=6651 kw=SPOT pd=UNITY_ENABLE_REFLECTION_BUFFERS UNITY_PBS_USE_BRDF1 UNITY_SPECCUBE_BOX_PROJECTION UNITY_SPECCUBE_BLENDING UNITY_COLORSPACE_GAMMA ok=1
Cmd: disassembleShader
  api=24 insize=6651 outsize=6635 ok=1
Cmd: compileSnippet
  api=18 type=1 insize=943 outsize=0 kw=SPOT FOG_EXP2 pd=UNITY_NO_DXT5nm UNITY_NO_RGBM UNITY_ENABLE_REFLECTION_BUFFERS UNITY_PBS_USE_BRDF1 UNITY_SPECCUBE_BOX_PROJECTION UNITY_SPECCUBE_BLENDING SHADER_API_MOBILE UNITY_COLORSPACE_GAMMA ok=1
Cmd: disassembleShader
  api=25 insize=0 outsize=1 ok=1
Cmd: compileSnippet
  api=9 type=1 insize=943 outsize=0 kw=POINT_COOKIE FOG_EXP2 pd=UNITY_NO_DXT5nm UNITY_NO_RGBM UNITY_ENABLE_REFLECTION_BUFFERS UNITY_FRAMEBUFFER_FETCH_AVAILABLE UNITY_PBS_USE_BRDF1 UNITY_SPECCUBE_BOX_PROJECTION UNITY_SPECCUBE_BLENDING SHADER_API_MOBILE UNITY_COLORSPACE_GAMMA ok=1
Cmd: disassembleShader
  api=4 insize=0 outsize=57 ok=1
Cmd: compileSnippet
  api=15 type=1 insize=943 outsize=0 kw=POINT_COOKIE FOG_EXP2 pd=UNITY_ENABLE_REFLECTION_BUFFERS UNITY_PBS_USE_BRDF1 UNITY_SPECCUBE_BOX_PROJECTION UNITY_SPECCUBE_BLENDING UNITY_COLORSPACE_GAMMA ok=1
Cmd: disassembleShader
  api=6 insize=0 outsize=57 ok=1
Cmd: compileSnippet
  api=1 type=1 insize=943 outsize=1916 kw=DIRECTIONAL_COOKIE FOG_EXP2 pd=UNITY_ENABLE_REFLECTION_BUFFERS UNITY_PBS_USE_BRDF1 UNITY_SPECCUBE_BOX_PROJECTION UNITY_SPECCUBE_BLENDING UNITY_COLORSPACE_GAMMA ok=1
Cmd: disassembleShader
  api=12 insize=1916 outsize=3318 ok=1
Cmd: compileSnippet
  api=4 type=1 insize=943 outsize=3418 kw=SPOT SHADOWS_DEPTH _SPECGLOSSMAP pd=UNITY_ENABLE_REFLECTION_BUFFERS UNITY_PBS_USE_BRDF1 UNITY_SPECCUBE_BOX_PROJECTION UNITY_SPECCUBE_BLENDING UNITY_COLORSPACE_GAMMA ok=1
Cmd: disassembleShader
  api=17 insize=3418 outsize=5059 ok=1
Cmd: compileSnippet
  api=18 type=1 insize=943 outsize=0 kw=POINT_COOKIE SHADOWS_CUBE _SPECGLOSSMAP pd=UNITY_NO_DXT5nm UNITY_NO_RGBM UNITY_ENABLE_REFLECTION_BUFFERS UNITY_PBS_USE_BRDF1 UNITY_SPECCUBE_BOX_PROJECTION UNITY_SPECCUBE_BLENDING SHADER_API_MOBILE UNITY_COLORSPACE_GAMMA ok=1
Cmd: disassembleShader
  api=25 insize=0 outsize=1 ok=1
Cmd: compileSnippet
  api=15 type=1 insize=943 outsize=0 kw=SPOT SHADOWS_DEPTH SHADOWS_SOFT _SPECGLOSSMAP pd=UNITY_ENABLE_REFLECTION_BUFFERS UNITY_PBS_USE_BRDF1 UNITY_SPECCUBE_BOX_PROJECTION UNITY_SPECCUBE_BLENDING UNITY_COLORSPACE_GAMMA ok=1
Cmd: disassembleShader
  api=6 insize=0 outsize=57 ok=1
Cmd: compileSnippet
  api=1 type=1 insize=943 outsize=2368 kw=POINT SHADOWS_CUBE SHADOWS_SOFT _SPECGLOSSMAP pd=UNITY_ENABLE_REFLECTION_BUFFERS UNITY_PBS_USE_BRDF1 UNITY_SPECCUBE_BOX_PROJECTION UNITY_SPECCUBE_BLENDING UNITY_COLORSPACE_GAMMA ok=1
Cmd: disassembleShader
  api=12 insize=2368 outsize=4057 ok=1
Cmd: compileSnippet
  api=1 type=1 insize=943 outsize=2476 kw=POINT SHADOWS_CUBE SHADOWS_SOFT FOG_EXP2 _SPECGLOSSMAP pd=UNITY_ENABLE_REFLECTION_BUFFERS UNITY_PBS_USE_BRDF1 UNITY_SPECCUBE_BOX_PROJECTION UNITY_SPECCUBE_BLENDING UNITY_COLORSPACE_GAMMA ok=1
Cmd: disassembleShader
  api=12 insize=2476 outsize=4247 ok=1
Cmd: compileSnippet
  api=1 type=1 insize=943 outsize=2112 kw=DIRECTIONAL SHADOWS_SCREEN _NORMALMAP _SPECGLOSSMAP pd=UNITY_ENABLE_REFLECTION_BUFFERS UNITY_PBS_USE_BRDF1 UNITY_SPECCUBE_BOX_PROJECTION UNITY_SPECCUBE_BLENDING UNITY_COLORSPACE_GAMMA ok=1
Cmd: disassembleShader
  api=12 insize=2112 outsize=3635 ok=1
Cmd: compileSnippet
  api=15 type=1 insize=943 outsize=0 kw=SPOT FOG_EXP2 _NORMALMAP _SPECGLOSSMAP pd=UNITY_ENABLE_REFLECTION_BUFFERS UNITY_PBS_USE_BRDF1 UNITY_SPECCUBE_BOX_PROJECTION UNITY_SPECCUBE_BLENDING UNITY_COLORSPACE_GAMMA ok=1
Cmd: disassembleShader
  api=6 insize=0 outsize=57 ok=1
Cmd: compileSnippet
  api=5 type=1 insize=943 outsize=0 kw=POINT_COOKIE FOG_EXP2 _NORMALMAP _SPECGLOSSMAP pd=UNITY_NO_DXT5nm UNITY_NO_RGBM UNITY_ENABLE_REFLECTION_BUFFERS UNITY_FRAMEBUFFER_FETCH_AVAILABLE UNITY_PBS_USE_BRDF1 UNITY_SPECCUBE_BOX_PROJECTION UNITY_SPECCUBE_BLENDING SHADER_API_MOBILE UNITY_COLORSPACE_GAMMA ok=1
Cmd: disassembleShader
  api=5 insize=0 outsize=57 ok=1
Cmd: compileSnippet
  api=18 type=1 insize=943 outsize=0 kw=POINT_COOKIE FOG_EXP2 _NORMALMAP _SPECGLOSSMAP pd=UNITY_NO_DXT5nm UNITY_NO_RGBM UNITY_ENABLE_REFLECTION_BUFFERS UNITY_PBS_USE_BRDF1 UNITY_SPECCUBE_BOX_PROJECTION UNITY_SPECCUBE_BLENDING SHADER_API_MOBILE UNITY_COLORSPACE_GAMMA ok=1
Cmd: disassembleShader
  api=25 insize=0 outsize=1 ok=1
Cmd: compileSnippet
  api=4 type=1 insize=943 outsize=3482 kw=DIRECTIONAL_COOKIE FOG_EXP2 _NORMALMAP _SPECGLOSSMAP pd=UNITY_ENABLE_REFLECTION_BUFFERS UNITY_PBS_USE_BRDF1 UNITY_SPECCUBE_BOX_PROJECTION UNITY_SPECCUBE_BLENDING UNITY_COLORSPACE_GAMMA ok=1
Cmd: disassembleShader
  api=17 insize=3482 outsize=5119 ok=1
Cmd: compileSnippet
  api=14 type=0 insize=724 outsize=3174 kw=SHADOWS_DEPTH pd=UNITY_ENABLE_REFLECTION_BUFFERS UNITY_PBS_USE_BRDF1 UNITY_SPECCUBE_BOX_PROJECTION UNITY_SPECCUBE_BLENDING UNITY_COLORSPACE_GAMMA ok=1
Cmd: disassembleShader
  api=23 insize=3174 outsize=3158 ok=1
Cmd: compileSnippet
  api=5 type=1 insize=724 outsize=0 kw=SHADOWS_DEPTH pd=UNITY_NO_DXT5nm UNITY_NO_RGBM UNITY_ENABLE_REFLECTION_BUFFERS UNITY_FRAMEBUFFER_FETCH_AVAILABLE UNITY_PBS_USE_BRDF1 UNITY_SPECCUBE_BOX_PROJECTION UNITY_SPECCUBE_BLENDING SHADER_API_MOBILE UNITY_COLORSPACE_GAMMA ok=1
Cmd: disassembleShader
  api=5 insize=0 outsize=57 ok=1
Cmd: compileSnippet
  api=14 type=1 insize=724 outsize=781 kw=SHADOWS_CUBE pd=UNITY_ENABLE_REFLECTION_BUFFERS UNITY_PBS_USE_BRDF1 UNITY_SPECCUBE_BOX_PROJECTION UNITY_SPECCUBE_BLENDING UNITY_COLORSPACE_GAMMA ok=1
Cmd: disassembleShader
  api=24 insize=781 outsize=765 ok=1
Cmd: compileSnippet
  api=1 type=1 insize=724 outsize=276 kw=SHADOWS_CUBE _SPECGLOSSMAP pd=UNITY_ENABLE_REFLECTION_BUFFERS UNITY_PBS_USE_BRDF1 UNITY_SPECCUBE_BOX_PROJECTION UNITY_SPECCUBE_BLENDING UNITY_COLORSPACE_GAMMA ok=1
Cmd: disassembleShader
  api=12 insize=276 outsize=516 ok=1
Cmd: compileSnippet
  api=18 type=0 insize=1148 outsize=4165 kw= pd=UNITY_NO_DXT5nm UNITY_NO_RGBM UNITY_ENABLE_REFLECTION_BUFFERS UNITY_PBS_USE_BRDF1 UNITY_SPECCUBE_BOX_PROJECTION UNITY_SPECCUBE_BLENDING SHADER_API_MOBILE UNITY_COLORSPACE_GAMMA ok=1
Cmd: disassembleShader
  api=25 insize=4165 outsize=44223 ok=1
Cmd: compileSnippet
  api=5 type=0 insize=1148 outsize=6905 kw=DIRLIGHTMAP_SEPARATE _EMISSION _SPECGLOSSMAP pd=UNITY_NO_DXT5nm UNITY_NO_RGBM UNITY_ENABLE_REFLECTION_BUFFERS UNITY_FRAMEBUFFER_FETCH_AVAILABLE UNITY_PBS_USE_BRDF1 UNITY_SPECCUBE_BOX_PROJECTION UNITY_SPECCUBE_BLENDING SHADER_API_MOBILE UNITY_COLORSPACE_GAMMA ok=1
Cmd: disassembleShader
  api=5 insize=6905 outsize=6905 ok=1
Cmd: compileSnippet
  api=4 type=0 insize=1148 outsize=2054 kw=_EMISSION UNITY_HDR_ON _NORMALMAP _SPECGLOSSMAP pd=UNITY_ENABLE_REFLECTION_BUFFERS UNITY_PBS_USE_BRDF1 UNITY_SPECCUBE_BOX_PROJECTION UNITY_SPECCUBE_BLENDING UNITY_COLORSPACE_GAMMA ok=1
Cmd: disassembleShader
  api=15 insize=2054 outsize=3510 ok=1
Cmd: compileSnippet
  api=4 type=0 insize=1148 outsize=2054 kw=DIRLIGHTMAP_COMBINED UNITY_HDR_ON _NORMALMAP _SPECGLOSSMAP pd=UNITY_ENABLE_REFLECTION_BUFFERS UNITY_PBS_USE_BRDF1 UNITY_SPECCUBE_BOX_PROJECTION UNITY_SPECCUBE_BLENDING UNITY_COLORSPACE_GAMMA ok=1
Cmd: disassembleShader
  api=15 insize=2054 outsize=3510 ok=1
Cmd: compileSnippet
  api=4 type=0 insize=1148 outsize=2054 kw=DIRLIGHTMAP_COMBINED _EMISSION UNITY_HDR_ON _NORMALMAP _SPECGLOSSMAP pd=UNITY_ENABLE_REFLECTION_BUFFERS UNITY_PBS_USE_BRDF1 UNITY_SPECCUBE_BOX_PROJECTION UNITY_SPECCUBE_BLENDING UNITY_COLORSPACE_GAMMA ok=1
Cmd: disassembleShader
  api=15 insize=2054 outsize=3510 ok=1
Cmd: compileSnippet
  api=15 type=0 insize=1148 outsize=7811 kw=DIRLIGHTMAP_SEPARATE _EMISSION UNITY_HDR_ON _SPECGLOSSMAP pd=UNITY_ENABLE_REFLECTION_BUFFERS UNITY_PBS_USE_BRDF1 UNITY_SPECCUBE_BOX_PROJECTION UNITY_SPECCUBE_BLENDING UNITY_COLORSPACE_GAMMA ok=1
Cmd: disassembleShader
  api=6 insize=7811 outsize=7811 ok=1
Cmd: compileSnippet
  api=9 type=1 insize=1148 outsize=0 kw= pd=UNITY_NO_DXT5nm UNITY_NO_RGBM UNITY_ENABLE_REFLECTION_BUFFERS UNITY_FRAMEBUFFER_FETCH_AVAILABLE UNITY_PBS_USE_BRDF1 UNITY_SPECCUBE_BOX_PROJECTION UNITY_SPECCUBE_BLENDING SHADER_API_MOBILE UNITY_COLORSPACE_GAMMA ok=1
Cmd: disassembleShader
  api=4 insize=0 outsize=57 ok=1
Cmd: compileSnippet
  api=15 type=1 insize=1148 outsize=0 kw=_SPECGLOSSMAP pd=UNITY_ENABLE_REFLECTION_BUFFERS UNITY_PBS_USE_BRDF1 UNITY_SPECCUBE_BOX_PROJECTION UNITY_SPECCUBE_BLENDING UNITY_COLORSPACE_GAMMA ok=1
Cmd: disassembleShader
  api=6 insize=0 outsize=57 ok=1
Cmd: compileSnippet
  api=5 type=1 insize=1148 outsize=0 kw=_EMISSION _SPECGLOSSMAP pd=UNITY_NO_DXT5nm UNITY_NO_RGBM UNITY_ENABLE_REFLECTION_BUFFERS UNITY_FRAMEBUFFER_FETCH_AVAILABLE UNITY_PBS_USE_BRDF1 UNITY_SPECCUBE_BOX_PROJECTION UNITY_SPECCUBE_BLENDING SHADER_API_MOBILE UNITY_COLORSPACE_GAMMA ok=1
Cmd: disassembleShader
  api=5 insize=0 outsize=57 ok=1
Cmd: compileSnippet
  api=15 type=1 insize=1148 outsize=0 kw=_EMISSION _SPECGLOSSMAP pd=UNITY_ENABLE_REFLECTION_BUFFERS UNITY_PBS_USE_BRDF1 UNITY_SPECCUBE_BOX_PROJECTION UNITY_SPECCUBE_BLENDING UNITY_COLORSPACE_GAMMA ok=1
Cmd: disassembleShader
  api=6 insize=0 outsize=57 ok=1
Cmd: compileSnippet
  api=1 type=1 insize=1148 outsize=1440 kw=_NORMALMAP _SPECGLOSSMAP pd=UNITY_ENABLE_REFLECTION_BUFFERS UNITY_PBS_USE_BRDF1 UNITY_SPECCUBE_BOX_PROJECTION UNITY_SPECCUBE_BLENDING UNITY_COLORSPACE_GAMMA ok=1
Cmd: disassembleShader
  api=12 insize=1440 outsize=2466 ok=1
Cmd: compileSnippet
  api=4 type=1 insize=1148 outsize=2886 kw=DIRLIGHTMAP_COMBINED _NORMALMAP _SPECGLOSSMAP pd=UNITY_ENABLE_REFLECTION_BUFFERS UNITY_PBS_USE_BRDF1 UNITY_SPECCUBE_BOX_PROJECTION UNITY_SPECCUBE_BLENDING UNITY_COLORSPACE_GAMMA ok=1
Cmd: disassembleShader
  api=17 insize=2886 outsize=5073 ok=1
Cmd: compileSnippet
  api=4 type=1 insize=1148 outsize=2966 kw=_EMISSION UNITY_HDR_ON _NORMALMAP _SPECGLOSSMAP pd=UNITY_ENABLE_REFLECTION_BUFFERS UNITY_PBS_USE_BRDF1 UNITY_SPECCUBE_BOX_PROJECTION UNITY_SPECCUBE_BLENDING UNITY_COLORSPACE_GAMMA ok=1
Cmd: disassembleShader
  api=17 insize=2966 outsize=5231 ok=1
Cmd: compileSnippet
  api=15 type=1 insize=1148 outsize=0 kw=DIRLIGHTMAP_SEPARATE _EMISSION UNITY_HDR_ON _NORMALMAP _SPECGLOSSMAP pd=UNITY_ENABLE_REFLECTION_BUFFERS UNITY_PBS_USE_BRDF1 UNITY_SPECCUBE_BOX_PROJECTION UNITY_SPECCUBE_BLENDING UNITY_COLORSPACE_GAMMA ok=1
Cmd: disassembleShader
  api=6 insize=0 outsize=57 ok=1
Cmd: compileSnippet
  api=18 type=0 insize=1099 outsize=5716 kw=DIRECTIONAL pd=UNITY_NO_DXT5nm UNITY_NO_RGBM UNITY_ENABLE_REFLECTION_BUFFERS UNITY_PBS_USE_BRDF1 UNITY_SPECCUBE_BOX_PROJECTION UNITY_SPECCUBE_BLENDING SHADER_API_MOBILE UNITY_COLORSPACE_GAMMA ok=1
Cmd: disassembleShader
  api=25 insize=5716 outsize=62050 ok=1
Cmd: compileSnippet
  api=5 type=0 insize=1099 outsize=6989 kw=DIRECTIONAL _SPECGLOSSMAP pd=UNITY_NO_DXT5nm UNITY_NO_RGBM UNITY_ENABLE_REFLECTION_BUFFERS UNITY_FRAMEBUFFER_FETCH_AVAILABLE UNITY_PBS_USE_BRDF1 UNITY_SPECCUBE_BOX_PROJECTION UNITY_SPECCUBE_BLENDING SHADER_API_MOBILE UNITY_COLORSPACE_GAMMA ok=1
Cmd: disassembleShader
  api=5 insize=6989 outsize=6989 ok=1
Cmd: compileSnippet
  api=5 type=0 insize=1099 outsize=7159 kw=DIRECTIONAL _EMISSION _SPECGLOSSMAP pd=UNITY_NO_DXT5nm UNITY_NO_RGBM UNITY_ENABLE_REFLECTION_BUFFERS UNITY_FRAMEBUFFER_FETCH_AVAILABLE UNITY_PBS_USE_BRDF1 UNITY_SPECCUBE_BOX_PROJECTION UNITY_SPECCUBE_BLENDING SHADER_API_MOBILE UNITY_COLORSPACE_GAMMA ok=1
Cmd: disassembleShader
  api=5 insize=7159 outsize=7159 ok=1
Cmd: compileSnippet
  api=5 type=0 insize=1099 outsize=9391 kw=DIRECTIONAL FOG_EXP2 _EMISSION VERTEXLIGHT_ON _SPECGLOSSMAP pd=UNITY_NO_DXT5nm UNITY_NO_RGBM UNITY_ENABLE_REFLECTION_BUFFERS UNITY_FRAMEBUFFER_FETCH_AVAILABLE UNITY_PBS_USE_BRDF1 UNITY_SPECCUBE_BOX_PROJECTION UNITY_SPECCUBE_BLENDING SHADER_API_MOBILE UNITY_COLORSPACE_GAMMA ok=1
Cmd: disassembleShader
  api=5 insize=9391 outsize=9391 ok=1
Cmd: compileSnippet
  api=5 type=0 insize=1099 outsize=9131 kw=DIRECTIONAL _EMISSION _NORMALMAP _SPECGLOSSMAP pd=UNITY_NO_DXT5nm UNITY_NO_RGBM UNITY_ENABLE_REFLECTION_BUFFERS UNITY_FRAMEBUFFER_FETCH_AVAILABLE UNITY_PBS_USE_BRDF1 UNITY_SPECCUBE_BOX_PROJECTION UNITY_SPECCUBE_BLENDING SHADER_API_MOBILE UNITY_COLORSPACE_GAMMA ok=1
Cmd: disassembleShader
  api=5 insize=9131 outsize=9131 ok=1
Cmd: compileSnippet
  api=4 type=1 insize=1099 outsize=1942 kw=DIRECTIONAL pd=UNITY_ENABLE_REFLECTION_BUFFERS UNITY_PBS_USE_BRDF1 UNITY_SPECCUBE_BOX_PROJECTION UNITY_SPECCUBE_BLENDING UNITY_COLORSPACE_GAMMA ok=1
Cmd: disassembleShader
  api=17 insize=1942 outsize=3350 ok=1
Cmd: compileSnippet
  api=15 type=1 insize=1099 outsize=0 kw=DIRECTIONAL FOG_EXP2 pd=UNITY_ENABLE_REFLECTION_BUFFERS UNITY_PBS_USE_BRDF1 UNITY_SPECCUBE_BOX_PROJECTION UNITY_SPECCUBE_BLENDING UNITY_COLORSPACE_GAMMA ok=1
Cmd: disassembleShader
  api=6 insize=0 outsize=57 ok=1
Cmd: compileSnippet
  api=9 type=1 insize=1099 outsize=0 kw=DIRECTIONAL SHADOWS_SCREEN FOG_EXP2 pd=UNITY_NO_DXT5nm UNITY_NO_RGBM UNITY_ENABLE_REFLECTION_BUFFERS UNITY_FRAMEBUFFER_FETCH_AVAILABLE UNITY_PBS_USE_BRDF1 UNITY_SPECCUBE_BOX_PROJECTION UNITY_SPECCUBE_BLENDING SHADER_API_MOBILE UNITY_COLORSPACE_GAMMA ok=1
Cmd: disassembleShader
  api=4 insize=0 outsize=57 ok=1
Cmd: compileSnippet
  api=8 type=1 insize=1099 outsize=3010 kw=DIRECTIONAL _SPECGLOSSMAP pd=UNITY_NO_SCREENSPACE_SHADOWS UNITY_ENABLE_REFLECTION_BUFFERS UNITY_PBS_USE_BRDF1 UNITY_SPECCUBE_BOX_PROJECTION UNITY_SPECCUBE_BLENDING SHADER_API_MOBILE UNITY_COLORSPACE_GAMMA ok=1
Cmd: disassembleShader
  api=14 insize=3010 outsize=6235 ok=1
Cmd: compileSnippet
  api=14 type=1 insize=1099 outsize=5358 kw=DIRECTIONAL _NORMALMAP _SPECGLOSSMAP pd=UNITY_ENABLE_REFLECTION_BUFFERS UNITY_PBS_USE_BRDF1 UNITY_SPECCUBE_BOX_PROJECTION UNITY_SPECCUBE_BLENDING UNITY_COLORSPACE_GAMMA ok=1
Cmd: disassembleShader
  api=24 insize=5358 outsize=5342 ok=1
Cmd: compileSnippet
  api=9 type=0 insize=958 outsize=5683 kw=POINT pd=UNITY_NO_DXT5nm UNITY_NO_RGBM UNITY_ENABLE_REFLECTION_BUFFERS UNITY_FRAMEBUFFER_FETCH_AVAILABLE UNITY_PBS_USE_BRDF1 UNITY_SPECCUBE_BOX_PROJECTION UNITY_SPECCUBE_BLENDING SHADER_API_MOBILE UNITY_COLORSPACE_GAMMA ok=1
Cmd: disassembleShader
  api=4 insize=5683 outsize=5683 ok=1
Cmd: compileSnippet
  api=8 type=0 insize=958 outsize=2966 kw=POINT FOG_EXP2 pd=UNITY_NO_SCREENSPACE_SHADOWS UNITY_ENABLE_REFLECTION_BUFFERS UNITY_PBS_USE_BRDF1 UNITY_SPECCUBE_BOX_PROJECTION UNITY_SPECCUBE_BLENDING SHADER_API_MOBILE UNITY_COLORSPACE_GAMMA ok=1
Cmd: disassembleShader
  api=13 insize=2966 outsize=5980 ok=1
Cmd: compileSnippet
  api=1 type=0 insize=958 outsize=1256 kw=DIRECTIONAL SHADOWS_SCREEN FOG_EXP2 pd=UNITY_ENABLE_REFLECTION_BUFFERS UNITY_PBS_USE_BRDF1 UNITY_SPECCUBE_BOX_PROJECTION UNITY_SPECCUBE_BLENDING UNITY_COLORSPACE_GAMMA ok=1
Cmd: disassembleShader
  api=9 insize=1256 outsize=2033 ok=1
Cmd: compileSnippet
  api=8 type=0 insize=958 outsize=2754 kw=POINT _SPECGLOSSMAP pd=UNITY_NO_SCREENSPACE_SHADOWS UNITY_ENABLE_REFLECTION_BUFFERS UNITY_PBS_USE_BRDF1 UNITY_SPECCUBE_BOX_PROJECTION UNITY_SPECCUBE_BLENDING SHADER_API_MOBILE UNITY_COLORSPACE_GAMMA ok=1
Cmd: disassembleShader
  api=13 insize=2754 outsize=5576 ok=1
Cmd: compileSnippet
  api=15 type=0 insize=958 outsize=4852 kw=DIRECTIONAL SHADOWS_SCREEN _SPECGLOSSMAP pd=UNITY_ENABLE_REFLECTION_BUFFERS UNITY_PBS_USE_BRDF1 UNITY_SPECCUBE_BOX_PROJECTION UNITY_SPECCUBE_BLENDING UNITY_COLORSPACE_GAMMA ok=1
Cmd: disassembleShader
  api=6 insize=4852 outsize=4852 ok=1
Cmd: compileSnippet
  api=5 type=0 insize=958 outsize=5239 kw=POINT_COOKIE FOG_EXP2 _SPECGLOSSMAP pd=UNITY_NO_DXT5nm UNITY_NO_RGBM UNITY_ENABLE_REFLECTION_BUFFERS UNITY_FRAMEBUFFER_FETCH_AVAILABLE UNITY_PBS_USE_BRDF1 UNITY_SPECCUBE_BOX_PROJECTION UNITY_SPECCUBE_BLENDING SHADER_API_MOBILE UNITY_COLORSPACE_GAMMA ok=1
Cmd: disassembleShader
  api=5 insize=5239 outsize=5239 ok=1
Cmd: compileSnippet
  api=9 type=0 insize=958 outsize=6730 kw=POINT _NORMALMAP _SPECGLOSSMAP pd=UNITY_NO_DXT5nm UNITY_NO_RGBM UNITY_ENABLE_REFLECTION_BUFFERS UNITY_FRAMEBUFFER_FETCH_AVAILABLE UNITY_PBS_USE_BRDF1 UNITY_SPECCUBE_BOX_PROJECTION UNITY_SPECCUBE_BLENDING SHADER_API_MOBILE UNITY_COLORSPACE_GAMMA ok=1
Cmd: disassembleShader
  api=4 insize=6730 outsize=6730 ok=1
Cmd: compileSnippet
  api=1 type=0 insize=958 outsize=1404 kw=POINT_COOKIE FOG_EXP2 _NORMALMAP _SPECGLOSSMAP pd=UNITY_ENABLE_REFLECTION_BUFFERS UNITY_PBS_USE_BRDF1 UNITY_SPECCUBE_BOX_PROJECTION UNITY_SPECCUBE_BLENDING UNITY_COLORSPACE_GAMMA ok=1
Cmd: disassembleShader
  api=9 insize=1404 outsize=2442 ok=1
Cmd: compileSnippet
  api=4 type=0 insize=958 outsize=2734 kw=SPOT SHADOWS_DEPTH FOG_EXP2 _NORMALMAP _SPECGLOSSMAP pd=UNITY_ENABLE_REFLECTION_BUFFERS UNITY_PBS_USE_BRDF1 UNITY_SPECCUBE_BOX_PROJECTION UNITY_SPECCUBE_BLENDING UNITY_COLORSPACE_GAMMA ok=1
Cmd: disassembleShader
  api=15 insize=2734 outsize=4436 ok=1
Cmd: compileSnippet
  api=8 type=1 insize=958 outsize=1966 kw=POINT pd=UNITY_NO_SCREENSPACE_SHADOWS UNITY_ENABLE_REFLECTION_BUFFERS UNITY_PBS_USE_BRDF1 UNITY_SPECCUBE_BOX_PROJECTION UNITY_SPECCUBE_BLENDING SHADER_API_MOBILE UNITY_COLORSPACE_GAMMA ok=1
Cmd: disassembleShader
  api=14 insize=1966 outsize=4366 ok=1
Cmd: compileSnippet
  api=18 type=1 insize=958 outsize=0 kw=SPOT pd=UNITY_NO_DXT5nm UNITY_NO_RGBM UNITY_ENABLE_REFLECTION_BUFFERS UNITY_PBS_USE_BRDF1 UNITY_SPECCUBE_BOX_PROJECTION UNITY_SPECCUBE_BLENDING SHADER_API_MOBILE UNITY_COLORSPACE_GAMMA ok=1
Cmd: disassembleShader
  api=25 insize=0 outsize=1 ok=1
Cmd: compileSnippet
  api=15 type=1 insize=958 outsize=0 kw=POINT_COOKIE pd=UNITY_ENABLE_REFLECTION_BUFFERS UNITY_PBS_USE_BRDF1 UNITY_SPECCUBE_BOX_PROJECTION UNITY_SPECCUBE_BLENDING UNITY_COLORSPACE_GAMMA ok=1
Cmd: disassembleShader
  api=6 insize=0 outsize=57 ok=1
Cmd: compileSnippet
  api=9 type=1 insize=958 outsize=0 kw=DIRECTIONAL_COOKIE pd=UNITY_NO_DXT5nm UNITY_NO_RGBM UNITY_ENABLE_REFLECTION_BUFFERS UNITY_FRAMEBUFFER_FETCH_AVAILABLE UNITY_PBS_USE_BRDF1 UNITY_SPECCUBE_BOX_PROJECTION UNITY_SPECCUBE_BLENDING SHADER_API_MOBILE UNITY_COLORSPACE_GAMMA ok=1
Cmd: disassembleShader
  api=4 insize=0 outsize=57 ok=1
Cmd: compileSnippet
  api=5 type=1 insize=958 outsize=0 kw=SPOT SHADOWS_DEPTH pd=UNITY_NO_DXT5nm UNITY_NO_RGBM UNITY_ENABLE_REFLECTION_BUFFERS UNITY_FRAMEBUFFER_FETCH_AVAILABLE UNITY_PBS_USE_BRDF1 UNITY_SPECCUBE_BOX_PROJECTION UNITY_SPECCUBE_BLENDING SHADER_API_MOBILE UNITY_COLORSPACE_GAMMA ok=1
Cmd: disassembleShader
  api=5 insize=0 outsize=57 ok=1
Cmd: compileSnippet
  api=1 type=1 insize=958 outsize=936 kw=DIRECTIONAL SHADOWS_SCREEN pd=UNITY_ENABLE_REFLECTION_BUFFERS UNITY_PBS_USE_BRDF1 UNITY_SPECCUBE_BOX_PROJECTION UNITY_SPECCUBE_BLENDING UNITY_COLORSPACE_GAMMA ok=1
Cmd: disassembleShader
  api=11 insize=936 outsize=1527 ok=1
Cmd: compileSnippet
  api=1 type=1 insize=958 outsize=1000 kw=POINT FOG_EXP2 pd=UNITY_ENABLE_REFLECTION_BUFFERS UNITY_PBS_USE_BRDF1 UNITY_SPECCUBE_BOX_PROJECTION UNITY_SPECCUBE_BLENDING UNITY_COLORSPACE_GAMMA ok=1
Cmd: disassembleShader
  api=11 insize=1000 outsize=1632 ok=1
Cmd: compileSnippet
  api=1 type=1 insize=958 outsize=1096 kw=POINT_COOKIE FOG_EXP2 pd=UNITY_ENABLE_REFLECTION_BUFFERS UNITY_PBS_USE_BRDF1 UNITY_SPECCUBE_BOX_PROJECTION UNITY_SPECCUBE_BLENDING UNITY_COLORSPACE_GAMMA ok=1
Cmd: disassembleShader
  api=11 insize=1096 outsize=1763 ok=1
Cmd: compileSnippet
  api=15 type=1 insize=958 outsize=0 kw=DIRECTIONAL_COOKIE FOG_EXP2 pd=UNITY_ENABLE_REFLECTION_BUFFERS UNITY_PBS_USE_BRDF1 UNITY_SPECCUBE_BOX_PROJECTION UNITY_SPECCUBE_BLENDING UNITY_COLORSPACE_GAMMA ok=1
Cmd: disassembleShader
  api=6 insize=0 outsize=57 ok=1
Cmd: compileSnippet
  api=5 type=1 insize=958 outsize=0 kw=SPOT SHADOWS_DEPTH FOG_EXP2 pd=UNITY_NO_DXT5nm UNITY_NO_RGBM UNITY_ENABLE_REFLECTION_BUFFERS UNITY_FRAMEBUFFER_FETCH_AVAILABLE UNITY_PBS_USE_BRDF1 UNITY_SPECCUBE_BOX_PROJECTION UNITY_SPECCUBE_BLENDING SHADER_API_MOBILE UNITY_COLORSPACE_GAMMA ok=1
Cmd: disassembleShader
  api=5 insize=0 outsize=57 ok=1
Cmd: compileSnippet
  api=1 type=1 insize=958 outsize=976 kw=DIRECTIONAL SHADOWS_SCREEN FOG_EXP2 pd=UNITY_ENABLE_REFLECTION_BUFFERS UNITY_PBS_USE_BRDF1 UNITY_SPECCUBE_BOX_PROJECTION UNITY_SPECCUBE_BLENDING UNITY_COLORSPACE_GAMMA ok=1
Cmd: disassembleShader
  api=11 insize=976 outsize=1591 ok=1
Cmd: compileSnippet
  api=15 type=1 insize=958 outsize=0 kw=POINT SHADOWS_CUBE FOG_EXP2 pd=UNITY_ENABLE_REFLECTION_BUFFERS UNITY_PBS_USE_BRDF1 UNITY_SPECCUBE_BOX_PROJECTION UNITY_SPECCUBE_BLENDING UNITY_COLORSPACE_GAMMA ok=1
Cmd: disassembleShader
  api=6 insize=0 outsize=57 ok=1
Cmd: compileSnippet
  api=14 type=1 insize=958 outsize=4198 kw=POINT_COOKIE SHADOWS_CUBE FOG_EXP2 pd=UNITY_ENABLE_REFLECTION_BUFFERS UNITY_PBS_USE_BRDF1 UNITY_SPECCUBE_BOX_PROJECTION UNITY_SPECCUBE_BLENDING UNITY_COLORSPACE_GAMMA ok=1
Cmd: disassembleShader
  api=24 insize=4198 outsize=4182 ok=1
Cmd: compileSnippet
  api=1 type=1 insize=958 outsize=1100 kw=DIRECTIONAL_COOKIE SHADOWS_SCREEN _SPECGLOSSMAP pd=UNITY_ENABLE_REFLECTION_BUFFERS UNITY_PBS_USE_BRDF1 UNITY_SPECCUBE_BOX_PROJECTION UNITY_SPECCUBE_BLENDING UNITY_COLORSPACE_GAMMA ok=1
Cmd: disassembleShader
  api=11 insize=1100 outsize=1718 ok=1
Cmd: compileSnippet
  api=9 type=1 insize=958 outsize=0 kw=POINT_COOKIE SHADOWS_CUBE _SPECGLOSSMAP pd=UNITY_NO_DXT5nm UNITY_NO_RGBM UNITY_ENABLE_REFLECTION_BUFFERS UNITY_FRAMEBUFFER_FETCH_AVAILABLE UNITY_PBS_USE_BRDF1 UNITY_SPECCUBE_BOX_PROJECTION UNITY_SPECCUBE_BLENDING SHADER_API_MOBILE UNITY_COLORSPACE_GAMMA ok=1
Cmd: disassembleShader
  api=4 insize=0 outsize=57 ok=1
Cmd: compileSnippet
  api=5 type=1 insize=958 outsize=0 kw=POINT FOG_EXP2 _SPECGLOSSMAP pd=UNITY_NO_DXT5nm UNITY_NO_RGBM UNITY_ENABLE_REFLECTION_BUFFERS UNITY_FRAMEBUFFER_FETCH_AVAILABLE UNITY_PBS_USE_BRDF1 UNITY_SPECCUBE_BOX_PROJECTION UNITY_SPECCUBE_BLENDING SHADER_API_MOBILE UNITY_COLORSPACE_GAMMA ok=1
Cmd: disassembleShader
  api=5 insize=0 outsize=57 ok=1
Cmd: compileSnippet
  api=4 type=1 insize=958 outsize=1310 kw=DIRECTIONAL FOG_EXP2 _SPECGLOSSMAP pd=UNITY_ENABLE_REFLECTION_BUFFERS UNITY_PBS_USE_BRDF1 UNITY_SPECCUBE_BOX_PROJECTION UNITY_SPECCUBE_BLENDING UNITY_COLORSPACE_GAMMA ok=1
Cmd: disassembleShader
  api=17 insize=1310 outsize=2497 ok=1
Cmd: compileSnippet
  api=1 type=1 insize=958 outsize=1456 kw=POINT_COOKIE SHADOWS_CUBE FOG_EXP2 _SPECGLOSSMAP pd=UNITY_ENABLE_REFLECTION_BUFFERS UNITY_PBS_USE_BRDF1 UNITY_SPECCUBE_BOX_PROJECTION UNITY_SPECCUBE_BLENDING UNITY_COLORSPACE_GAMMA ok=1
Cmd: disassembleShader
  api=11 insize=1456 outsize=2265 ok=1
Cmd: compileSnippet
  api=14 type=1 insize=958 outsize=4270 kw=SPOT _NORMALMAP _SPECGLOSSMAP pd=UNITY_ENABLE_REFLECTION_BUFFERS UNITY_PBS_USE_BRDF1 UNITY_SPECCUBE_BOX_PROJECTION UNITY_SPECCUBE_BLENDING UNITY_COLORSPACE_GAMMA ok=1
Cmd: disassembleShader
  api=24 insize=4270 outsize=4254 ok=1
Cmd: compileSnippet
  api=15 type=1 insize=958 outsize=0 kw=DIRECTIONAL_COOKIE SHADOWS_SCREEN _NORMALMAP _SPECGLOSSMAP pd=UNITY_ENABLE_REFLECTION_BUFFERS UNITY_PBS_USE_BRDF1 UNITY_SPECCUBE_BOX_PROJECTION UNITY_SPECCUBE_BLENDING UNITY_COLORSPACE_GAMMA ok=1
Cmd: disassembleShader
  api=6 insize=0 outsize=57 ok=1
Cmd: compileSnippet
  api=5 type=1 insize=958 outsize=0 kw=POINT SHADOWS_CUBE _NORMALMAP _SPECGLOSSMAP pd=UNITY_NO_DXT5nm UNITY_NO_RGBM UNITY_ENABLE_REFLECTION_BUFFERS UNITY_FRAMEBUFFER_FETCH_AVAILABLE UNITY_PBS_USE_BRDF1 UNITY_SPECCUBE_BOX_PROJECTION UNITY_SPECCUBE_BLENDING SHADER_API_MOBILE UNITY_COLORSPACE_GAMMA ok=1
Cmd: disassembleShader
  api=5 insize=0 outsize=57 ok=1
Cmd: compileSnippet
  api=1 type=1 insize=958 outsize=1660 kw=POINT_COOKIE SHADOWS_CUBE _NORMALMAP _SPECGLOSSMAP pd=UNITY_ENABLE_REFLECTION_BUFFERS UNITY_PBS_USE_BRDF1 UNITY_SPECCUBE_BOX_PROJECTION UNITY_SPECCUBE_BLENDING UNITY_COLORSPACE_GAMMA ok=1
Cmd: disassembleShader
  api=11 insize=1660 outsize=2572 ok=1
Cmd: compileSnippet
  api=18 type=1 insize=958 outsize=0 kw=SPOT FOG_EXP2 _NORMALMAP _SPECGLOSSMAP pd=UNITY_NO_DXT5nm UNITY_NO_RGBM UNITY_ENABLE_REFLECTION_BUFFERS UNITY_PBS_USE_BRDF1 UNITY_SPECCUBE_BOX_PROJECTION UNITY_SPECCUBE_BLENDING SHADER_API_MOBILE UNITY_COLORSPACE_GAMMA ok=1
Cmd: disassembleShader
  api=25 insize=0 outsize=1 ok=1
Cmd: compileSnippet
  api=15 type=1 insize=958 outsize=0 kw=POINT_COOKIE FOG_EXP2 _NORMALMAP _SPECGLOSSMAP pd=UNITY_ENABLE_REFLECTION_BUFFERS UNITY_PBS_USE_BRDF1 UNITY_SPECCUBE_BOX_PROJECTION UNITY_SPECCUBE_BLENDING UNITY_COLORSPACE_GAMMA ok=1
Cmd: disassembleShader
  api=6 insize=0 outsize=57 ok=1
Cmd: compileSnippet
  api=8 type=1 insize=958 outsize=2590 kw=DIRECTIONAL_COOKIE FOG_EXP2 _NORMALMAP _SPECGLOSSMAP pd=UNITY_NO_SCREENSPACE_SHADOWS UNITY_ENABLE_REFLECTION_BUFFERS UNITY_PBS_USE_BRDF1 UNITY_SPECCUBE_BOX_PROJECTION UNITY_SPECCUBE_BLENDING SHADER_API_MOBILE UNITY_COLORSPACE_GAMMA ok=1
Cmd: disassembleShader
  api=14 insize=2590 outsize=5647 ok=1
Cmd: compileSnippet
  api=1 type=0 insize=677 outsize=460 kw=SHADOWS_CUBE pd=UNITY_ENABLE_REFLECTION_BUFFERS UNITY_PBS_USE_BRDF1 UNITY_SPECCUBE_BOX_PROJECTION UNITY_SPECCUBE_BLENDING UNITY_COLORSPACE_GAMMA ok=1
Cmd: disassembleShader
  api=9 insize=460 outsize=769 ok=1
Cmd: compileSnippet
  api=15 type=0 insize=677 outsize=2925 kw=SHADOWS_DEPTH _SPECGLOSSMAP pd=UNITY_ENABLE_REFLECTION_BUFFERS UNITY_PBS_USE_BRDF1 UNITY_SPECCUBE_BOX_PROJECTION UNITY_SPECCUBE_BLENDING UNITY_COLORSPACE_GAMMA ok=1
Cmd: disassembleShader
  api=6 insize=2925 outsize=2925 ok=1
Cmd: compileSnippet
  api=18 type=1 insize=677 outsize=0 kw=SHADOWS_DEPTH pd=UNITY_NO_DXT5nm UNITY_NO_RGBM UNITY_ENABLE_REFLECTION_BUFFERS UNITY_PBS_USE_BRDF1 UNITY_SPECCUBE_BOX_PROJECTION UNITY_SPECCUBE_BLENDING SHADER_API_MOBILE UNITY_COLORSPACE_GAMMA ok=1
Cmd: disassembleShader
  api=25 insize=0 outsize=1 ok=1
Cmd: compileSnippet
  api=18 type=1 insize=677 outsize=0 kw=SHADOWS_CUBE pd=UNITY_NO_DXT5nm UNITY_NO_RGBM UNITY_ENABLE_REFLECTION_BUFFERS UNITY_PBS_USE_BRDF1 UNITY_SPECCUBE_BOX_PROJECTION UNITY_SPECCUBE_BLENDING SHADER_API_MOBILE UNITY_COLORSPACE_GAMMA ok=1
Cmd: disassembleShader
  api=25 insize=0 outsize=1 ok=1
Cmd: compileSnippet
  api=1 type=1 insize=677 outsize=288 kw=SHADOWS_CUBE _SPECGLOSSMAP pd=UNITY_ENABLE_REFLECTION_BUFFERS UNITY_PBS_USE_BRDF1 UNITY_SPECCUBE_BOX_PROJECTION UNITY_SPECCUBE_BLENDING UNITY_COLORSPACE_GAMMA ok=1
Cmd: disassembleShader
  api=11 insize=288 outsize=525 ok=1
Cmd: disassembleShader
  api=23 insize=3600 outsize=3584 ok=1
Cmd: compileSnippet
  api=5 type=0 insize=1019 outsize=13467 kw=DIRECTIONAL SHADOWS_SCREEN pd=UNITY_NO_DXT5nm UNITY_NO_RGBM UNITY_ENABLE_REFLECTION_BUFFERS UNITY_FRAMEBUFFER_FETCH_AVAILABLE UNITY_PBS_USE_BRDF1 UNITY_SPECCUBE_BOX_PROJECTION UNITY_SPECCUBE_BLENDING SHADER_API_MOBILE UNITY_COLORSPACE_GAMMA ok=1
Cmd: disassembleShader
  api=5 insize=13467 outsize=13467 ok=1
Cmd: compileSnippet
  api=4 type=0 insize=1019 outsize=2550 kw=DIRECTIONAL VERTEXLIGHT_ON _SPECGLOSSMAP pd=UNITY_ENABLE_REFLECTION_BUFFERS UNITY_PBS_USE_BRDF1 UNITY_SPECCUBE_BOX_PROJECTION UNITY_SPECCUBE_BLENDING UNITY_COLORSPACE_GAMMA ok=1
Cmd: disassembleShader
  api=15 insize=2550 outsize=4218 ok=1
Cmd: compileSnippet
  api=5 type=0 insize=1019 outsize=13099 kw=DIRECTIONAL _EMISSION _SPECGLOSSMAP pd=UNITY_NO_DXT5nm UNITY_NO_RGBM UNITY_ENABLE_REFLECTION_BUFFERS UNITY_FRAMEBUFFER_FETCH_AVAILABLE UNITY_PBS_USE_BRDF1 UNITY_SPECCUBE_BOX_PROJECTION UNITY_SPECCUBE_BLENDING SHADER_API_MOBILE UNITY_COLORSPACE_GAMMA ok=1
Cmd: disassembleShader
  api=5 insize=13099 outsize=13099 ok=1
Cmd: compileSnippet
  api=15 type=0 insize=1019 outsize=15192 kw=DIRECTIONAL _NORMALMAP _SPECGLOSSMAP pd=UNITY_ENABLE_REFLECTION_BUFFERS UNITY_PBS_USE_BRDF1 UNITY_SPECCUBE_BOX_PROJECTION UNITY_SPECCUBE_BLENDING UNITY_COLORSPACE_GAMMA ok=1
Cmd: disassembleShader
  api=6 insize=15192 outsize=15192 ok=1
Cmd: disassembleShader
  api=12 insize=3764 outsize=6956 ok=1
Cmd: disassembleShader
  api=24 insize=15401 outsize=15385 ok=1
Cmd: compileSnippet
  api=9 type=1 insize=1019 outsize=0 kw=DIRECTIONAL SHADOWS_SCREEN FOG_EXP2 pd=UNITY_NO_DXT5nm UNITY_NO_RGBM UNITY_ENABLE_REFLECTION_BUFFERS UNITY_FRAMEBUFFER_FETCH_AVAILABLE UNITY_PBS_USE_BRDF1 UNITY_SPECCUBE_BOX_PROJECTION UNITY_SPECCUBE_BLENDING SHADER_API_MOBILE UNITY_COLORSPACE_GAMMA ok=1
Cmd: disassembleShader
  api=4 insize=0 outsize=57 ok=1
Cmd: compileSnippet
  api=9 type=1 insize=1019 outsize=0 kw=DIRECTIONAL _SPECGLOSSMAP pd=UNITY_NO_DXT5nm UNITY_NO_RGBM UNITY_ENABLE_REFLECTION_BUFFERS UNITY_FRAMEBUFFER_FETCH_AVAILABLE UNITY_PBS_USE_BRDF1 UNITY_SPECCUBE_BOX_PROJECTION UNITY_SPECCUBE_BLENDING SHADER_API_MOBILE UNITY_COLORSPACE_GAMMA ok=1
Cmd: disassembleShader
  api=4 insize=0 outsize=57 ok=1
Cmd: compileSnippet
  api=1 type=1 insize=1019 outsize=3824 kw=DIRECTIONAL SHADOWS_SCREEN _SPECGLOSSMAP pd=UNITY_ENABLE_REFLECTION_BUFFERS UNITY_PBS_USE_BRDF1 UNITY_SPECCUBE_BOX_PROJECTION UNITY_SPECCUBE_BLENDING UNITY_COLORSPACE_GAMMA ok=1
Cmd: disassembleShader
  api=12 insize=3824 outsize=6978 ok=1
Cmd: disassembleShader
  api=5 insize=6233 outsize=6233 ok=1
Cmd: compileSnippet
  api=4 type=0 insize=943 outsize=1378 kw=DIRECTIONAL pd=UNITY_ENABLE_REFLECTION_BUFFERS UNITY_PBS_USE_BRDF1 UNITY_SPECCUBE_BOX_PROJECTION UNITY_SPECCUBE_BLENDING UNITY_COLORSPACE_GAMMA ok=1
Cmd: disassembleShader
  api=15 insize=1378 outsize=2579 ok=1
Cmd: disassembleShader
  api=6 insize=6684 outsize=6684 ok=1
Cmd: compileSnippet
  api=1 type=0 insize=943 outsize=1312 kw=DIRECTIONAL_COOKIE SHADOWS_SCREEN pd=UNITY_ENABLE_REFLECTION_BUFFERS UNITY_PBS_USE_BRDF1 UNITY_SPECCUBE_BOX_PROJECTION UNITY_SPECCUBE_BLENDING UNITY_COLORSPACE_GAMMA ok=1
Cmd: disassembleShader
  api=10 insize=1312 outsize=2130 ok=1
Cmd: compileSnippet
  api=1 type=0 insize=943 outsize=1236 kw=POINT SHADOWS_CUBE SHADOWS_SOFT pd=UNITY_ENABLE_REFLECTION_BUFFERS UNITY_PBS_USE_BRDF1 UNITY_SPECCUBE_BOX_PROJECTION UNITY_SPECCUBE_BLENDING UNITY_COLORSPACE_GAMMA ok=1
Cmd: disassembleShader
  api=10 insize=1236 outsize=2038 ok=1
Cmd: compileSnippet
  api=1 type=0 insize=943 outsize=1108 kw=DIRECTIONAL FOG_EXP2 pd=UNITY_ENABLE_REFLECTION_BUFFERS UNITY_PBS_USE_BRDF1 UNITY_SPECCUBE_BOX_PROJECTION UNITY_SPECCUBE_BLENDING UNITY_COLORSPACE_GAMMA ok=1
Cmd: disassembleShader
  api=10 insize=1108 outsize=1815 ok=1
Cmd: compileSnippet
  api=14 type=0 insize=943 outsize=4345 kw=SPOT SHADOWS_DEPTH FOG_EXP2 pd=UNITY_ENABLE_REFLECTION_BUFFERS UNITY_PBS_USE_BRDF1 UNITY_SPECCUBE_BOX_PROJECTION UNITY_SPECCUBE_BLENDING UNITY_COLORSPACE_GAMMA ok=1
Cmd: disassembleShader
  api=23 insize=4345 outsize=4329 ok=1
Cmd: compileSnippet
  api=5 type=0 insize=943 outsize=8575 kw=POINT SHADOWS_CUBE SHADOWS_SOFT FOG_EXP2 pd=UNITY_NO_DXT5nm UNITY_NO_RGBM UNITY_ENABLE_REFLECTION_BUFFERS UNITY_FRAMEBUFFER_FETCH_AVAILABLE UNITY_PBS_USE_BRDF1 UNITY_SPECCUBE_BOX_PROJECTION UNITY_SPECCUBE_BLENDING SHADER_API_MOBILE UNITY_COLORSPACE_GAMMA ok=1
Cmd: disassembleShader
  api=5 insize=8575 outsize=8575 ok=1
Cmd: compileSnippet
  api=4 type=0 insize=943 outsize=1554 kw=DIRECTIONAL SHADOWS_SCREEN _SPECGLOSSMAP pd=UNITY_ENABLE_REFLECTION_BUFFERS UNITY_PBS_USE_BRDF1 UNITY_SPECCUBE_BOX_PROJECTION UNITY_SPECCUBE_BLENDING UNITY_COLORSPACE_GAMMA ok=1
Cmd: disassembleShader
  api=15 insize=1554 outsize=2860 ok=1
Cmd: disassembleShader
  api=6 insize=9343 outsize=9343 ok=1
Cmd: compileSnippet
  api=18 type=0 insize=943 outsize=7245 kw=SPOT SHADOWS_DEPTH SHADOWS_SOFT _SPECGLOSSMAP pd=UNITY_NO_DXT5nm UNITY_NO_RGBM UNITY_ENABLE_REFLECTION_BUFFERS UNITY_PBS_USE_BRDF1 UNITY_SPECCUBE_BOX_PROJECTION UNITY_SPECCUBE_BLENDING SHADER_API_MOBILE UNITY_COLORSPACE_GAMMA ok=1
Cmd: disassembleShader
  api=25 insize=7245 outsize=79797 ok=1
Cmd: compileSnippet
  api=4 type=0 insize=943 outsize=2098 kw=POINT_COOKIE _NORMALMAP _SPECGLOSSMAP pd=UNITY_ENABLE_REFLECTION_BUFFERS UNITY_PBS_USE_BRDF1 UNITY_SPECCUBE_BOX_PROJECTION UNITY_SPECCUBE_BLENDING UNITY_COLORSPACE_GAMMA ok=1
Cmd: disassembleShader
  api=15 insize=2098 outsize=3538 ok=1
Cmd: compileSnippet
  api=5 type=0 insize=943 outsize=9190 kw=SPOT SHADOWS_DEPTH _NORMALMAP _SPECGLOSSMAP pd=UNITY_NO_DXT5nm UNITY_NO_RGBM UNITY_ENABLE_REFLECTION_BUFFERS UNITY_FRAMEBUFFER_FETCH_AVAILABLE UNITY_PBS_USE_BRDF1 UNITY_SPECCUBE_BOX_PROJECTION UNITY_SPECCUBE_BLENDING SHADER_API_MOBILE UNITY_COLORSPACE_GAMMA ok=1
Cmd: disassembleShader
  api=5 insize=9190 outsize=9190 ok=1
Cmd: disassembleShader
  api=5 insize=8676 outsize=8676 ok=1
Cmd: compileSnippet
  api=9 type=0 insize=943 outsize=10199 kw=POINT FOG_EXP2 _NORMALMAP _SPECGLOSSMAP pd=UNITY_NO_DXT5nm UNITY_NO_RGBM UNITY_ENABLE_REFLECTION_BUFFERS UNITY_FRAMEBUFFER_FETCH_AVAILABLE UNITY_PBS_USE_BRDF1 UNITY_SPECCUBE_BOX_PROJECTION UNITY_SPECCUBE_BLENDING SHADER_API_MOBILE UNITY_COLORSPACE_GAMMA ok=1
Cmd: disassembleShader
  api=4 insize=10199 outsize=10199 ok=1
Cmd: disassembleShader
  api=17 insize=2874 outsize=4140 ok=1
Cmd: disassembleShader
  api=12 insize=1944 outsize=3371 ok=1
Cmd: disassembleShader
  api=12 insize=1916 outsize=3315 ok=1
Cmd: disassembleShader
  api=12 insize=1792 outsize=3128 ok=1
Cmd: compileSnippet
  api=14 type=1 insize=943 outsize=5907 kw=DIRECTIONAL_COOKIE pd=UNITY_ENABLE_REFLECTION_BUFFERS UNITY_PBS_USE_BRDF1 UNITY_SPECCUBE_BOX_PROJECTION UNITY_SPECCUBE_BLENDING UNITY_COLORSPACE_GAMMA ok=1
Cmd: disassembleShader
  api=24 insize=5907 outsize=5891 ok=1
Cmd: compileSnippet
  api=18 type=1 insize=943 outsize=0 kw=DIRECTIONAL_COOKIE SHADOWS_SCREEN pd=UNITY_NO_DXT5nm UNITY_NO_RGBM UNITY_ENABLE_REFLECTION_BUFFERS UNITY_PBS_USE_BRDF1 UNITY_SPECCUBE_BOX_PROJECTION UNITY_SPECCUBE_BLENDING SHADER_API_MOBILE UNITY_COLORSPACE_GAMMA ok=1
Cmd: disassembleShader
  api=25 insize=0 outsize=1 ok=1
Cmd: compileSnippet
  api=5 type=1 insize=943 outsize=0 kw=POINT SHADOWS_CUBE pd=UNITY_NO_DXT5nm UNITY_NO_RGBM UNITY_ENABLE_REFLECTION_BUFFERS UNITY_FRAMEBUFFER_FETCH_AVAILABLE UNITY_PBS_USE_BRDF1 UNITY_SPECCUBE_BOX_PROJECTION UNITY_SPECCUBE_BLENDING SHADER_API_MOBILE UNITY_COLORSPACE_GAMMA ok=1
Cmd: disassembleShader
  api=5 insize=0 outsize=57 ok=1
Cmd: compileSnippet
  api=1 type=1 insize=943 outsize=2220 kw=POINT_COOKIE SHADOWS_CUBE pd=UNITY_ENABLE_REFLECTION_BUFFERS UNITY_PBS_USE_BRDF1 UNITY_SPECCUBE_BOX_PROJECTION UNITY_SPECCUBE_BLENDING UNITY_COLORSPACE_GAMMA ok=1
Cmd: disassembleShader
  api=12 insize=2220 outsize=3807 ok=1
Cmd: compileSnippet
  api=1 type=1 insize=943 outsize=1920 kw=DIRECTIONAL SHADOWS_SCREEN FOG_EXP2 pd=UNITY_ENABLE_REFLECTION_BUFFERS UNITY_PBS_USE_BRDF1 UNITY_SPECCUBE_BOX_PROJECTION UNITY_SPECCUBE_BLENDING UNITY_COLORSPACE_GAMMA ok=1
Cmd: disassembleShader
  api=12 insize=1920 outsize=3337 ok=1
Cmd: compileSnippet
  api=14 type=1 insize=943 outsize=5723 kw=DIRECTIONAL _SPECGLOSSMAP pd=UNITY_ENABLE_REFLECTION_BUFFERS UNITY_PBS_USE_BRDF1 UNITY_SPECCUBE_BOX_PROJECTION UNITY_SPECCUBE_BLENDING UNITY_COLORSPACE_GAMMA ok=1
Cmd: disassembleShader
  api=24 insize=5723 outsize=5707 ok=1
Cmd: compileSnippet
  api=14 type=1 insize=943 outsize=7989 kw=POINT SHADOWS_CUBE SHADOWS_SOFT _SPECGLOSSMAP pd=UNITY_ENABLE_REFLECTION_BUFFERS UNITY_PBS_USE_BRDF1 UNITY_SPECCUBE_BOX_PROJECTION UNITY_SPECCUBE_BLENDING UNITY_COLORSPACE_GAMMA ok=1
Cmd: disassembleShader
  api=24 insize=7989 outsize=7973 ok=1
Cmd: compileSnippet
  api=14 type=1 insize=943 outsize=7410 kw=SPOT FOG_EXP2 _SPECGLOSSMAP pd=UNITY_ENABLE_REFLECTION_BUFFERS UNITY_PBS_USE_BRDF1 UNITY_SPECCUBE_BOX_PROJECTION UNITY_SPECCUBE_BLENDING UNITY_COLORSPACE_GAMMA ok=1
Cmd: disassembleShader
  api=24 insize=7410 outsize=7394 ok=1
Cmd: compileSnippet
  api=15 type=1 insize=943 outsize=0 kw=POINT _NORMALMAP _SPECGLOSSMAP pd=UNITY_ENABLE_REFLECTION_BUFFERS UNITY_PBS_USE_BRDF1 UNITY_SPECCUBE_BOX_PROJECTION UNITY_SPECCUBE_BLENDING UNITY_COLORSPACE_GAMMA ok=1
Cmd: disassembleShader
  api=6 insize=0 outsize=57 ok=1
Cmd: compileSnippet
  api=5 type=1 insize=943 outsize=0 kw=DIRECTIONAL _NORMALMAP _SPECGLOSSMAP pd=UNITY_NO_DXT5nm UNITY_NO_RGBM UNITY_ENABLE_REFLECTION_BUFFERS UNITY_FRAMEBUFFER_FETCH_AVAILABLE UNITY_PBS_USE_BRDF1 UNITY_SPECCUBE_BOX_PROJECTION UNITY_SPECCUBE_BLENDING SHADER_API_MOBILE UNITY_COLORSPACE_GAMMA ok=1
Cmd: disassembleShader
  api=5 insize=0 outsize=57 ok=1
Cmd: disassembleShader
  api=24 insize=6536 outsize=6520 ok=1
Cmd: compileSnippet
  api=15 type=1 insize=943 outsize=0 kw=DIRECTIONAL _NORMALMAP _SPECGLOSSMAP pd=UNITY_ENABLE_REFLECTION_BUFFERS UNITY_PBS_USE_BRDF1 UNITY_SPECCUBE_BOX_PROJECTION UNITY_SPECCUBE_BLENDING UNITY_COLORSPACE_GAMMA ok=1
Cmd: disassembleShader
  api=6 insize=0 outsize=57 ok=1
Cmd: compileSnippet
  api=4 type=1 insize=943 outsize=3526 kw=SPOT _NORMALMAP _SPECGLOSSMAP pd=UNITY_ENABLE_REFLECTION_BUFFERS UNITY_PBS_USE_BRDF1 UNITY_SPECCUBE_BOX_PROJECTION UNITY_SPECCUBE_BLENDING UNITY_COLORSPACE_GAMMA ok=1
Cmd: disassembleShader
  api=17 insize=3526 outsize=5157 ok=1
Cmd: compileSnippet
  api=4 type=1 insize=943 outsize=3710 kw=POINT_COOKIE SHADOWS_CUBE _NORMALMAP _SPECGLOSSMAP pd=UNITY_ENABLE_REFLECTION_BUFFERS UNITY_PBS_USE_BRDF1 UNITY_SPECCUBE_BOX_PROJECTION UNITY_SPECCUBE_BLENDING UNITY_COLORSPACE_GAMMA ok=1
Cmd: disassembleShader
  api=17 insize=3710 outsize=5521 ok=1
Cmd: compileSnippet
  api=15 type=1 insize=943 outsize=0 kw=POINT_COOKIE SHADOWS_CUBE FOG_EXP2 _NORMALMAP _SPECGLOSSMAP pd=UNITY_ENABLE_REFLECTION_BUFFERS UNITY_PBS_USE_BRDF1 UNITY_SPECCUBE_BOX_PROJECTION UNITY_SPECCUBE_BLENDING UNITY_COLORSPACE_GAMMA ok=1
Cmd: disassembleShader
  api=6 insize=0 outsize=57 ok=1
Cmd: compileSnippet
  api=14 type=1 insize=943 outsize=9698 kw=SPOT SHADOWS_DEPTH SHADOWS_SOFT FOG_EXP2 _NORMALMAP _SPECGLOSSMAP pd=UNITY_ENABLE_REFLECTION_BUFFERS UNITY_PBS_USE_BRDF1 UNITY_SPECCUBE_BOX_PROJECTION UNITY_SPECCUBE_BLENDING UNITY_COLORSPACE_GAMMA ok=1
Cmd: disassembleShader
  api=24 insize=9698 outsize=9682 ok=1
Cmd: compileSnippet
  api=1 type=0 insize=724 outsize=484 kw=SHADOWS_CUBE pd=UNITY_ENABLE_REFLECTION_BUFFERS UNITY_PBS_USE_BRDF1 UNITY_SPECCUBE_BOX_PROJECTION UNITY_SPECCUBE_BLENDING UNITY_COLORSPACE_GAMMA ok=1
Cmd: disassembleShader
  api=10 insize=484 outsize=808 ok=1
Cmd: disassembleShader
  api=5 insize=958 outsize=958 ok=1
Cmd: compileSnippet
  api=14 type=0 insize=724 outsize=1432 kw=SHADOWS_CUBE _SPECGLOSSMAP pd=UNITY_ENABLE_REFLECTION_BUFFERS UNITY_PBS_USE_BRDF1 UNITY_SPECCUBE_BOX_PROJECTION UNITY_SPECCUBE_BLENDING UNITY_COLORSPACE_GAMMA ok=1
Cmd: disassembleShader
  api=23 insize=1432 outsize=1416 ok=1
Cmd: disassembleShader
  api=6 insize=0 outsize=57 ok=1
Cmd: compileSnippet
  api=18 type=1 insize=724 outsize=0 kw=SHADOWS_CUBE pd=UNITY_NO_DXT5nm UNITY_NO_RGBM UNITY_ENABLE_REFLECTION_BUFFERS UNITY_PBS_USE_BRDF1 UNITY_SPECCUBE_BOX_PROJECTION UNITY_SPECCUBE_BLENDING SHADER_API_MOBILE UNITY_COLORSPACE_GAMMA ok=1
Cmd: disassembleShader
  api=25 insize=0 outsize=1 ok=1
Cmd: disassembleShader
  api=5 insize=0 outsize=57 ok=1
Cmd: disassembleShader
  api=24 insize=781 outsize=765 ok=1
Cmd: disassembleShader
  api=5 insize=4901 outsize=4901 ok=1
Cmd: compileSnippet
  api=4 type=0 insize=1148 outsize=1698 kw=_SPECGLOSSMAP pd=UNITY_ENABLE_REFLECTION_BUFFERS UNITY_PBS_USE_BRDF1 UNITY_SPECCUBE_BOX_PROJECTION UNITY_SPECCUBE_BLENDING UNITY_COLORSPACE_GAMMA ok=1
Cmd: disassembleShader
  api=15 insize=1698 outsize=3034 ok=1
Cmd: compileSnippet
  api=4 type=0 insize=1148 outsize=2054 kw=DIRLIGHTMAP_COMBINED _SPECGLOSSMAP pd=UNITY_ENABLE_REFLECTION_BUFFERS UNITY_PBS_USE_BRDF1 UNITY_SPECCUBE_BOX_PROJECTION UNITY_SPECCUBE_BLENDING UNITY_COLORSPACE_GAMMA ok=1
Cmd: disassembleShader
  api=15 insize=2054 outsize=3510 ok=1
Cmd: disassembleShader
  api=4 insize=6308 outsize=6308 ok=1
Cmd: compileSnippet
  api=15 type=0 insize=1148 outsize=7662 kw=DIRLIGHTMAP_SEPARATE _SPECGLOSSMAP pd=UNITY_ENABLE_REFLECTION_BUFFERS UNITY_PBS_USE_BRDF1 UNITY_SPECCUBE_BOX_PROJECTION UNITY_SPECCUBE_BLENDING UNITY_COLORSPACE_GAMMA ok=1
Cmd: disassembleShader
  api=6 insize=7662 outsize=7662 ok=1
Cmd: disassembleShader
  api=15 insize=2054 outsize=3510 ok=1
Cmd: disassembleShader
  api=5 insize=7215 outsize=7215 ok=1
Cmd: compileSnippet
  api=9 type=0 insize=1148 outsize=6966 kw=_EMISSION UNITY_HDR_ON _NORMALMAP _SPECGLOSSMAP pd=UNITY_NO_DXT5nm UNITY_NO_RGBM UNITY_ENABLE_REFLECTION_BUFFERS UNITY_FRAMEBUFFER_FETCH_AVAILABLE UNITY_PBS_USE_BRDF1 UNITY_SPECCUBE_BOX_PROJECTION UNITY_SPECCUBE_BLENDING SHADER_API_MOBILE UNITY_COLORSPACE_GAMMA ok=1
Cmd: disassembleShader
  api=4 insize=6966 outsize=6966 ok=1
Cmd: disassembleShader
  api=17 insize=2442 outsize=4347 ok=1
Cmd: disassembleShader
  api=17 insize=2602 outsize=4658 ok=1
Cmd: compileSnippet
  api=5 type=1 insize=1148 outsize=0 kw=_NORMALMAP _SPECGLOSSMAP pd=UNITY_NO_DXT5nm UNITY_NO_RGBM UNITY_ENABLE_REFLECTION_BUFFERS UNITY_FRAMEBUFFER_FETCH_AVAILABLE UNITY_PBS_USE_BRDF1 UNITY_SPECCUBE_BOX_PROJECTION UNITY_SPECCUBE_BLENDING SHADER_API_MOBILE UNITY_COLORSPACE_GAMMA ok=1
Cmd: disassembleShader
  api=5 insize=0 outsize=57 ok=1
Cmd: compileSnippet
  api=4 type=1 insize=1148 outsize=2990 kw=_EMISSION _NORMALMAP _SPECGLOSSMAP pd=UNITY_ENABLE_REFLECTION_BUFFERS UNITY_PBS_USE_BRDF1 UNITY_SPECCUBE_BOX_PROJECTION UNITY_SPECCUBE_BLENDING UNITY_COLORSPACE_GAMMA ok=1
Cmd: disassembleShader
  api=17 insize=2990 outsize=5258 ok=1
Cmd: compileSnippet
  api=15 type=1 insize=1148 outsize=0 kw=DIRLIGHTMAP_SEPARATE _NORMALMAP _SPECGLOSSMAP pd=UNITY_ENABLE_REFLECTION_BUFFERS UNITY_PBS_USE_BRDF1 UNITY_SPECCUBE_BOX_PROJECTION UNITY_SPECCUBE_BLENDING UNITY_COLORSPACE_GAMMA ok=1
Cmd: disassembleShader
  api=6 insize=0 outsize=57 ok=1
Cmd: compileSnippet
  api=14 type=1 insize=1148 outsize=6946 kw=DIRLIGHTMAP_SEPARATE _EMISSION _NORMALMAP _SPECGLOSSMAP pd=UNITY_ENABLE_REFLECTION_BUFFERS UNITY_PBS_USE_BRDF1 UNITY_SPECCUBE_BOX_PROJECTION UNITY_SPECCUBE_BLENDING UNITY_COLORSPACE_GAMMA ok=1
Cmd: disassembleShader
  api=24 insize=6946 outsize=6930 ok=1
Cmd: disassembleShader
  api=24 insize=6900 outsize=6884 ok=1
Cmd: disassembleShader
  api=17 insize=2418 outsize=4320 ok=1
Cmd: disassembleShader
  api=12 insize=1100 outsize=1892 ok=1
Cmd: disassembleShader
  api=4 insize=0 outsize=57 ok=1
Cmd: compileSnippet
  api=1 type=1 insize=1148 outsize=1232 kw=DIRLIGHTMAP_COMBINED _EMISSION UNITY_HDR_ON _SPECGLOSSMAP pd=UNITY_ENABLE_REFLECTION_BUFFERS UNITY_PBS_USE_BRDF1 UNITY_SPECCUBE_BOX_PROJECTION UNITY_SPECCUBE_BLENDING UNITY_COLORSPACE_GAMMA ok=1
Cmd: disassembleShader
  api=12 insize=1232 outsize=2084 ok=1
Cmd: compileSnippet
  api=15 type=1 insize=1148 outsize=0 kw=DIRLIGHTMAP_COMBINED UNITY_HDR_ON _NORMALMAP _SPECGLOSSMAP pd=UNITY_ENABLE_REFLECTION_BUFFERS UNITY_PBS_USE_BRDF1 UNITY_SPECCUBE_BOX_PROJECTION UNITY_SPECCUBE_BLENDING UNITY_COLORSPACE_GAMMA ok=1
Cmd: disassembleShader
  api=6 insize=0 outsize=57 ok=1
Cmd: compileSnippet
  api=14 type=1 insize=1148 outsize=6900 kw=DIRLIGHTMAP_COMBINED _EMISSION UNITY_HDR_ON _NORMALMAP _SPECGLOSSMAP pd=UNITY_ENABLE_REFLECTION_BUFFERS UNITY_PBS_USE_BRDF1 UNITY_SPECCUBE_BOX_PROJECTION UNITY_SPECCUBE_BLENDING UNITY_COLORSPACE_GAMMA ok=1
Cmd: disassembleShader
  api=24 insize=6900 outsize=6884 ok=1
Cmd: disassembleShader
  api=25 insize=5716 outsize=62050 ok=1
Cmd: compileSnippet
  api=4 type=0 insize=1099 outsize=2818 kw=DIRECTIONAL VERTEXLIGHT_ON pd=UNITY_ENABLE_REFLECTION_BUFFERS UNITY_PBS_USE_BRDF1 UNITY_SPECCUBE_BOX_PROJECTION UNITY_SPECCUBE_BLENDING UNITY_COLORSPACE_GAMMA ok=1
Cmd: disassembleShader
  api=15 insize=2818 outsize=4539 ok=1
Cmd: compileSnippet
  api=9 type=0 insize=1099 outsize=9055 kw=DIRECTIONAL VERTEXLIGHT_ON _SPECGLOSSMAP pd=UNITY_NO_DXT5nm UNITY_NO_RGBM UNITY_ENABLE_REFLECTION_BUFFERS UNITY_FRAMEBUFFER_FETCH_AVAILABLE UNITY_PBS_USE_BRDF1 UNITY_SPECCUBE_BOX_PROJECTION UNITY_SPECCUBE_BLENDING SHADER_API_MOBILE UNITY_COLORSPACE_GAMMA ok=1
Cmd: disassembleShader
  api=4 insize=9055 outsize=9055 ok=1
Cmd: compileSnippet
  api=15 type=0 insize=1099 outsize=7852 kw=DIRECTIONAL _NORMALMAP _SPECGLOSSMAP pd=UNITY_ENABLE_REFLECTION_BUFFERS UNITY_PBS_USE_BRDF1 UNITY_SPECCUBE_BOX_PROJECTION UNITY_SPECCUBE_BLENDING UNITY_COLORSPACE_GAMMA ok=1
Cmd: disassembleShader
  api=6 insize=7852 outsize=7852 ok=1
Cmd: compileSnippet
  api=4 type=0 insize=1099 outsize=3610 kw=DIRECTIONAL SHADOWS_SCREEN FOG_EXP2 _EMISSION VERTEXLIGHT_ON _NORMALMAP _SPECGLOSSMAP pd=UNITY_ENABLE_REFLECTION_BUFFERS UNITY_PBS_USE_BRDF1 UNITY_SPECCUBE_BOX_PROJECTION UNITY_SPECCUBE_BLENDING UNITY_COLORSPACE_GAMMA ok=1
Cmd: disassembleShader
  api=15 insize=3610 outsize=5649 ok=1
Cmd: disassembleShader
  api=24 insize=4555 outsize=4539 ok=1
Cmd: disassembleShader
  api=4 insize=0 outsize=57 ok=1
Cmd: compileSnippet
  api=1 type=1 insize=1099 outsize=1500 kw=DIRECTIONAL FOG_EXP2 pd=UNITY_ENABLE_REFLECTION_BUFFERS UNITY_PBS_USE_BRDF1 UNITY_SPECCUBE_BOX_PROJECTION UNITY_SPECCUBE_BLENDING UNITY_COLORSPACE_GAMMA ok=1
Cmd: disassembleShader
  api=11 insize=1500 outsize=2518 ok=1
Cmd: compileSnippet
  api=5 type=1 insize=1099 outsize=0 kw=DIRECTIONAL SHADOWS_SCREEN FOG_EXP2 _NORMALMAP _SPECGLOSSMAP pd=UNITY_NO_DXT5nm UNITY_NO_RGBM UNITY_ENABLE_REFLECTION_BUFFERS UNITY_FRAMEBUFFER_FETCH_AVAILABLE UNITY_PBS_USE_BRDF1 UNITY_SPECCUBE_BOX_PROJECTION UNITY_SPECCUBE_BLENDING SHADER_API_MOBILE UNITY_COLORSPACE_GAMMA ok=1
Cmd: disassembleShader
  api=5 insize=0 outsize=57 ok=1
Cmd: compileSnippet
  api=8 type=1 insize=1099 outsize=3646 kw=DIRECTIONAL _EMISSION _NORMALMAP _SPECGLOSSMAP pd=UNITY_NO_SCREENSPACE_SHADOWS UNITY_ENABLE_REFLECTION_BUFFERS UNITY_PBS_USE_BRDF1 UNITY_SPECCUBE_BOX_PROJECTION UNITY_SPECCUBE_BLENDING SHADER_API_MOBILE UNITY_COLORSPACE_GAMMA ok=1
Cmd: disassembleShader
  api=14 insize=3646 outsize=7465 ok=1
Cmd: disassembleShader
  api=6 insize=5225 outsize=5225 ok=1
Cmd: compileSnippet
  api=8 type=0 insize=958 outsize=2162 kw=DIRECTIONAL pd=UNITY_NO_SCREENSPACE_SHADOWS UNITY_ENABLE_REFLECTION_BUFFERS UNITY_PBS_USE_BRDF1 UNITY_SPECCUBE_BOX_PROJECTION UNITY_SPECCUBE_BLENDING SHADER_API_MOBILE UNITY_COLORSPACE_GAMMA ok=1
Cmd: disassembleShader
  api=13 insize=2162 outsize=4660 ok=1
Cmd: disassembleShader
  api=15 insize=1630 outsize=2949 ok=1
Cmd: disassembleShader
  api=4 insize=5110 outsize=5110 ok=1
Cmd: disassembleShader
  api=23 insize=3503 outsize=3487 ok=1
Cmd: compileSnippet
  api=15 type=0 insize=958 outsize=4677 kw=DIRECTIONAL SHADOWS_SCREEN pd=UNITY_ENABLE_REFLECTION_BUFFERS UNITY_PBS_USE_BRDF1 UNITY_SPECCUBE_BOX_PROJECTION UNITY_SPECCUBE_BLENDING UNITY_COLORSPACE_GAMMA ok=1
Cmd: disassembleShader
  api=6 insize=4677 outsize=4677 ok=1
Cmd: disassembleShader
  api=5 insize=5008 outsize=5008 ok=1
Cmd: compileSnippet
  api=18 type=0 insize=958 outsize=4093 kw=DIRECTIONAL SHADOWS_SCREEN FOG_EXP2 pd=UNITY_NO_DXT5nm UNITY_NO_RGBM UNITY_ENABLE_REFLECTION_BUFFERS UNITY_PBS_USE_BRDF1 UNITY_SPECCUBE_BOX_PROJECTION UNITY_SPECCUBE_BLENDING SHADER_API_MOBILE UNITY_COLORSPACE_GAMMA ok=1
Cmd: disassembleShader
  api=25 insize=4093 outsize=43138 ok=1
Cmd: compileSnippet
  api=1 type=0 insize=958 outsize=1200 kw=POINT_COOKIE SHADOWS_CUBE _SPECGLOSSMAP pd=UNITY_ENABLE_REFLECTION_BUFFERS UNITY_PBS_USE_BRDF1 UNITY_SPECCUBE_BOX_PROJECTION UNITY_SPECCUBE_BLENDING UNITY_COLORSPACE_GAMMA ok=1
Cmd: disassembleShader
  api=9 insize=1200 outsize=1966 ok=1
Cmd: compileSnippet
  api=4 type=0 insize=958 outsize=2150 kw=POINT_COOKIE FOG_EXP2 _SPECGLOSSMAP pd=UNITY_ENABLE_REFLECTION_BUFFERS UNITY_PBS_USE_BRDF1 UNITY_SPECCUBE_BOX_PROJECTION UNITY_SPECCUBE_BLENDING UNITY_COLORSPACE_GAMMA ok=1
Cmd: disassembleShader
  api=15 insize=2150 outsize=3609 ok=1
Cmd: compileSnippet
  api=18 type=0 insize=958 outsize=5093 kw=POINT SHADOWS_CUBE FOG_EXP2 _SPECGLOSSMAP pd=UNITY_NO_DXT5nm UNITY_NO_RGBM UNITY_ENABLE_REFLECTION_BUFFERS UNITY_PBS_USE_BRDF1 UNITY_SPECCUBE_BOX_PROJECTION UNITY_SPECCUBE_BLENDING SHADER_API_MOBILE UNITY_COLORSPACE_GAMMA ok=1
Cmd: disassembleShader
  api=25 insize=5093 outsize=54184 ok=1
Cmd: compileSnippet
  api=18 type=0 insize=958 outsize=5616 kw=POINT SHADOWS_CUBE _NORMALMAP _SPECGLOSSMAP pd=UNITY_NO_DXT5nm UNITY_NO_RGBM UNITY_ENABLE_REFLECTION_BUFFERS UNITY_PBS_USE_BRDF1 UNITY_SPECCUBE_BOX_PROJECTION UNITY_SPECCUBE_BLENDING SHADER_API_MOBILE UNITY_COLORSPACE_GAMMA ok=1
Cmd: disassembleShader
  api=25 insize=5616 outsize=59175 ok=1
Cmd: disassembleShader
  api=14 insize=1966 outsize=4366 ok=1
Cmd: disassembleShader
  api=25 insize=0 outsize=1 ok=1
Cmd: disassembleShader
  api=5 insize=0 outsize=57 ok=1
Cmd: disassembleShader
  api=25 insize=0 outsize=1 ok=1
Cmd: disassembleShader
  api=5 insize=0 outsize=57 ok=1
Cmd: disassembleShader
  api=24 insize=3263 outsize=3247 ok=1
Cmd: disassembleShader
  api=17 insize=1290 outsize=2474 ok=1
Cmd: disassembleShader
  api=4 insize=0 outsize=57 ok=1
Cmd: disassembleShader
  api=11 insize=1280 outsize=2025 ok=1
Cmd: compileSnippet
  api=9 type=1 insize=958 outsize=0 kw=SPOT SHADOWS_DEPTH pd=UNITY_NO_DXT5nm UNITY_NO_RGBM UNITY_ENABLE_REFLECTION_BUFFERS UNITY_FRAMEBUFFER_FETCH_AVAILABLE UNITY_PBS_USE_BRDF1 UNITY_SPECCUBE_BOX_PROJECTION UNITY_SPECCUBE_BLENDING SHADER_API_MOBILE UNITY_COLORSPACE_GAMMA ok=1
Cmd: disassembleShader
  api=4 insize=0 outsize=57 ok=1
Cmd: disassembleShader
  api=5 insize=0 outsize=57 ok=1
Cmd: compileSnippet
  api=14 type=1 insize=958 outsize=3306 kw=DIRECTIONAL_COOKIE SHADOWS_SCREEN pd=UNITY_ENABLE_REFLECTION_BUFFERS UNITY_PBS_USE_BRDF1 UNITY_SPECCUBE_BOX_PROJECTION UNITY_SPECCUBE_BLENDING UNITY_COLORSPACE_GAMMA ok=1
Cmd: disassembleShader
  api=24 insize=3306 outsize=3290 ok=1
Cmd: disassembleShader
  api=25 insize=0 outsize=1 ok=1
Cmd: disassembleShader
  api=6 insize=0 outsize=57 ok=1
Cmd: disassembleShader
  api=17 insize=1830 outsize=3395 ok=1
Cmd: compileSnippet
  api=5 type=1 insize=958 outsize=0 kw=POINT _SPECGLOSSMAP pd=UNITY_NO_DXT5nm UNITY_NO_RGBM UNITY_ENABLE_REFLECTION_BUFFERS UNITY_FRAMEBUFFER_FETCH_AVAILABLE UNITY_PBS_USE_BRDF1 UNITY_SPECCUBE_BOX_PROJECTION UNITY_SPECCUBE_BLENDING SHADER_API_MOBILE UNITY_COLORSPACE_GAMMA ok=1
Cmd: disassembleShader
  api=5 insize=0 outsize=57 ok=1
Cmd: compileSnippet
  api=4 type=1 insize=958 outsize=1226 kw=DIRECTIONAL _SPECGLOSSMAP pd=UNITY_ENABLE_REFLECTION_BUFFERS UNITY_PBS_USE_BRDF1 UNITY_SPECCUBE_BOX_PROJECTION UNITY_SPECCUBE_BLENDING UNITY_COLORSPACE_GAMMA ok=1
Cmd: disassembleShader
  api=17 insize=1226 outsize=2336 ok=1
Cmd: disassembleShader
  api=25 insize=0 outsize=1 ok=1
Cmd: disassembleShader
  api=17 insize=1382 outsize=2644 ok=1
Cmd: compileSnippet
  api=5 type=1 insize=958 outsize=0 kw=DIRECTIONAL SHADOWS_SCREEN _SPECGLOSSMAP pd=UNITY_NO_DXT5nm UNITY_NO_RGBM UNITY_ENABLE_REFLECTION_BUFFERS UNITY_FRAMEBUFFER_FETCH_AVAILABLE UNITY_PBS_USE_BRDF1 UNITY_SPECCUBE_BOX_PROJECTION UNITY_SPECCUBE_BLENDING SHADER_API_MOBILE UNITY_COLORSPACE_GAMMA ok=1
Cmd: disassembleShader
  api=5 insize=0 outsize=57 ok=1
Cmd: disassembleShader
  api=6 insize=0 outsize=57 ok=1
Cmd: compileSnippet
  api=18 type=1 insize=958 outsize=0 kw=DIRECTIONAL SHADOWS_SCREEN _SPECGLOSSMAP pd=UNITY_NO_DXT5nm UNITY_NO_RGBM UNITY_ENABLE_REFLECTION_BUFFERS UNITY_PBS_USE_BRDF1 UNITY_SPECCUBE_BOX_PROJECTION UNITY_SPECCUBE_BLENDING SHADER_API_MOBILE UNITY_COLORSPACE_GAMMA ok=1
Cmd: disassembleShader
  api=25 insize=0 outsize=1 ok=1
Cmd: disassembleShader
  api=5 insize=0 outsize=57 ok=1
Cmd: compileSnippet
  api=1 type=1 insize=958 outsize=1320 kw=POINT SHADOWS_CUBE _SPECGLOSSMAP pd=UNITY_ENABLE_REFLECTION_BUFFERS UNITY_PBS_USE_BRDF1 UNITY_SPECCUBE_BOX_PROJECTION UNITY_SPECCUBE_BLENDING UNITY_COLORSPACE_GAMMA ok=1
Cmd: disassembleShader
  api=11 insize=1320 outsize=2066 ok=1
Cmd: compileSnippet
  api=9 type=1 insize=958 outsize=0 kw=SPOT SHADOWS_DEPTH FOG_EXP2 _SPECGLOSSMAP pd=UNITY_NO_DXT5nm UNITY_NO_RGBM UNITY_ENABLE_REFLECTION_BUFFERS UNITY_FRAMEBUFFER_FETCH_AVAILABLE UNITY_PBS_USE_BRDF1 UNITY_SPECCUBE_BOX_PROJECTION UNITY_SPECCUBE_BLENDING SHADER_API_MOBILE UNITY_COLORSPACE_GAMMA ok=1
Cmd: disassembleShader
  api=4 insize=0 outsize=57 ok=1
Cmd: compileSnippet
  api=18 type=1 insize=958 outsize=0 kw=SPOT SHADOWS_DEPTH FOG_EXP2 _SPECGLOSSMAP pd=UNITY_NO_DXT5nm UNITY_NO_RGBM UNITY_ENABLE_REFLECTION_BUFFERS UNITY_PBS_USE_BRDF1 UNITY_SPECCUBE_BOX_PROJECTION UNITY_SPECCUBE_BLENDING SHADER_API_MOBILE UNITY_COLORSPACE_GAMMA ok=1
Cmd: disassembleShader
  api=25 insize=0 outsize=1 ok=1
Cmd: compileSnippet
  api=4 type=1 insize=958 outsize=1466 kw=DIRECTIONAL SHADOWS_SCREEN FOG_EXP2 _SPECGLOSSMAP pd=UNITY_ENABLE_REFLECTION_BUFFERS UNITY_PBS_USE_BRDF1 UNITY_SPECCUBE_BOX_PROJECTION UNITY_SPECCUBE_BLENDING UNITY_COLORSPACE_GAMMA ok=1
Cmd: disassembleShader
  api=17 insize=1466 outsize=2805 ok=1
Cmd: disassembleShader
  api=24 insize=4416 outsize=4400 ok=1
Cmd: compileSnippet
  api=1 type=1 insize=958 outsize=1248 kw=POINT _NORMALMAP _SPECGLOSSMAP pd=UNITY_ENABLE_REFLECTION_BUFFERS UNITY_PBS_USE_BRDF1 UNITY_SPECCUBE_BOX_PROJECTION UNITY_SPECCUBE_BLENDING UNITY_COLORSPACE_GAMMA ok=1
Cmd: disassembleShader
  api=11 insize=1248 outsize=1967 ok=1
Cmd: compileSnippet
  api=4 type=1 insize=958 outsize=1722 kw=POINT FOG_EXP2 _NORMALMAP _SPECGLOSSMAP pd=UNITY_ENABLE_REFLECTION_BUFFERS UNITY_PBS_USE_BRDF1 UNITY_SPECCUBE_BOX_PROJECTION UNITY_SPECCUBE_BLENDING UNITY_COLORSPACE_GAMMA ok=1
Cmd: disassembleShader
  api=17 insize=1722 outsize=3217 ok=1
Cmd: compileSnippet
  api=18 type=1 insize=958 outsize=0 kw=DIRECTIONAL FOG_EXP2 _NORMALMAP _SPECGLOSSMAP pd=UNITY_NO_DXT5nm UNITY_NO_RGBM UNITY_ENABLE_REFLECTION_BUFFERS UNITY_PBS_USE_BRDF1 UNITY_SPECCUBE_BOX_PROJECTION UNITY_SPECCUBE_BLENDING SHADER_API_MOBILE UNITY_COLORSPACE_GAMMA ok=1
Cmd: disassembleShader
  api=25 insize=0 outsize=1 ok=1
Cmd: compileSnippet
  api=9 type=1 insize=958 outsize=0 kw=SPOT FOG_EXP2 _NORMALMAP _SPECGLOSSMAP pd=UNITY_NO_DXT5nm UNITY_NO_RGBM UNITY_ENABLE_REFLECTION_BUFFERS UNITY_FRAMEBUFFER_FETCH_AVAILABLE UNITY_PBS_USE_BRDF1 UNITY_SPECCUBE_BOX_PROJECTION UNITY_SPECCUBE_BLENDING SHADER_API_MOBILE UNITY_COLORSPACE_GAMMA ok=1
Cmd: disassembleShader
  api=4 insize=0 outsize=57 ok=1
Cmd: disassembleShader
  api=11 insize=1272 outsize=2008 ok=1
Cmd: compileSnippet
  api=9 type=1 insize=958 outsize=0 kw=DIRECTIONAL_COOKIE FOG_EXP2 _NORMALMAP _SPECGLOSSMAP pd=UNITY_NO_DXT5nm UNITY_NO_RGBM UNITY_ENABLE_REFLECTION_BUFFERS UNITY_FRAMEBUFFER_FETCH_AVAILABLE UNITY_PBS_USE_BRDF1 UNITY_SPECCUBE_BOX_PROJECTION UNITY_SPECCUBE_BLENDING SHADER_API_MOBILE UNITY_COLORSPACE_GAMMA ok=1
Cmd: disassembleShader
  api=4 insize=0 outsize=57 ok=1
Cmd: compileSnippet
  api=4 type=1 insize=958 outsize=2222 kw=SPOT SHADOWS_DEPTH FOG_EXP2 _NORMALMAP _SPECGLOSSMAP pd=UNITY_ENABLE_REFLECTION_BUFFERS UNITY_PBS_USE_BRDF1 UNITY_SPECCUBE_BOX_PROJECTION UNITY_SPECCUBE_BLENDING UNITY_COLORSPACE_GAMMA ok=1
Cmd: disassembleShader
  api=17 insize=2222 outsize=4021 ok=1
Cmd: disassembleShader
  api=15 insize=1542 outsize=2433 ok=1
Cmd: compileSnippet
  api=1 type=0 insize=677 outsize=1040 kw=SHADOWS_DEPTH _SPECGLOSSMAP pd=UNITY_ENABLE_REFLECTION_BUFFERS UNITY_PBS_USE_BRDF1 UNITY_SPECCUBE_BOX_PROJECTION UNITY_SPECCUBE_BLENDING UNITY_COLORSPACE_GAMMA ok=1
Cmd: disassembleShader
  api=9 insize=1040 outsize=1757 ok=1
Cmd: disassembleShader
  api=5 insize=0 outsize=57 ok=1
Cmd: compileSnippet
  api=9 type=1 insize=677 outsize=0 kw=SHADOWS_CUBE pd=UNITY_NO_DXT5nm UNITY_NO_RGBM UNITY_ENABLE_REFLECTION_BUFFERS UNITY_FRAMEBUFFER_FETCH_AVAILABLE UNITY_PBS_USE_BRDF1 UNITY_SPECCUBE_BOX_PROJECTION UNITY_SPECCUBE_BLENDING SHADER_API_MOBILE UNITY_COLORSPACE_GAMMA ok=1
Cmd: disassembleShader
  api=4 insize=0 outsize=57 ok=1
Cmd: compileSnippet
  api=5 type=1 insize=677 outsize=0 kw=SHADOWS_CUBE _SPECGLOSSMAP pd=UNITY_NO_DXT5nm UNITY_NO_RGBM UNITY_ENABLE_REFLECTION_BUFFERS UNITY_FRAMEBUFFER_FETCH_AVAILABLE UNITY_PBS_USE_BRDF1 UNITY_SPECCUBE_BOX_PROJECTION UNITY_SPECCUBE_BLENDING SHADER_API_MOBILE UNITY_COLORSPACE_GAMMA ok=1
Cmd: disassembleShader
  api=5 insize=0 outsize=57 ok=1

Quitting shader compiler process
