Base path: /Applications/Unity/Unity.app/Contents
Cmd: getPlatforms
Cmd: compileSnippet
  api=4 type=0 insize=1019 outsize=1698 kw=DIRECTIONAL pd=UNITY_ENABLE_REFLECTION_BUFFERS UNITY_PBS_USE_BRDF1 UNITY_SPECCUBE_BOX_PROJECTION UNITY_SPECCUBE_BLENDING UNITY_COLORSPACE_GAMMA ok=1
Cmd: disassembleShader
  api=15 insize=1698 outsize=3034 ok=1
Cmd: compileSnippet
  api=5 type=0 insize=1019 outsize=13251 kw=DIRECTIONAL FOG_EXP2 pd=UNITY_NO_DXT5nm UNITY_NO_RGBM UNITY_ENABLE_REFLECTION_BUFFERS UNITY_FRAMEBUFFER_FETCH_AVAILABLE UNITY_PBS_USE_BRDF1 UNITY_SPECCUBE_BOX_PROJECTION UNITY_SPECCUBE_BLENDING SHADER_API_MOBILE UNITY_COLORSPACE_GAMMA ok=1
Cmd: disassembleShader
  api=5 insize=13251 outsize=13251 ok=1
Cmd: compileSnippet
  api=9 type=0 insize=1019 outsize=15353 kw=DIRECTIONAL FOG_EXP2 _SPECGLOSSMAP pd=UNITY_NO_DXT5nm UNITY_NO_RGBM UNITY_ENABLE_REFLECTION_BUFFERS UNITY_FRAMEBUFFER_FETCH_AVAILABLE UNITY_PBS_USE_BRDF1 UNITY_SPECCUBE_BOX_PROJECTION UNITY_SPECCUBE_BLENDING SHADER_API_MOBILE UNITY_COLORSPACE_GAMMA ok=1
Cmd: disassembleShader
  api=4 insize=15353 outsize=15353 ok=1
Cmd: compileSnippet
  api=18 type=0 insize=1019 outsize=11764 kw=DIRECTIONAL SHADOWS_SCREEN _EMISSION VERTEXLIGHT_ON _NORMALMAP _SPECGLOSSMAP pd=UNITY_NO_DXT5nm UNITY_NO_RGBM UNITY_ENABLE_REFLECTION_BUFFERS UNITY_PBS_USE_BRDF1 UNITY_SPECCUBE_BOX_PROJECTION UNITY_SPECCUBE_BLENDING SHADER_API_MOBILE UNITY_COLORSPACE_GAMMA ok=1
Cmd: disassembleShader
  api=25 insize=11764 outsize=131227 ok=1
Cmd: compileSnippet
  api=1 type=1 insize=1019 outsize=3764 kw=DIRECTIONAL SHADOWS_SCREEN pd=UNITY_ENABLE_REFLECTION_BUFFERS UNITY_PBS_USE_BRDF1 UNITY_SPECCUBE_BOX_PROJECTION UNITY_SPECCUBE_BLENDING UNITY_COLORSPACE_GAMMA ok=1
Cmd: disassembleShader
  api=12 insize=3764 outsize=6956 ok=1
Cmd: compileSnippet
  api=18 type=1 insize=1019 outsize=0 kw=DIRECTIONAL _EMISSION _NORMALMAP _SPECGLOSSMAP pd=UNITY_NO_DXT5nm UNITY_NO_RGBM UNITY_ENABLE_REFLECTION_BUFFERS UNITY_PBS_USE_BRDF1 UNITY_SPECCUBE_BOX_PROJECTION UNITY_SPECCUBE_BLENDING SHADER_API_MOBILE UNITY_COLORSPACE_GAMMA ok=1
Cmd: disassembleShader
  api=25 insize=0 outsize=1 ok=1
Cmd: compileSnippet
  api=9 type=1 insize=1019 outsize=0 kw=DIRECTIONAL SHADOWS_SCREEN _EMISSION _NORMALMAP _SPECGLOSSMAP pd=UNITY_NO_DXT5nm UNITY_NO_RGBM UNITY_ENABLE_REFLECTION_BUFFERS UNITY_FRAMEBUFFER_FETCH_AVAILABLE UNITY_PBS_USE_BRDF1 UNITY_SPECCUBE_BOX_PROJECTION UNITY_SPECCUBE_BLENDING SHADER_API_MOBILE UNITY_COLORSPACE_GAMMA ok=1
Cmd: disassembleShader
  api=4 insize=0 outsize=57 ok=1
Cmd: compileSnippet
  api=18 type=1 insize=1019 outsize=0 kw=DIRECTIONAL SHADOWS_SCREEN _EMISSION _NORMALMAP _SPECGLOSSMAP pd=UNITY_NO_DXT5nm UNITY_NO_RGBM UNITY_ENABLE_REFLECTION_BUFFERS UNITY_PBS_USE_BRDF1 UNITY_SPECCUBE_BOX_PROJECTION UNITY_SPECCUBE_BLENDING SHADER_API_MOBILE UNITY_COLORSPACE_GAMMA ok=1
Cmd: disassembleShader
  api=25 insize=0 outsize=1 ok=1
Cmd: compileSnippet
  api=14 type=1 insize=1019 outsize=16816 kw=DIRECTIONAL FOG_EXP2 _EMISSION _NORMALMAP _SPECGLOSSMAP pd=UNITY_ENABLE_REFLECTION_BUFFERS UNITY_PBS_USE_BRDF1 UNITY_SPECCUBE_BOX_PROJECTION UNITY_SPECCUBE_BLENDING UNITY_COLORSPACE_GAMMA ok=1
Cmd: disassembleShader
  api=24 insize=16816 outsize=16800 ok=1
Cmd: compileSnippet
  api=1 type=0 insize=943 outsize=1072 kw=DIRECTIONAL pd=UNITY_ENABLE_REFLECTION_BUFFERS UNITY_PBS_USE_BRDF1 UNITY_SPECCUBE_BOX_PROJECTION UNITY_SPECCUBE_BLENDING UNITY_COLORSPACE_GAMMA ok=1
Cmd: disassembleShader
  api=10 insize=1072 outsize=1724 ok=1
Cmd: compileSnippet
  api=5 type=0 insize=943 outsize=7141 kw=SPOT SHADOWS_DEPTH pd=UNITY_NO_DXT5nm UNITY_NO_RGBM UNITY_ENABLE_REFLECTION_BUFFERS UNITY_FRAMEBUFFER_FETCH_AVAILABLE UNITY_PBS_USE_BRDF1 UNITY_SPECCUBE_BOX_PROJECTION UNITY_SPECCUBE_BLENDING SHADER_API_MOBILE UNITY_COLORSPACE_GAMMA ok=1
Cmd: disassembleShader
  api=5 insize=7141 outsize=7141 ok=1
Cmd: compileSnippet
  api=1 type=0 insize=943 outsize=1236 kw=POINT SHADOWS_CUBE pd=UNITY_ENABLE_REFLECTION_BUFFERS UNITY_PBS_USE_BRDF1 UNITY_SPECCUBE_BOX_PROJECTION UNITY_SPECCUBE_BLENDING UNITY_COLORSPACE_GAMMA ok=1
Cmd: disassembleShader
  api=10 insize=1236 outsize=2038 ok=1
Cmd: compileSnippet
  api=9 type=0 insize=943 outsize=10640 kw=SPOT SHADOWS_DEPTH SHADOWS_SOFT pd=UNITY_NO_DXT5nm UNITY_NO_RGBM UNITY_ENABLE_REFLECTION_BUFFERS UNITY_FRAMEBUFFER_FETCH_AVAILABLE UNITY_PBS_USE_BRDF1 UNITY_SPECCUBE_BOX_PROJECTION UNITY_SPECCUBE_BLENDING SHADER_API_MOBILE UNITY_COLORSPACE_GAMMA ok=1
Cmd: disassembleShader
  api=4 insize=10640 outsize=10640 ok=1
Cmd: compileSnippet
  api=14 type=0 insize=943 outsize=4110 kw=POINT SHADOWS_CUBE SHADOWS_SOFT FOG_EXP2 pd=UNITY_ENABLE_REFLECTION_BUFFERS UNITY_PBS_USE_BRDF1 UNITY_SPECCUBE_BOX_PROJECTION UNITY_SPECCUBE_BLENDING UNITY_COLORSPACE_GAMMA ok=1
Cmd: disassembleShader
  api=23 insize=4110 outsize=4094 ok=1
Cmd: compileSnippet
  api=5 type=0 insize=943 outsize=6590 kw=DIRECTIONAL_COOKIE SHADOWS_SCREEN _SPECGLOSSMAP pd=UNITY_NO_DXT5nm UNITY_NO_RGBM UNITY_ENABLE_REFLECTION_BUFFERS UNITY_FRAMEBUFFER_FETCH_AVAILABLE UNITY_PBS_USE_BRDF1 UNITY_SPECCUBE_BOX_PROJECTION UNITY_SPECCUBE_BLENDING SHADER_API_MOBILE UNITY_COLORSPACE_GAMMA ok=1
Cmd: disassembleShader
  api=5 insize=6590 outsize=6590 ok=1
Cmd: compileSnippet
  api=15 type=0 insize=943 outsize=7777 kw=POINT FOG_EXP2 _SPECGLOSSMAP pd=UNITY_ENABLE_REFLECTION_BUFFERS UNITY_PBS_USE_BRDF1 UNITY_SPECCUBE_BOX_PROJECTION UNITY_SPECCUBE_BLENDING UNITY_COLORSPACE_GAMMA ok=1
Cmd: disassembleShader
  api=6 insize=7777 outsize=7777 ok=1
Cmd: compileSnippet
  api=18 type=0 insize=943 outsize=6742 kw=POINT _NORMALMAP _SPECGLOSSMAP pd=UNITY_NO_DXT5nm UNITY_NO_RGBM UNITY_ENABLE_REFLECTION_BUFFERS UNITY_PBS_USE_BRDF1 UNITY_SPECCUBE_BOX_PROJECTION UNITY_SPECCUBE_BLENDING SHADER_API_MOBILE UNITY_COLORSPACE_GAMMA ok=1
Cmd: disassembleShader
  api=25 insize=6742 outsize=74469 ok=1
Cmd: compileSnippet
  api=15 type=0 insize=943 outsize=9419 kw=SPOT FOG_EXP2 _NORMALMAP _SPECGLOSSMAP pd=UNITY_ENABLE_REFLECTION_BUFFERS UNITY_PBS_USE_BRDF1 UNITY_SPECCUBE_BOX_PROJECTION UNITY_SPECCUBE_BLENDING UNITY_COLORSPACE_GAMMA ok=1
Cmd: disassembleShader
  api=6 insize=9419 outsize=9419 ok=1
Cmd: compileSnippet
  api=5 type=1 insize=943 outsize=0 kw=POINT pd=UNITY_NO_DXT5nm UNITY_NO_RGBM UNITY_ENABLE_REFLECTION_BUFFERS UNITY_FRAMEBUFFER_FETCH_AVAILABLE UNITY_PBS_USE_BRDF1 UNITY_SPECCUBE_BOX_PROJECTION UNITY_SPECCUBE_BLENDING SHADER_API_MOBILE UNITY_COLORSPACE_GAMMA ok=1
Cmd: disassembleShader
  api=5 insize=0 outsize=57 ok=1
Cmd: compileSnippet
  api=9 type=1 insize=943 outsize=0 kw=DIRECTIONAL pd=UNITY_NO_DXT5nm UNITY_NO_RGBM UNITY_ENABLE_REFLECTION_BUFFERS UNITY_FRAMEBUFFER_FETCH_AVAILABLE UNITY_PBS_USE_BRDF1 UNITY_SPECCUBE_BOX_PROJECTION UNITY_SPECCUBE_BLENDING SHADER_API_MOBILE UNITY_COLORSPACE_GAMMA ok=1
Cmd: disassembleShader
  api=4 insize=0 outsize=57 ok=1
Cmd: compileSnippet
  api=1 type=1 insize=943 outsize=1944 kw=SPOT pd=UNITY_ENABLE_REFLECTION_BUFFERS UNITY_PBS_USE_BRDF1 UNITY_SPECCUBE_BOX_PROJECTION UNITY_SPECCUBE_BLENDING UNITY_COLORSPACE_GAMMA ok=1
Cmd: disassembleShader
  api=12 insize=1944 outsize=3371 ok=1
Cmd: compileSnippet
  api=18 type=1 insize=943 outsize=0 kw=POINT SHADOWS_CUBE pd=UNITY_NO_DXT5nm UNITY_NO_RGBM UNITY_ENABLE_REFLECTION_BUFFERS UNITY_PBS_USE_BRDF1 UNITY_SPECCUBE_BOX_PROJECTION UNITY_SPECCUBE_BLENDING SHADER_API_MOBILE UNITY_COLORSPACE_GAMMA ok=1
Cmd: disassembleShader
  api=25 insize=0 outsize=1 ok=1
Cmd: compileSnippet
  api=5 type=1 insize=943 outsize=0 kw=POINT_COOKIE SHADOWS_CUBE pd=UNITY_NO_DXT5nm UNITY_NO_RGBM UNITY_ENABLE_REFLECTION_BUFFERS UNITY_FRAMEBUFFER_FETCH_AVAILABLE UNITY_PBS_USE_BRDF1 UNITY_SPECCUBE_BOX_PROJECTION UNITY_SPECCUBE_BLENDING SHADER_API_MOBILE UNITY_COLORSPACE_GAMMA ok=1
Cmd: disassembleShader
  api=5 insize=0 outsize=57 ok=1
Cmd: compileSnippet
  api=14 type=1 insize=943 outsize=7094 kw=POINT_COOKIE SHADOWS_CUBE pd=UNITY_ENABLE_REFLECTION_BUFFERS UNITY_PBS_USE_BRDF1 UNITY_SPECCUBE_BOX_PROJECTION UNITY_SPECCUBE_BLENDING UNITY_COLORSPACE_GAMMA ok=1
Cmd: disassembleShader
  api=24 insize=7094 outsize=7078 ok=1
Cmd: compileSnippet
  api=4 type=1 insize=943 outsize=3986 kw=POINT_COOKIE SHADOWS_CUBE SHADOWS_SOFT FOG_EXP2 pd=UNITY_ENABLE_REFLECTION_BUFFERS UNITY_PBS_USE_BRDF1 UNITY_SPECCUBE_BOX_PROJECTION UNITY_SPECCUBE_BLENDING UNITY_COLORSPACE_GAMMA ok=1
Cmd: disassembleShader
  api=17 insize=3986 outsize=5899 ok=1
Cmd: compileSnippet
  api=5 type=1 insize=943 outsize=0 kw=POINT_COOKIE SHADOWS_CUBE _SPECGLOSSMAP pd=UNITY_NO_DXT5nm UNITY_NO_RGBM UNITY_ENABLE_REFLECTION_BUFFERS UNITY_FRAMEBUFFER_FETCH_AVAILABLE UNITY_PBS_USE_BRDF1 UNITY_SPECCUBE_BOX_PROJECTION UNITY_SPECCUBE_BLENDING SHADER_API_MOBILE UNITY_COLORSPACE_GAMMA ok=1
Cmd: disassembleShader
  api=5 insize=0 outsize=57 ok=1
Cmd: compileSnippet
  api=9 type=1 insize=943 outsize=0 kw=SPOT SHADOWS_DEPTH SHADOWS_SOFT _SPECGLOSSMAP pd=UNITY_NO_DXT5nm UNITY_NO_RGBM UNITY_ENABLE_REFLECTION_BUFFERS UNITY_FRAMEBUFFER_FETCH_AVAILABLE UNITY_PBS_USE_BRDF1 UNITY_SPECCUBE_BOX_PROJECTION UNITY_SPECCUBE_BLENDING SHADER_API_MOBILE UNITY_COLORSPACE_GAMMA ok=1
Cmd: disassembleShader
  api=4 insize=0 outsize=57 ok=1
Cmd: compileSnippet
  api=4 type=1 insize=943 outsize=3634 kw=POINT SHADOWS_CUBE SHADOWS_SOFT _SPECGLOSSMAP pd=UNITY_ENABLE_REFLECTION_BUFFERS UNITY_PBS_USE_BRDF1 UNITY_SPECCUBE_BOX_PROJECTION UNITY_SPECCUBE_BLENDING UNITY_COLORSPACE_GAMMA ok=1
Cmd: disassembleShader
  api=17 insize=3634 outsize=5402 ok=1
Cmd: compileSnippet
  api=5 type=1 insize=943 outsize=0 kw=POINT SHADOWS_CUBE SHADOWS_SOFT FOG_EXP2 _SPECGLOSSMAP pd=UNITY_NO_DXT5nm UNITY_NO_RGBM UNITY_ENABLE_REFLECTION_BUFFERS UNITY_FRAMEBUFFER_FETCH_AVAILABLE UNITY_PBS_USE_BRDF1 UNITY_SPECCUBE_BOX_PROJECTION UNITY_SPECCUBE_BLENDING SHADER_API_MOBILE UNITY_COLORSPACE_GAMMA ok=1
Cmd: disassembleShader
  api=5 insize=0 outsize=57 ok=1
Cmd: compileSnippet
  api=4 type=1 insize=943 outsize=4030 kw=POINT_COOKIE SHADOWS_CUBE SHADOWS_SOFT FOG_EXP2 _SPECGLOSSMAP pd=UNITY_ENABLE_REFLECTION_BUFFERS UNITY_PBS_USE_BRDF1 UNITY_SPECCUBE_BOX_PROJECTION UNITY_SPECCUBE_BLENDING UNITY_COLORSPACE_GAMMA ok=1
Cmd: disassembleShader
  api=17 insize=4030 outsize=6014 ok=1
Cmd: compileSnippet
  api=18 type=1 insize=943 outsize=0 kw=DIRECTIONAL FOG_EXP2 _NORMALMAP _SPECGLOSSMAP pd=UNITY_NO_DXT5nm UNITY_NO_RGBM UNITY_ENABLE_REFLECTION_BUFFERS UNITY_PBS_USE_BRDF1 UNITY_SPECCUBE_BOX_PROJECTION UNITY_SPECCUBE_BLENDING SHADER_API_MOBILE UNITY_COLORSPACE_GAMMA ok=1
Cmd: disassembleShader
  api=25 insize=0 outsize=1 ok=1
Cmd: compileSnippet
  api=18 type=1 insize=943 outsize=0 kw=SPOT FOG_EXP2 _NORMALMAP _SPECGLOSSMAP pd=UNITY_NO_DXT5nm UNITY_NO_RGBM UNITY_ENABLE_REFLECTION_BUFFERS UNITY_PBS_USE_BRDF1 UNITY_SPECCUBE_BOX_PROJECTION UNITY_SPECCUBE_BLENDING SHADER_API_MOBILE UNITY_COLORSPACE_GAMMA ok=1
Cmd: disassembleShader
  api=25 insize=0 outsize=1 ok=1
Cmd: compileSnippet
  api=14 type=1 insize=943 outsize=7888 kw=POINT_COOKIE FOG_EXP2 _NORMALMAP _SPECGLOSSMAP pd=UNITY_ENABLE_REFLECTION_BUFFERS UNITY_PBS_USE_BRDF1 UNITY_SPECCUBE_BOX_PROJECTION UNITY_SPECCUBE_BLENDING UNITY_COLORSPACE_GAMMA ok=1
Cmd: disassembleShader
  api=24 insize=7888 outsize=7872 ok=1
Cmd: compileSnippet
  api=15 type=0 insize=724 outsize=2925 kw=SHADOWS_DEPTH pd=UNITY_ENABLE_REFLECTION_BUFFERS UNITY_PBS_USE_BRDF1 UNITY_SPECCUBE_BOX_PROJECTION UNITY_SPECCUBE_BLENDING UNITY_COLORSPACE_GAMMA ok=1
Cmd: disassembleShader
  api=6 insize=2925 outsize=2925 ok=1
Cmd: compileSnippet
  api=14 type=1 insize=724 outsize=296 kw=SHADOWS_DEPTH pd=UNITY_ENABLE_REFLECTION_BUFFERS UNITY_PBS_USE_BRDF1 UNITY_SPECCUBE_BOX_PROJECTION UNITY_SPECCUBE_BLENDING UNITY_COLORSPACE_GAMMA ok=1
Cmd: disassembleShader
  api=24 insize=296 outsize=280 ok=1
Cmd: compileSnippet
  api=18 type=1 insize=724 outsize=0 kw=SHADOWS_DEPTH _SPECGLOSSMAP pd=UNITY_NO_DXT5nm UNITY_NO_RGBM UNITY_ENABLE_REFLECTION_BUFFERS UNITY_PBS_USE_BRDF1 UNITY_SPECCUBE_BOX_PROJECTION UNITY_SPECCUBE_BLENDING SHADER_API_MOBILE UNITY_COLORSPACE_GAMMA ok=1
Cmd: disassembleShader
  api=25 insize=0 outsize=1 ok=1
Cmd: compileSnippet
  api=4 type=0 insize=1148 outsize=1698 kw= pd=UNITY_ENABLE_REFLECTION_BUFFERS UNITY_PBS_USE_BRDF1 UNITY_SPECCUBE_BOX_PROJECTION UNITY_SPECCUBE_BLENDING UNITY_COLORSPACE_GAMMA ok=1
Cmd: disassembleShader
  api=15 insize=1698 outsize=3034 ok=1
Cmd: compileSnippet
  api=18 type=0 insize=1148 outsize=4644 kw=DIRLIGHTMAP_COMBINED pd=UNITY_NO_DXT5nm UNITY_NO_RGBM UNITY_ENABLE_REFLECTION_BUFFERS UNITY_PBS_USE_BRDF1 UNITY_SPECCUBE_BOX_PROJECTION UNITY_SPECCUBE_BLENDING SHADER_API_MOBILE UNITY_COLORSPACE_GAMMA ok=1
Cmd: disassembleShader
  api=25 insize=4644 outsize=48891 ok=1
Cmd: compileSnippet
  api=4 type=0 insize=1148 outsize=2054 kw=DIRLIGHTMAP_SEPARATE _NORMALMAP _SPECGLOSSMAP pd=UNITY_ENABLE_REFLECTION_BUFFERS UNITY_PBS_USE_BRDF1 UNITY_SPECCUBE_BOX_PROJECTION UNITY_SPECCUBE_BLENDING UNITY_COLORSPACE_GAMMA ok=1
Cmd: disassembleShader
  api=15 insize=2054 outsize=3510 ok=1
Cmd: compileSnippet
  api=4 type=0 insize=1148 outsize=1698 kw=_EMISSION UNITY_HDR_ON _SPECGLOSSMAP pd=UNITY_ENABLE_REFLECTION_BUFFERS UNITY_PBS_USE_BRDF1 UNITY_SPECCUBE_BOX_PROJECTION UNITY_SPECCUBE_BLENDING UNITY_COLORSPACE_GAMMA ok=1
Cmd: disassembleShader
  api=15 insize=1698 outsize=3034 ok=1
Cmd: compileSnippet
  api=14 type=0 insize=1148 outsize=4424 kw=DIRLIGHTMAP_COMBINED UNITY_HDR_ON _SPECGLOSSMAP pd=UNITY_ENABLE_REFLECTION_BUFFERS UNITY_PBS_USE_BRDF1 UNITY_SPECCUBE_BOX_PROJECTION UNITY_SPECCUBE_BLENDING UNITY_COLORSPACE_GAMMA ok=1
Cmd: disassembleShader
  api=23 insize=4424 outsize=4408 ok=1
Cmd: compileSnippet
  api=14 type=0 insize=1148 outsize=4424 kw=DIRLIGHTMAP_COMBINED _EMISSION UNITY_HDR_ON _NORMALMAP _SPECGLOSSMAP pd=UNITY_ENABLE_REFLECTION_BUFFERS UNITY_PBS_USE_BRDF1 UNITY_SPECCUBE_BOX_PROJECTION UNITY_SPECCUBE_BLENDING UNITY_COLORSPACE_GAMMA ok=1
Cmd: disassembleShader
  api=23 insize=4424 outsize=4408 ok=1
Cmd: compileSnippet
  api=1 type=0 insize=1148 outsize=1468 kw=DIRLIGHTMAP_SEPARATE UNITY_HDR_ON _NORMALMAP _SPECGLOSSMAP pd=UNITY_ENABLE_REFLECTION_BUFFERS UNITY_PBS_USE_BRDF1 UNITY_SPECCUBE_BOX_PROJECTION UNITY_SPECCUBE_BLENDING UNITY_COLORSPACE_GAMMA ok=1
Cmd: disassembleShader
  api=10 insize=1468 outsize=2513 ok=1
Cmd: compileSnippet
  api=1 type=1 insize=1148 outsize=1080 kw= pd=UNITY_ENABLE_REFLECTION_BUFFERS UNITY_PBS_USE_BRDF1 UNITY_SPECCUBE_BOX_PROJECTION UNITY_SPECCUBE_BLENDING UNITY_COLORSPACE_GAMMA ok=1
Cmd: disassembleShader
  api=12 insize=1080 outsize=1895 ok=1
Cmd: compileSnippet
  api=1 type=1 insize=1148 outsize=1136 kw=DIRLIGHTMAP_COMBINED _SPECGLOSSMAP pd=UNITY_ENABLE_REFLECTION_BUFFERS UNITY_PBS_USE_BRDF1 UNITY_SPECCUBE_BOX_PROJECTION UNITY_SPECCUBE_BLENDING UNITY_COLORSPACE_GAMMA ok=1
Cmd: disassembleShader
  api=12 insize=1136 outsize=1963 ok=1
Cmd: compileSnippet
  api=9 type=1 insize=1148 outsize=0 kw=DIRLIGHTMAP_COMBINED _NORMALMAP _SPECGLOSSMAP pd=UNITY_NO_DXT5nm UNITY_NO_RGBM UNITY_ENABLE_REFLECTION_BUFFERS UNITY_FRAMEBUFFER_FETCH_AVAILABLE UNITY_PBS_USE_BRDF1 UNITY_SPECCUBE_BOX_PROJECTION UNITY_SPECCUBE_BLENDING SHADER_API_MOBILE UNITY_COLORSPACE_GAMMA ok=1
Cmd: disassembleShader
  api=4 insize=0 outsize=57 ok=1
Cmd: compileSnippet
  api=4 type=1 insize=1148 outsize=2990 kw=DIRLIGHTMAP_COMBINED _EMISSION _NORMALMAP _SPECGLOSSMAP pd=UNITY_ENABLE_REFLECTION_BUFFERS UNITY_PBS_USE_BRDF1 UNITY_SPECCUBE_BOX_PROJECTION UNITY_SPECCUBE_BLENDING UNITY_COLORSPACE_GAMMA ok=1
Cmd: disassembleShader
  api=17 insize=2990 outsize=5258 ok=1
Cmd: compileSnippet
  api=5 type=1 insize=1148 outsize=0 kw=_EMISSION UNITY_HDR_ON _NORMALMAP _SPECGLOSSMAP pd=UNITY_NO_DXT5nm UNITY_NO_RGBM UNITY_ENABLE_REFLECTION_BUFFERS UNITY_FRAMEBUFFER_FETCH_AVAILABLE UNITY_PBS_USE_BRDF1 UNITY_SPECCUBE_BOX_PROJECTION UNITY_SPECCUBE_BLENDING SHADER_API_MOBILE UNITY_COLORSPACE_GAMMA ok=1
Cmd: disassembleShader
  api=5 insize=0 outsize=57 ok=1
Cmd: compileSnippet
  api=14 type=1 insize=1148 outsize=5426 kw=DIRLIGHTMAP_COMBINED UNITY_HDR_ON pd=UNITY_ENABLE_REFLECTION_BUFFERS UNITY_PBS_USE_BRDF1 UNITY_SPECCUBE_BOX_PROJECTION UNITY_SPECCUBE_BLENDING UNITY_COLORSPACE_GAMMA ok=1
Cmd: disassembleShader
  api=24 insize=5426 outsize=5410 ok=1
Cmd: compileSnippet
  api=14 type=0 insize=1099 outsize=4451 kw=DIRECTIONAL pd=UNITY_ENABLE_REFLECTION_BUFFERS UNITY_PBS_USE_BRDF1 UNITY_SPECCUBE_BOX_PROJECTION UNITY_SPECCUBE_BLENDING UNITY_COLORSPACE_GAMMA ok=1
Cmd: disassembleShader
  api=23 insize=4451 outsize=4435 ok=1
Cmd: compileSnippet
  api=4 type=0 insize=1099 outsize=3098 kw=DIRECTIONAL FOG_EXP2 VERTEXLIGHT_ON pd=UNITY_ENABLE_REFLECTION_BUFFERS UNITY_PBS_USE_BRDF1 UNITY_SPECCUBE_BOX_PROJECTION UNITY_SPECCUBE_BLENDING UNITY_COLORSPACE_GAMMA ok=1
Cmd: disassembleShader
  api=15 insize=3098 outsize=4919 ok=1
Cmd: compileSnippet
  api=8 type=0 insize=1099 outsize=3106 kw=DIRECTIONAL _SPECGLOSSMAP pd=UNITY_NO_SCREENSPACE_SHADOWS UNITY_ENABLE_REFLECTION_BUFFERS UNITY_PBS_USE_BRDF1 UNITY_SPECCUBE_BOX_PROJECTION UNITY_SPECCUBE_BLENDING SHADER_API_MOBILE UNITY_COLORSPACE_GAMMA ok=1
Cmd: disassembleShader
  api=13 insize=3106 outsize=6181 ok=1
Cmd: compileSnippet
  api=9 type=0 insize=1099 outsize=7968 kw=DIRECTIONAL _EMISSION _SPECGLOSSMAP pd=UNITY_NO_DXT5nm UNITY_NO_RGBM UNITY_ENABLE_REFLECTION_BUFFERS UNITY_FRAMEBUFFER_FETCH_AVAILABLE UNITY_PBS_USE_BRDF1 UNITY_SPECCUBE_BOX_PROJECTION UNITY_SPECCUBE_BLENDING SHADER_API_MOBILE UNITY_COLORSPACE_GAMMA ok=1
Cmd: disassembleShader
  api=4 insize=7968 outsize=7968 ok=1
Cmd: compileSnippet
  api=1 type=0 insize=1099 outsize=1736 kw=DIRECTIONAL _EMISSION _NORMALMAP _SPECGLOSSMAP pd=UNITY_ENABLE_REFLECTION_BUFFERS UNITY_PBS_USE_BRDF1 UNITY_SPECCUBE_BOX_PROJECTION UNITY_SPECCUBE_BLENDING UNITY_COLORSPACE_GAMMA ok=1
Cmd: disassembleShader
  api=9 insize=1736 outsize=2994 ok=1
Cmd: compileSnippet
  api=14 type=0 insize=1099 outsize=6004 kw=DIRECTIONAL SHADOWS_SCREEN FOG_EXP2 _EMISSION _NORMALMAP _SPECGLOSSMAP pd=UNITY_ENABLE_REFLECTION_BUFFERS UNITY_PBS_USE_BRDF1 UNITY_SPECCUBE_BOX_PROJECTION UNITY_SPECCUBE_BLENDING UNITY_COLORSPACE_GAMMA ok=1
Cmd: disassembleShader
  api=23 insize=6004 outsize=5988 ok=1
Cmd: compileSnippet
  api=8 type=1 insize=1099 outsize=2946 kw=DIRECTIONAL pd=UNITY_NO_SCREENSPACE_SHADOWS UNITY_ENABLE_REFLECTION_BUFFERS UNITY_PBS_USE_BRDF1 UNITY_SPECCUBE_BOX_PROJECTION UNITY_SPECCUBE_BLENDING SHADER_API_MOBILE UNITY_COLORSPACE_GAMMA ok=1
Cmd: disassembleShader
  api=14 insize=2946 outsize=6078 ok=1
Cmd: compileSnippet
  api=4 type=1 insize=1099 outsize=2246 kw=DIRECTIONAL SHADOWS_SCREEN FOG_EXP2 pd=UNITY_ENABLE_REFLECTION_BUFFERS UNITY_PBS_USE_BRDF1 UNITY_SPECCUBE_BOX_PROJECTION UNITY_SPECCUBE_BLENDING UNITY_COLORSPACE_GAMMA ok=1
Cmd: disassembleShader
  api=17 insize=2246 outsize=3922 ok=1
Cmd: compileSnippet
  api=4 type=1 insize=1099 outsize=2254 kw=DIRECTIONAL SHADOWS_SCREEN _EMISSION _SPECGLOSSMAP pd=UNITY_ENABLE_REFLECTION_BUFFERS UNITY_PBS_USE_BRDF1 UNITY_SPECCUBE_BOX_PROJECTION UNITY_SPECCUBE_BLENDING UNITY_COLORSPACE_GAMMA ok=1
Cmd: disassembleShader
  api=17 insize=2254 outsize=3942 ok=1
Cmd: compileSnippet
  api=15 type=1 insize=1099 outsize=0 kw=DIRECTIONAL _NORMALMAP _SPECGLOSSMAP pd=UNITY_ENABLE_REFLECTION_BUFFERS UNITY_PBS_USE_BRDF1 UNITY_SPECCUBE_BOX_PROJECTION UNITY_SPECCUBE_BLENDING UNITY_COLORSPACE_GAMMA ok=1
Cmd: disassembleShader
  api=6 insize=0 outsize=57 ok=1
Cmd: compileSnippet
  api=5 type=1 insize=1099 outsize=0 kw=DIRECTIONAL SHADOWS_SCREEN _NORMALMAP _SPECGLOSSMAP pd=UNITY_NO_DXT5nm UNITY_NO_RGBM UNITY_ENABLE_REFLECTION_BUFFERS UNITY_FRAMEBUFFER_FETCH_AVAILABLE UNITY_PBS_USE_BRDF1 UNITY_SPECCUBE_BOX_PROJECTION UNITY_SPECCUBE_BLENDING SHADER_API_MOBILE UNITY_COLORSPACE_GAMMA ok=1
Cmd: disassembleShader
  api=5 insize=0 outsize=57 ok=1
Cmd: compileSnippet
  api=14 type=1 insize=1099 outsize=5773 kw=DIRECTIONAL SHADOWS_SCREEN _NORMALMAP _SPECGLOSSMAP pd=UNITY_ENABLE_REFLECTION_BUFFERS UNITY_PBS_USE_BRDF1 UNITY_SPECCUBE_BOX_PROJECTION UNITY_SPECCUBE_BLENDING UNITY_COLORSPACE_GAMMA ok=1
Cmd: disassembleShader
  api=24 insize=5773 outsize=5757 ok=1
Cmd: compileSnippet
  api=5 type=0 insize=958 outsize=4573 kw=POINT pd=UNITY_NO_DXT5nm UNITY_NO_RGBM UNITY_ENABLE_REFLECTION_BUFFERS UNITY_FRAMEBUFFER_FETCH_AVAILABLE UNITY_PBS_USE_BRDF1 UNITY_SPECCUBE_BOX_PROJECTION UNITY_SPECCUBE_BLENDING SHADER_API_MOBILE UNITY_COLORSPACE_GAMMA ok=1
Cmd: disassembleShader
  api=5 insize=4573 outsize=4573 ok=1
Cmd: compileSnippet
  api=14 type=0 insize=958 outsize=3503 kw=DIRECTIONAL SHADOWS_SCREEN pd=UNITY_ENABLE_REFLECTION_BUFFERS UNITY_PBS_USE_BRDF1 UNITY_SPECCUBE_BOX_PROJECTION UNITY_SPECCUBE_BLENDING UNITY_COLORSPACE_GAMMA ok=1
Cmd: disassembleShader
  api=23 insize=3503 outsize=3487 ok=1
Cmd: compileSnippet
  api=1 type=0 insize=958 outsize=1252 kw=SPOT FOG_EXP2 pd=UNITY_ENABLE_REFLECTION_BUFFERS UNITY_PBS_USE_BRDF1 UNITY_SPECCUBE_BOX_PROJECTION UNITY_SPECCUBE_BLENDING UNITY_COLORSPACE_GAMMA ok=1
Cmd: disassembleShader
  api=9 insize=1252 outsize=2120 ok=1
Cmd: compileSnippet
  api=15 type=0 insize=958 outsize=6802 kw=SPOT SHADOWS_DEPTH FOG_EXP2 pd=UNITY_ENABLE_REFLECTION_BUFFERS UNITY_PBS_USE_BRDF1 UNITY_SPECCUBE_BOX_PROJECTION UNITY_SPECCUBE_BLENDING UNITY_COLORSPACE_GAMMA ok=1
Cmd: disassembleShader
  api=6 insize=6802 outsize=6802 ok=1
Cmd: compileSnippet
  api=4 type=0 insize=958 outsize=1630 kw=DIRECTIONAL SHADOWS_SCREEN _SPECGLOSSMAP pd=UNITY_ENABLE_REFLECTION_BUFFERS UNITY_PBS_USE_BRDF1 UNITY_SPECCUBE_BOX_PROJECTION UNITY_SPECCUBE_BLENDING UNITY_COLORSPACE_GAMMA ok=1
Cmd: disassembleShader
  api=15 insize=1630 outsize=2949 ok=1
Cmd: compileSnippet
  api=4 type=0 insize=958 outsize=1734 kw=DIRECTIONAL FOG_EXP2 _SPECGLOSSMAP pd=UNITY_ENABLE_REFLECTION_BUFFERS UNITY_PBS_USE_BRDF1 UNITY_SPECCUBE_BOX_PROJECTION UNITY_SPECCUBE_BLENDING UNITY_COLORSPACE_GAMMA ok=1
Cmd: disassembleShader
  api=15 insize=1734 outsize=3048 ok=1
Cmd: compileSnippet
  api=5 type=0 insize=958 outsize=5342 kw=SPOT FOG_EXP2 _SPECGLOSSMAP pd=UNITY_NO_DXT5nm UNITY_NO_RGBM UNITY_ENABLE_REFLECTION_BUFFERS UNITY_FRAMEBUFFER_FETCH_AVAILABLE UNITY_PBS_USE_BRDF1 UNITY_SPECCUBE_BOX_PROJECTION UNITY_SPECCUBE_BLENDING SHADER_API_MOBILE UNITY_COLORSPACE_GAMMA ok=1
Cmd: disassembleShader
  api=5 insize=5342 outsize=5342 ok=1
Cmd: compileSnippet
  api=4 type=0 insize=958 outsize=2074 kw=DIRECTIONAL_COOKIE FOG_EXP2 _SPECGLOSSMAP pd=UNITY_ENABLE_REFLECTION_BUFFERS UNITY_PBS_USE_BRDF1 UNITY_SPECCUBE_BOX_PROJECTION UNITY_SPECCUBE_BLENDING UNITY_COLORSPACE_GAMMA ok=1
Cmd: disassembleShader
  api=15 insize=2074 outsize=3515 ok=1
Cmd: compileSnippet
  api=15 type=0 insize=958 outsize=6538 kw=POINT_COOKIE SHADOWS_CUBE FOG_EXP2 _SPECGLOSSMAP pd=UNITY_ENABLE_REFLECTION_BUFFERS UNITY_PBS_USE_BRDF1 UNITY_SPECCUBE_BOX_PROJECTION UNITY_SPECCUBE_BLENDING UNITY_COLORSPACE_GAMMA ok=1
Cmd: disassembleShader
  api=6 insize=6538 outsize=6538 ok=1
Cmd: compileSnippet
  api=4 type=0 insize=958 outsize=2322 kw=POINT_COOKIE SHADOWS_CUBE _NORMALMAP _SPECGLOSSMAP pd=UNITY_ENABLE_REFLECTION_BUFFERS UNITY_PBS_USE_BRDF1 UNITY_SPECCUBE_BOX_PROJECTION UNITY_SPECCUBE_BLENDING UNITY_COLORSPACE_GAMMA ok=1
Cmd: disassembleShader
  api=15 insize=2322 outsize=3850 ok=1
Cmd: compileSnippet
  api=9 type=0 insize=958 outsize=7015 kw=DIRECTIONAL_COOKIE FOG_EXP2 _NORMALMAP _SPECGLOSSMAP pd=UNITY_NO_DXT5nm UNITY_NO_RGBM UNITY_ENABLE_REFLECTION_BUFFERS UNITY_FRAMEBUFFER_FETCH_AVAILABLE UNITY_PBS_USE_BRDF1 UNITY_SPECCUBE_BOX_PROJECTION UNITY_SPECCUBE_BLENDING SHADER_API_MOBILE UNITY_COLORSPACE_GAMMA ok=1
Cmd: disassembleShader
  api=4 insize=7015 outsize=7015 ok=1
Cmd: compileSnippet
  api=18 type=1 insize=958 outsize=0 kw=POINT pd=UNITY_NO_DXT5nm UNITY_NO_RGBM UNITY_ENABLE_REFLECTION_BUFFERS UNITY_PBS_USE_BRDF1 UNITY_SPECCUBE_BOX_PROJECTION UNITY_SPECCUBE_BLENDING SHADER_API_MOBILE UNITY_COLORSPACE_GAMMA ok=1
Cmd: disassembleShader
  api=25 insize=0 outsize=1 ok=1
Cmd: compileSnippet
  api=4 type=1 insize=958 outsize=1162 kw=DIRECTIONAL pd=UNITY_ENABLE_REFLECTION_BUFFERS UNITY_PBS_USE_BRDF1 UNITY_SPECCUBE_BOX_PROJECTION UNITY_SPECCUBE_BLENDING UNITY_COLORSPACE_GAMMA ok=1
Cmd: disassembleShader
  api=17 insize=1162 outsize=2201 ok=1
Cmd: compileSnippet
  api=15 type=1 insize=958 outsize=0 kw=SPOT pd=UNITY_ENABLE_REFLECTION_BUFFERS UNITY_PBS_USE_BRDF1 UNITY_SPECCUBE_BOX_PROJECTION UNITY_SPECCUBE_BLENDING UNITY_COLORSPACE_GAMMA ok=1
Cmd: disassembleShader
  api=6 insize=0 outsize=57 ok=1
Cmd: compileSnippet
  api=14 type=1 insize=958 outsize=3263 kw=POINT_COOKIE pd=UNITY_ENABLE_REFLECTION_BUFFERS UNITY_PBS_USE_BRDF1 UNITY_SPECCUBE_BOX_PROJECTION UNITY_SPECCUBE_BLENDING UNITY_COLORSPACE_GAMMA ok=1
Cmd: disassembleShader
  api=24 insize=3263 outsize=3247 ok=1
Cmd: compileSnippet
  api=5 type=1 insize=958 outsize=0 kw=DIRECTIONAL SHADOWS_SCREEN pd=UNITY_NO_DXT5nm UNITY_NO_RGBM UNITY_ENABLE_REFLECTION_BUFFERS UNITY_FRAMEBUFFER_FETCH_AVAILABLE UNITY_PBS_USE_BRDF1 UNITY_SPECCUBE_BOX_PROJECTION UNITY_SPECCUBE_BLENDING SHADER_API_MOBILE UNITY_COLORSPACE_GAMMA ok=1
Cmd: disassembleShader
  api=5 insize=0 outsize=57 ok=1
Cmd: compileSnippet
  api=18 type=1 insize=958 outsize=0 kw=DIRECTIONAL SHADOWS_SCREEN pd=UNITY_NO_DXT5nm UNITY_NO_RGBM UNITY_ENABLE_REFLECTION_BUFFERS UNITY_PBS_USE_BRDF1 UNITY_SPECCUBE_BOX_PROJECTION UNITY_SPECCUBE_BLENDING SHADER_API_MOBILE UNITY_COLORSPACE_GAMMA ok=1
Cmd: disassembleShader
  api=25 insize=0 outsize=1 ok=1
Cmd: compileSnippet
  api=18 type=1 insize=958 outsize=0 kw=DIRECTIONAL_COOKIE SHADOWS_SCREEN pd=UNITY_NO_DXT5nm UNITY_NO_RGBM UNITY_ENABLE_REFLECTION_BUFFERS UNITY_PBS_USE_BRDF1 UNITY_SPECCUBE_BOX_PROJECTION UNITY_SPECCUBE_BLENDING SHADER_API_MOBILE UNITY_COLORSPACE_GAMMA ok=1
Cmd: disassembleShader
  api=25 insize=0 outsize=1 ok=1
Cmd: compileSnippet
  api=14 type=1 insize=958 outsize=3673 kw=POINT SHADOWS_CUBE pd=UNITY_ENABLE_REFLECTION_BUFFERS UNITY_PBS_USE_BRDF1 UNITY_SPECCUBE_BOX_PROJECTION UNITY_SPECCUBE_BLENDING UNITY_COLORSPACE_GAMMA ok=1
Cmd: disassembleShader
  api=24 insize=3673 outsize=3657 ok=1
Cmd: compileSnippet
  api=1 type=1 insize=958 outsize=864 kw=DIRECTIONAL FOG_EXP2 pd=UNITY_ENABLE_REFLECTION_BUFFERS UNITY_PBS_USE_BRDF1 UNITY_SPECCUBE_BOX_PROJECTION UNITY_SPECCUBE_BLENDING UNITY_COLORSPACE_GAMMA ok=1
Cmd: disassembleShader
  api=11 insize=864 outsize=1439 ok=1
Cmd: compileSnippet
  api=1 type=1 insize=958 outsize=972 kw=DIRECTIONAL_COOKIE FOG_EXP2 pd=UNITY_ENABLE_REFLECTION_BUFFERS UNITY_PBS_USE_BRDF1 UNITY_SPECCUBE_BOX_PROJECTION UNITY_SPECCUBE_BLENDING UNITY_COLORSPACE_GAMMA ok=1
Cmd: disassembleShader
  api=11 insize=972 outsize=1590 ok=1
Cmd: compileSnippet
  api=14 type=1 insize=958 outsize=3526 kw=DIRECTIONAL_COOKIE SHADOWS_SCREEN FOG_EXP2 pd=UNITY_ENABLE_REFLECTION_BUFFERS UNITY_PBS_USE_BRDF1 UNITY_SPECCUBE_BOX_PROJECTION UNITY_SPECCUBE_BLENDING UNITY_COLORSPACE_GAMMA ok=1
Cmd: disassembleShader
  api=24 insize=3526 outsize=3510 ok=1
Cmd: compileSnippet
  api=15 type=1 insize=958 outsize=0 kw=DIRECTIONAL_COOKIE _SPECGLOSSMAP pd=UNITY_ENABLE_REFLECTION_BUFFERS UNITY_PBS_USE_BRDF1 UNITY_SPECCUBE_BOX_PROJECTION UNITY_SPECCUBE_BLENDING UNITY_COLORSPACE_GAMMA ok=1
Cmd: disassembleShader
  api=6 insize=0 outsize=57 ok=1
Cmd: compileSnippet
  api=1 type=1 insize=958 outsize=1336 kw=SPOT SHADOWS_DEPTH _SPECGLOSSMAP pd=UNITY_ENABLE_REFLECTION_BUFFERS UNITY_PBS_USE_BRDF1 UNITY_SPECCUBE_BOX_PROJECTION UNITY_SPECCUBE_BLENDING UNITY_COLORSPACE_GAMMA ok=1
Cmd: disassembleShader
  api=11 insize=1336 outsize=2068 ok=1
Cmd: compileSnippet
  api=15 type=1 insize=958 outsize=0 kw=DIRECTIONAL_COOKIE SHADOWS_SCREEN _SPECGLOSSMAP pd=UNITY_ENABLE_REFLECTION_BUFFERS UNITY_PBS_USE_BRDF1 UNITY_SPECCUBE_BOX_PROJECTION UNITY_SPECCUBE_BLENDING UNITY_COLORSPACE_GAMMA ok=1
Cmd: disassembleShader
  api=6 insize=0 outsize=57 ok=1
Cmd: compileSnippet
  api=9 type=1 insize=958 outsize=0 kw=POINT SHADOWS_CUBE _SPECGLOSSMAP pd=UNITY_NO_DXT5nm UNITY_NO_RGBM UNITY_ENABLE_REFLECTION_BUFFERS UNITY_FRAMEBUFFER_FETCH_AVAILABLE UNITY_PBS_USE_BRDF1 UNITY_SPECCUBE_BOX_PROJECTION UNITY_SPECCUBE_BLENDING SHADER_API_MOBILE UNITY_COLORSPACE_GAMMA ok=1
Cmd: disassembleShader
  api=4 insize=0 outsize=57 ok=1
Cmd: compileSnippet
  api=5 type=1 insize=958 outsize=0 kw=POINT_COOKIE SHADOWS_CUBE _SPECGLOSSMAP pd=UNITY_NO_DXT5nm UNITY_NO_RGBM UNITY_ENABLE_REFLECTION_BUFFERS UNITY_FRAMEBUFFER_FETCH_AVAILABLE UNITY_PBS_USE_BRDF1 UNITY_SPECCUBE_BOX_PROJECTION UNITY_SPECCUBE_BLENDING SHADER_API_MOBILE UNITY_COLORSPACE_GAMMA ok=1
Cmd: disassembleShader
  api=5 insize=0 outsize=57 ok=1
Cmd: compileSnippet
  api=1 type=1 insize=958 outsize=1056 kw=POINT FOG_EXP2 _SPECGLOSSMAP pd=UNITY_ENABLE_REFLECTION_BUFFERS UNITY_PBS_USE_BRDF1 UNITY_SPECCUBE_BOX_PROJECTION UNITY_SPECCUBE_BLENDING UNITY_COLORSPACE_GAMMA ok=1
Cmd: disassembleShader
  api=11 insize=1056 outsize=1680 ok=1
Cmd: compileSnippet
  api=8 type=1 insize=958 outsize=2134 kw=DIRECTIONAL_COOKIE FOG_EXP2 _SPECGLOSSMAP pd=UNITY_NO_SCREENSPACE_SHADOWS UNITY_ENABLE_REFLECTION_BUFFERS UNITY_PBS_USE_BRDF1 UNITY_SPECCUBE_BOX_PROJECTION UNITY_SPECCUBE_BLENDING SHADER_API_MOBILE UNITY_COLORSPACE_GAMMA ok=1
Cmd: disassembleShader
  api=14 insize=2134 outsize=4806 ok=1
Cmd: compileSnippet
  api=18 type=1 insize=958 outsize=0 kw=POINT _NORMALMAP _SPECGLOSSMAP pd=UNITY_NO_DXT5nm UNITY_NO_RGBM UNITY_ENABLE_REFLECTION_BUFFERS UNITY_PBS_USE_BRDF1 UNITY_SPECCUBE_BOX_PROJECTION UNITY_SPECCUBE_BLENDING SHADER_API_MOBILE UNITY_COLORSPACE_GAMMA ok=1
Cmd: disassembleShader
  api=25 insize=0 outsize=1 ok=1
Cmd: compileSnippet
  api=9 type=1 insize=958 outsize=0 kw=DIRECTIONAL _NORMALMAP _SPECGLOSSMAP pd=UNITY_NO_DXT5nm UNITY_NO_RGBM UNITY_ENABLE_REFLECTION_BUFFERS UNITY_FRAMEBUFFER_FETCH_AVAILABLE UNITY_PBS_USE_BRDF1 UNITY_SPECCUBE_BOX_PROJECTION UNITY_SPECCUBE_BLENDING SHADER_API_MOBILE UNITY_COLORSPACE_GAMMA ok=1
Cmd: disassembleShader
  api=4 insize=0 outsize=57 ok=1
Cmd: compileSnippet
  api=15 type=1 insize=958 outsize=0 kw=DIRECTIONAL _NORMALMAP _SPECGLOSSMAP pd=UNITY_ENABLE_REFLECTION_BUFFERS UNITY_PBS_USE_BRDF1 UNITY_SPECCUBE_BOX_PROJECTION UNITY_SPECCUBE_BLENDING UNITY_COLORSPACE_GAMMA ok=1
Cmd: disassembleShader
  api=6 insize=0 outsize=57 ok=1
Cmd: compileSnippet
  api=1 type=1 insize=958 outsize=1408 kw=SPOT _NORMALMAP _SPECGLOSSMAP pd=UNITY_ENABLE_REFLECTION_BUFFERS UNITY_PBS_USE_BRDF1 UNITY_SPECCUBE_BOX_PROJECTION UNITY_SPECCUBE_BLENDING UNITY_COLORSPACE_GAMMA ok=1
Cmd: disassembleShader
  api=11 insize=1408 outsize=2198 ok=1
Cmd: compileSnippet
  api=4 type=1 insize=958 outsize=1766 kw=DIRECTIONAL_COOKIE SHADOWS_SCREEN _NORMALMAP _SPECGLOSSMAP pd=UNITY_ENABLE_REFLECTION_BUFFERS UNITY_PBS_USE_BRDF1 UNITY_SPECCUBE_BOX_PROJECTION UNITY_SPECCUBE_BLENDING UNITY_COLORSPACE_GAMMA ok=1
Cmd: disassembleShader
  api=17 insize=1766 outsize=3322 ok=1
Cmd: compileSnippet
  api=4 type=1 insize=958 outsize=1966 kw=SPOT FOG_EXP2 _NORMALMAP _SPECGLOSSMAP pd=UNITY_ENABLE_REFLECTION_BUFFERS UNITY_PBS_USE_BRDF1 UNITY_SPECCUBE_BOX_PROJECTION UNITY_SPECCUBE_BLENDING UNITY_COLORSPACE_GAMMA ok=1
Cmd: disassembleShader
  api=17 insize=1966 outsize=3579 ok=1
Cmd: compileSnippet
  api=14 type=1 insize=958 outsize=4244 kw=POINT_COOKIE FOG_EXP2 _NORMALMAP _SPECGLOSSMAP pd=UNITY_ENABLE_REFLECTION_BUFFERS UNITY_PBS_USE_BRDF1 UNITY_SPECCUBE_BOX_PROJECTION UNITY_SPECCUBE_BLENDING UNITY_COLORSPACE_GAMMA ok=1
Cmd: disassembleShader
  api=24 insize=4244 outsize=4228 ok=1
Cmd: compileSnippet
  api=15 type=0 insize=677 outsize=2925 kw=SHADOWS_DEPTH pd=UNITY_ENABLE_REFLECTION_BUFFERS UNITY_PBS_USE_BRDF1 UNITY_SPECCUBE_BOX_PROJECTION UNITY_SPECCUBE_BLENDING UNITY_COLORSPACE_GAMMA ok=1
Cmd: disassembleShader
  api=6 insize=2925 outsize=2925 ok=1
Cmd: compileSnippet
  api=14 type=1 insize=677 outsize=296 kw=SHADOWS_DEPTH pd=UNITY_ENABLE_REFLECTION_BUFFERS UNITY_PBS_USE_BRDF1 UNITY_SPECCUBE_BOX_PROJECTION UNITY_SPECCUBE_BLENDING UNITY_COLORSPACE_GAMMA ok=1
Cmd: disassembleShader
  api=24 insize=296 outsize=280 ok=1
Cmd: compileSnippet
  api=18 type=1 insize=677 outsize=0 kw=SHADOWS_DEPTH _SPECGLOSSMAP pd=UNITY_NO_DXT5nm UNITY_NO_RGBM UNITY_ENABLE_REFLECTION_BUFFERS UNITY_PBS_USE_BRDF1 UNITY_SPECCUBE_BOX_PROJECTION UNITY_SPECCUBE_BLENDING SHADER_API_MOBILE UNITY_COLORSPACE_GAMMA ok=1
Cmd: disassembleShader
  api=25 insize=0 outsize=1 ok=1
Cmd: compileSnippet
  api=18 type=1 insize=677 outsize=0 kw=SHADOWS_CUBE _SPECGLOSSMAP pd=UNITY_NO_DXT5nm UNITY_NO_RGBM UNITY_ENABLE_REFLECTION_BUFFERS UNITY_PBS_USE_BRDF1 UNITY_SPECCUBE_BOX_PROJECTION UNITY_SPECCUBE_BLENDING SHADER_API_MOBILE UNITY_COLORSPACE_GAMMA ok=1
Cmd: disassembleShader
  api=25 insize=0 outsize=1 ok=1
Cmd: disassembleShader
  api=4 insize=14557 outsize=14557 ok=1
Cmd: compileSnippet
  api=14 type=0 insize=1019 outsize=3918 kw=DIRECTIONAL SHADOWS_SCREEN pd=UNITY_ENABLE_REFLECTION_BUFFERS UNITY_PBS_USE_BRDF1 UNITY_SPECCUBE_BOX_PROJECTION UNITY_SPECCUBE_BLENDING UNITY_COLORSPACE_GAMMA ok=1
Cmd: disassembleShader
  api=23 insize=3918 outsize=3902 ok=1
Cmd: compileSnippet
  api=14 type=0 insize=1019 outsize=5375 kw=DIRECTIONAL FOG_EXP2 VERTEXLIGHT_ON pd=UNITY_ENABLE_REFLECTION_BUFFERS UNITY_PBS_USE_BRDF1 UNITY_SPECCUBE_BOX_PROJECTION UNITY_SPECCUBE_BLENDING UNITY_COLORSPACE_GAMMA ok=1
Cmd: disassembleShader
  api=23 insize=5375 outsize=5359 ok=1
Cmd: compileSnippet
  api=1 type=0 insize=1019 outsize=2152 kw=DIRECTIONAL SHADOWS_SCREEN FOG_EXP2 VERTEXLIGHT_ON _SPECGLOSSMAP pd=UNITY_ENABLE_REFLECTION_BUFFERS UNITY_PBS_USE_BRDF1 UNITY_SPECCUBE_BOX_PROJECTION UNITY_SPECCUBE_BLENDING UNITY_COLORSPACE_GAMMA ok=1
Cmd: disassembleShader
  api=10 insize=2152 outsize=3460 ok=1
Cmd: compileSnippet
  api=4 type=0 insize=1019 outsize=1930 kw=DIRECTIONAL SHADOWS_SCREEN FOG_EXP2 _EMISSION _SPECGLOSSMAP pd=UNITY_ENABLE_REFLECTION_BUFFERS UNITY_PBS_USE_BRDF1 UNITY_SPECCUBE_BOX_PROJECTION UNITY_SPECCUBE_BLENDING UNITY_COLORSPACE_GAMMA ok=1
Cmd: disassembleShader
  api=15 insize=1930 outsize=3428 ok=1
Cmd: compileSnippet
  api=5 type=0 insize=1019 outsize=14969 kw=DIRECTIONAL _NORMALMAP _SPECGLOSSMAP pd=UNITY_NO_DXT5nm UNITY_NO_RGBM UNITY_ENABLE_REFLECTION_BUFFERS UNITY_FRAMEBUFFER_FETCH_AVAILABLE UNITY_PBS_USE_BRDF1 UNITY_SPECCUBE_BOX_PROJECTION UNITY_SPECCUBE_BLENDING SHADER_API_MOBILE UNITY_COLORSPACE_GAMMA ok=1
Cmd: disassembleShader
  api=5 insize=14969 outsize=14969 ok=1
Cmd: compileSnippet
  api=4 type=0 insize=1019 outsize=2130 kw=DIRECTIONAL FOG_EXP2 _EMISSION _NORMALMAP _SPECGLOSSMAP pd=UNITY_ENABLE_REFLECTION_BUFFERS UNITY_PBS_USE_BRDF1 UNITY_SPECCUBE_BOX_PROJECTION UNITY_SPECCUBE_BLENDING UNITY_COLORSPACE_GAMMA ok=1
Cmd: disassembleShader
  api=15 insize=2130 outsize=3650 ok=1
Cmd: disassembleShader
  api=12 insize=3648 outsize=6759 ok=1
Cmd: disassembleShader
  api=25 insize=0 outsize=1 ok=1
Cmd: disassembleShader
  api=5 insize=0 outsize=57 ok=1
Cmd: compileSnippet
  api=9 type=1 insize=1019 outsize=0 kw=DIRECTIONAL FOG_EXP2 pd=UNITY_NO_DXT5nm UNITY_NO_RGBM UNITY_ENABLE_REFLECTION_BUFFERS UNITY_FRAMEBUFFER_FETCH_AVAILABLE UNITY_PBS_USE_BRDF1 UNITY_SPECCUBE_BOX_PROJECTION UNITY_SPECCUBE_BLENDING SHADER_API_MOBILE UNITY_COLORSPACE_GAMMA ok=1
Cmd: disassembleShader
  api=4 insize=0 outsize=57 ok=1
Cmd: compileSnippet
  api=15 type=1 insize=1019 outsize=0 kw=DIRECTIONAL SHADOWS_SCREEN FOG_EXP2 pd=UNITY_ENABLE_REFLECTION_BUFFERS UNITY_PBS_USE_BRDF1 UNITY_SPECCUBE_BOX_PROJECTION UNITY_SPECCUBE_BLENDING UNITY_COLORSPACE_GAMMA ok=1
Cmd: disassembleShader
  api=6 insize=0 outsize=57 ok=1
Cmd: compileSnippet
  api=14 type=1 insize=1019 outsize=14889 kw=DIRECTIONAL _SPECGLOSSMAP pd=UNITY_ENABLE_REFLECTION_BUFFERS UNITY_PBS_USE_BRDF1 UNITY_SPECCUBE_BOX_PROJECTION UNITY_SPECCUBE_BLENDING UNITY_COLORSPACE_GAMMA ok=1
Cmd: disassembleShader
  api=24 insize=14889 outsize=14873 ok=1
Cmd: disassembleShader
  api=23 insize=3857 outsize=3841 ok=1
Cmd: compileSnippet
  api=14 type=0 insize=943 outsize=3052 kw=DIRECTIONAL pd=UNITY_ENABLE_REFLECTION_BUFFERS UNITY_PBS_USE_BRDF1 UNITY_SPECCUBE_BOX_PROJECTION UNITY_SPECCUBE_BLENDING UNITY_COLORSPACE_GAMMA ok=1
Cmd: disassembleShader
  api=23 insize=3052 outsize=3036 ok=1
Cmd: compileSnippet
  api=4 type=0 insize=943 outsize=1790 kw=POINT SHADOWS_CUBE pd=UNITY_ENABLE_REFLECTION_BUFFERS UNITY_PBS_USE_BRDF1 UNITY_SPECCUBE_BOX_PROJECTION UNITY_SPECCUBE_BLENDING UNITY_COLORSPACE_GAMMA ok=1
Cmd: disassembleShader
  api=15 insize=1790 outsize=3185 ok=1
Cmd: compileSnippet
  api=5 type=0 insize=943 outsize=6626 kw=POINT FOG_EXP2 pd=UNITY_NO_DXT5nm UNITY_NO_RGBM UNITY_ENABLE_REFLECTION_BUFFERS UNITY_FRAMEBUFFER_FETCH_AVAILABLE UNITY_PBS_USE_BRDF1 UNITY_SPECCUBE_BOX_PROJECTION UNITY_SPECCUBE_BLENDING SHADER_API_MOBILE UNITY_COLORSPACE_GAMMA ok=1
Cmd: disassembleShader
  api=5 insize=6626 outsize=6626 ok=1
Cmd: compileSnippet
  api=5 type=0 insize=943 outsize=7526 kw=POINT_COOKIE SHADOWS_CUBE FOG_EXP2 pd=UNITY_NO_DXT5nm UNITY_NO_RGBM UNITY_ENABLE_REFLECTION_BUFFERS UNITY_FRAMEBUFFER_FETCH_AVAILABLE UNITY_PBS_USE_BRDF1 UNITY_SPECCUBE_BOX_PROJECTION UNITY_SPECCUBE_BLENDING SHADER_API_MOBILE UNITY_COLORSPACE_GAMMA ok=1
Cmd: disassembleShader
  api=5 insize=7526 outsize=7526 ok=1
Cmd: compileSnippet
  api=1 type=0 insize=943 outsize=1168 kw=POINT_COOKIE _SPECGLOSSMAP pd=UNITY_ENABLE_REFLECTION_BUFFERS UNITY_PBS_USE_BRDF1 UNITY_SPECCUBE_BOX_PROJECTION UNITY_SPECCUBE_BLENDING UNITY_COLORSPACE_GAMMA ok=1
Cmd: disassembleShader
  api=10 insize=1168 outsize=1918 ok=1
Cmd: compileSnippet
  api=9 type=0 insize=943 outsize=8992 kw=DIRECTIONAL_COOKIE SHADOWS_SCREEN _SPECGLOSSMAP pd=UNITY_NO_DXT5nm UNITY_NO_RGBM UNITY_ENABLE_REFLECTION_BUFFERS UNITY_FRAMEBUFFER_FETCH_AVAILABLE UNITY_PBS_USE_BRDF1 UNITY_SPECCUBE_BOX_PROJECTION UNITY_SPECCUBE_BLENDING SHADER_API_MOBILE UNITY_COLORSPACE_GAMMA ok=1
Cmd: disassembleShader
  api=4 insize=8992 outsize=8992 ok=1
Cmd: compileSnippet
  api=15 type=0 insize=943 outsize=9299 kw=POINT SHADOWS_CUBE SHADOWS_SOFT FOG_EXP2 _SPECGLOSSMAP pd=UNITY_ENABLE_REFLECTION_BUFFERS UNITY_PBS_USE_BRDF1 UNITY_SPECCUBE_BOX_PROJECTION UNITY_SPECCUBE_BLENDING UNITY_COLORSPACE_GAMMA ok=1
Cmd: disassembleShader
  api=6 insize=9299 outsize=9299 ok=1
Cmd: compileSnippet
  api=5 type=0 insize=943 outsize=8551 kw=DIRECTIONAL_COOKIE SHADOWS_SCREEN _NORMALMAP _SPECGLOSSMAP pd=UNITY_NO_DXT5nm UNITY_NO_RGBM UNITY_ENABLE_REFLECTION_BUFFERS UNITY_FRAMEBUFFER_FETCH_AVAILABLE UNITY_PBS_USE_BRDF1 UNITY_SPECCUBE_BOX_PROJECTION UNITY_SPECCUBE_BLENDING SHADER_API_MOBILE UNITY_COLORSPACE_GAMMA ok=1
Cmd: disassembleShader
  api=5 insize=8551 outsize=8551 ok=1
Cmd: compileSnippet
  api=4 type=0 insize=943 outsize=2378 kw=SPOT SHADOWS_DEPTH FOG_EXP2 _NORMALMAP _SPECGLOSSMAP pd=UNITY_ENABLE_REFLECTION_BUFFERS UNITY_PBS_USE_BRDF1 UNITY_SPECCUBE_BOX_PROJECTION UNITY_SPECCUBE_BLENDING UNITY_COLORSPACE_GAMMA ok=1
Cmd: disassembleShader
  api=15 insize=2378 outsize=4018 ok=1
Cmd: compileSnippet
  api=9 type=0 insize=943 outsize=12267 kw=SPOT SHADOWS_DEPTH SHADOWS_SOFT FOG_EXP2 _NORMALMAP _SPECGLOSSMAP pd=UNITY_NO_DXT5nm UNITY_NO_RGBM UNITY_ENABLE_REFLECTION_BUFFERS UNITY_FRAMEBUFFER_FETCH_AVAILABLE UNITY_PBS_USE_BRDF1 UNITY_SPECCUBE_BOX_PROJECTION UNITY_SPECCUBE_BLENDING SHADER_API_MOBILE UNITY_COLORSPACE_GAMMA ok=1
Cmd: disassembleShader
  api=4 insize=12267 outsize=12267 ok=1
Cmd: disassembleShader
  api=12 insize=1684 outsize=2962 ok=1
Cmd: disassembleShader
  api=5 insize=0 outsize=57 ok=1
Cmd: compileSnippet
  api=18 type=1 insize=943 outsize=0 kw=SPOT pd=UNITY_NO_DXT5nm UNITY_NO_RGBM UNITY_ENABLE_REFLECTION_BUFFERS UNITY_PBS_USE_BRDF1 UNITY_SPECCUBE_BOX_PROJECTION UNITY_SPECCUBE_BLENDING SHADER_API_MOBILE UNITY_COLORSPACE_GAMMA ok=1
Cmd: disassembleShader
  api=25 insize=0 outsize=1 ok=1
Cmd: compileSnippet
  api=9 type=1 insize=943 outsize=0 kw=DIRECTIONAL_COOKIE pd=UNITY_NO_DXT5nm UNITY_NO_RGBM UNITY_ENABLE_REFLECTION_BUFFERS UNITY_FRAMEBUFFER_FETCH_AVAILABLE UNITY_PBS_USE_BRDF1 UNITY_SPECCUBE_BOX_PROJECTION UNITY_SPECCUBE_BLENDING SHADER_API_MOBILE UNITY_COLORSPACE_GAMMA ok=1
Cmd: disassembleShader
  api=4 insize=0 outsize=57 ok=1
Cmd: compileSnippet
  api=9 type=1 insize=943 outsize=0 kw=SPOT SHADOWS_DEPTH pd=UNITY_NO_DXT5nm UNITY_NO_RGBM UNITY_ENABLE_REFLECTION_BUFFERS UNITY_FRAMEBUFFER_FETCH_AVAILABLE UNITY_PBS_USE_BRDF1 UNITY_SPECCUBE_BOX_PROJECTION UNITY_SPECCUBE_BLENDING SHADER_API_MOBILE UNITY_COLORSPACE_GAMMA ok=1
Cmd: disassembleShader
  api=4 insize=0 outsize=57 ok=1
Cmd: compileSnippet
  api=18 type=1 insize=943 outsize=0 kw=SPOT SHADOWS_DEPTH pd=UNITY_NO_DXT5nm UNITY_NO_RGBM UNITY_ENABLE_REFLECTION_BUFFERS UNITY_PBS_USE_BRDF1 UNITY_SPECCUBE_BOX_PROJECTION UNITY_SPECCUBE_BLENDING SHADER_API_MOBILE UNITY_COLORSPACE_GAMMA ok=1
Cmd: disassembleShader
  api=25 insize=0 outsize=1 ok=1
Cmd: compileSnippet
  api=18 type=1 insize=943 outsize=0 kw=DIRECTIONAL SHADOWS_SCREEN pd=UNITY_NO_DXT5nm UNITY_NO_RGBM UNITY_ENABLE_REFLECTION_BUFFERS UNITY_PBS_USE_BRDF1 UNITY_SPECCUBE_BOX_PROJECTION UNITY_SPECCUBE_BLENDING SHADER_API_MOBILE UNITY_COLORSPACE_GAMMA ok=1
Cmd: disassembleShader
  api=25 insize=0 outsize=1 ok=1
Cmd: compileSnippet
  api=15 type=1 insize=943 outsize=0 kw=DIRECTIONAL_COOKIE SHADOWS_SCREEN pd=UNITY_ENABLE_REFLECTION_BUFFERS UNITY_PBS_USE_BRDF1 UNITY_SPECCUBE_BOX_PROJECTION UNITY_SPECCUBE_BLENDING UNITY_COLORSPACE_GAMMA ok=1
Cmd: disassembleShader
  api=6 insize=0 outsize=57 ok=1
Cmd: compileSnippet
  api=15 type=1 insize=943 outsize=0 kw=POINT SHADOWS_CUBE pd=UNITY_ENABLE_REFLECTION_BUFFERS UNITY_PBS_USE_BRDF1 UNITY_SPECCUBE_BOX_PROJECTION UNITY_SPECCUBE_BLENDING UNITY_COLORSPACE_GAMMA ok=1
Cmd: disassembleShader
  api=6 insize=0 outsize=57 ok=1
Cmd: compileSnippet
  api=9 type=1 insize=943 outsize=0 kw=POINT_COOKIE SHADOWS_CUBE pd=UNITY_NO_DXT5nm UNITY_NO_RGBM UNITY_ENABLE_REFLECTION_BUFFERS UNITY_FRAMEBUFFER_FETCH_AVAILABLE UNITY_PBS_USE_BRDF1 UNITY_SPECCUBE_BOX_PROJECTION UNITY_SPECCUBE_BLENDING SHADER_API_MOBILE UNITY_COLORSPACE_GAMMA ok=1
Cmd: disassembleShader
  api=4 insize=0 outsize=57 ok=1
Cmd: compileSnippet
  api=18 type=1 insize=943 outsize=0 kw=POINT_COOKIE SHADOWS_CUBE pd=UNITY_NO_DXT5nm UNITY_NO_RGBM UNITY_ENABLE_REFLECTION_BUFFERS UNITY_PBS_USE_BRDF1 UNITY_SPECCUBE_BOX_PROJECTION UNITY_SPECCUBE_BLENDING SHADER_API_MOBILE UNITY_COLORSPACE_GAMMA ok=1
Cmd: disassembleShader
  api=25 insize=0 outsize=1 ok=1
Cmd: compileSnippet
  api=4 type=1 insize=943 outsize=3674 kw=SPOT SHADOWS_DEPTH SHADOWS_SOFT pd=UNITY_ENABLE_REFLECTION_BUFFERS UNITY_PBS_USE_BRDF1 UNITY_SPECCUBE_BOX_PROJECTION UNITY_SPECCUBE_BLENDING UNITY_COLORSPACE_GAMMA ok=1
Cmd: disassembleShader
  api=17 insize=3674 outsize=5337 ok=1
Cmd: compileSnippet
  api=4 type=1 insize=943 outsize=3606 kw=POINT_COOKIE SHADOWS_CUBE FOG_EXP2 pd=UNITY_ENABLE_REFLECTION_BUFFERS UNITY_PBS_USE_BRDF1 UNITY_SPECCUBE_BOX_PROJECTION UNITY_SPECCUBE_BLENDING UNITY_COLORSPACE_GAMMA ok=1
Cmd: disassembleShader
  api=17 insize=3606 outsize=5313 ok=1
Cmd: compileSnippet
  api=5 type=1 insize=943 outsize=0 kw=SPOT _SPECGLOSSMAP pd=UNITY_NO_DXT5nm UNITY_NO_RGBM UNITY_ENABLE_REFLECTION_BUFFERS UNITY_FRAMEBUFFER_FETCH_AVAILABLE UNITY_PBS_USE_BRDF1 UNITY_SPECCUBE_BOX_PROJECTION UNITY_SPECCUBE_BLENDING SHADER_API_MOBILE UNITY_COLORSPACE_GAMMA ok=1
Cmd: disassembleShader
  api=5 insize=0 outsize=57 ok=1
Cmd: compileSnippet
  api=4 type=1 insize=943 outsize=3010 kw=POINT_COOKIE _SPECGLOSSMAP pd=UNITY_ENABLE_REFLECTION_BUFFERS UNITY_PBS_USE_BRDF1 UNITY_SPECCUBE_BOX_PROJECTION UNITY_SPECCUBE_BLENDING UNITY_COLORSPACE_GAMMA ok=1
Cmd: disassembleShader
  api=17 insize=3010 outsize=4420 ok=1
Cmd: compileSnippet
  api=5 type=1 insize=943 outsize=0 kw=POINT_COOKIE SHADOWS_CUBE SHADOWS_SOFT _SPECGLOSSMAP pd=UNITY_NO_DXT5nm UNITY_NO_RGBM UNITY_ENABLE_REFLECTION_BUFFERS UNITY_FRAMEBUFFER_FETCH_AVAILABLE UNITY_PBS_USE_BRDF1 UNITY_SPECCUBE_BOX_PROJECTION UNITY_SPECCUBE_BLENDING SHADER_API_MOBILE UNITY_COLORSPACE_GAMMA ok=1
Cmd: disassembleShader
  api=5 insize=0 outsize=57 ok=1
Cmd: compileSnippet
  api=1 type=1 insize=943 outsize=2000 kw=POINT FOG_EXP2 _SPECGLOSSMAP pd=UNITY_ENABLE_REFLECTION_BUFFERS UNITY_PBS_USE_BRDF1 UNITY_SPECCUBE_BOX_PROJECTION UNITY_SPECCUBE_BLENDING UNITY_COLORSPACE_GAMMA ok=1
Cmd: disassembleShader
  api=12 insize=2000 outsize=3407 ok=1
Cmd: compileSnippet
  api=18 type=1 insize=943 outsize=0 kw=SPOT FOG_EXP2 _SPECGLOSSMAP pd=UNITY_NO_DXT5nm UNITY_NO_RGBM UNITY_ENABLE_REFLECTION_BUFFERS UNITY_PBS_USE_BRDF1 UNITY_SPECCUBE_BOX_PROJECTION UNITY_SPECCUBE_BLENDING SHADER_API_MOBILE UNITY_COLORSPACE_GAMMA ok=1
Cmd: disassembleShader
  api=25 insize=0 outsize=1 ok=1
Cmd: compileSnippet
  api=18 type=1 insize=943 outsize=0 kw=POINT_COOKIE FOG_EXP2 _SPECGLOSSMAP pd=UNITY_NO_DXT5nm UNITY_NO_RGBM UNITY_ENABLE_REFLECTION_BUFFERS UNITY_PBS_USE_BRDF1 UNITY_SPECCUBE_BOX_PROJECTION UNITY_SPECCUBE_BLENDING SHADER_API_MOBILE UNITY_COLORSPACE_GAMMA ok=1
Cmd: disassembleShader
  api=25 insize=0 outsize=1 ok=1
Cmd: compileSnippet
  api=9 type=1 insize=943 outsize=0 kw=DIRECTIONAL_COOKIE FOG_EXP2 _SPECGLOSSMAP pd=UNITY_NO_DXT5nm UNITY_NO_RGBM UNITY_ENABLE_REFLECTION_BUFFERS UNITY_FRAMEBUFFER_FETCH_AVAILABLE UNITY_PBS_USE_BRDF1 UNITY_SPECCUBE_BOX_PROJECTION UNITY_SPECCUBE_BLENDING SHADER_API_MOBILE UNITY_COLORSPACE_GAMMA ok=1
Cmd: disassembleShader
  api=4 insize=0 outsize=57 ok=1
Cmd: compileSnippet
  api=15 type=1 insize=943 outsize=0 kw=DIRECTIONAL_COOKIE FOG_EXP2 _SPECGLOSSMAP pd=UNITY_ENABLE_REFLECTION_BUFFERS UNITY_PBS_USE_BRDF1 UNITY_SPECCUBE_BOX_PROJECTION UNITY_SPECCUBE_BLENDING UNITY_COLORSPACE_GAMMA ok=1
Cmd: disassembleShader
  api=6 insize=0 outsize=57 ok=1
Cmd: compileSnippet
  api=4 type=1 insize=943 outsize=3722 kw=SPOT SHADOWS_DEPTH FOG_EXP2 _SPECGLOSSMAP pd=UNITY_ENABLE_REFLECTION_BUFFERS UNITY_PBS_USE_BRDF1 UNITY_SPECCUBE_BOX_PROJECTION UNITY_SPECCUBE_BLENDING UNITY_COLORSPACE_GAMMA ok=1
Cmd: disassembleShader
  api=17 insize=3722 outsize=5506 ok=1
Cmd: compileSnippet
  api=14 type=1 insize=943 outsize=7078 kw=POINT _NORMALMAP _SPECGLOSSMAP pd=UNITY_ENABLE_REFLECTION_BUFFERS UNITY_PBS_USE_BRDF1 UNITY_SPECCUBE_BOX_PROJECTION UNITY_SPECCUBE_BLENDING UNITY_COLORSPACE_GAMMA ok=1
Cmd: disassembleShader
  api=24 insize=7078 outsize=7062 ok=1
Cmd: compileSnippet
  api=14 type=1 insize=943 outsize=8095 kw=POINT_COOKIE SHADOWS_CUBE _NORMALMAP _SPECGLOSSMAP pd=UNITY_ENABLE_REFLECTION_BUFFERS UNITY_PBS_USE_BRDF1 UNITY_SPECCUBE_BOX_PROJECTION UNITY_SPECCUBE_BLENDING UNITY_COLORSPACE_GAMMA ok=1
Cmd: disassembleShader
  api=24 insize=8095 outsize=8079 ok=1
Cmd: compileSnippet
  api=9 type=1 insize=943 outsize=0 kw=POINT SHADOWS_CUBE SHADOWS_SOFT FOG_EXP2 _NORMALMAP _SPECGLOSSMAP pd=UNITY_NO_DXT5nm UNITY_NO_RGBM UNITY_ENABLE_REFLECTION_BUFFERS UNITY_FRAMEBUFFER_FETCH_AVAILABLE UNITY_PBS_USE_BRDF1 UNITY_SPECCUBE_BOX_PROJECTION UNITY_SPECCUBE_BLENDING SHADER_API_MOBILE UNITY_COLORSPACE_GAMMA ok=1
Cmd: disassembleShader
  api=4 insize=0 outsize=57 ok=1
Cmd: compileSnippet
  api=1 type=1 insize=943 outsize=2828 kw=POINT_COOKIE SHADOWS_CUBE SHADOWS_SOFT FOG_EXP2 _NORMALMAP _SPECGLOSSMAP pd=UNITY_ENABLE_REFLECTION_BUFFERS UNITY_PBS_USE_BRDF1 UNITY_SPECCUBE_BOX_PROJECTION UNITY_SPECCUBE_BLENDING UNITY_COLORSPACE_GAMMA ok=1
Cmd: disassembleShader
  api=12 insize=2828 outsize=4837 ok=1
Cmd: disassembleShader
  api=23 insize=3174 outsize=3158 ok=1
Cmd: compileSnippet
  api=14 type=0 insize=724 outsize=1432 kw=SHADOWS_CUBE pd=UNITY_ENABLE_REFLECTION_BUFFERS UNITY_PBS_USE_BRDF1 UNITY_SPECCUBE_BOX_PROJECTION UNITY_SPECCUBE_BLENDING UNITY_COLORSPACE_GAMMA ok=1
Cmd: disassembleShader
  api=23 insize=1432 outsize=1416 ok=1
Cmd: disassembleShader
  api=17 insize=182 outsize=599 ok=1
Cmd: disassembleShader
  api=24 insize=781 outsize=765 ok=1
Cmd: disassembleShader
  api=5 insize=0 outsize=57 ok=1
Cmd: disassembleShader
  api=12 insize=276 outsize=516 ok=1
Cmd: compileSnippet
  api=15 type=1 insize=724 outsize=0 kw=SHADOWS_CUBE _SPECGLOSSMAP pd=UNITY_ENABLE_REFLECTION_BUFFERS UNITY_PBS_USE_BRDF1 UNITY_SPECCUBE_BOX_PROJECTION UNITY_SPECCUBE_BLENDING UNITY_COLORSPACE_GAMMA ok=1
Cmd: disassembleShader
  api=6 insize=0 outsize=57 ok=1
Cmd: disassembleShader
  api=4 insize=5487 outsize=5487 ok=1
Cmd: compileSnippet
  api=14 type=0 insize=1148 outsize=3600 kw=_SPECGLOSSMAP pd=UNITY_ENABLE_REFLECTION_BUFFERS UNITY_PBS_USE_BRDF1 UNITY_SPECCUBE_BOX_PROJECTION UNITY_SPECCUBE_BLENDING UNITY_COLORSPACE_GAMMA ok=1
Cmd: disassembleShader
  api=23 insize=3600 outsize=3584 ok=1
Cmd: compileSnippet
  api=15 type=0 insize=1148 outsize=8310 kw=DIRLIGHTMAP_COMBINED _NORMALMAP _SPECGLOSSMAP pd=UNITY_ENABLE_REFLECTION_BUFFERS UNITY_PBS_USE_BRDF1 UNITY_SPECCUBE_BOX_PROJECTION UNITY_SPECCUBE_BLENDING UNITY_COLORSPACE_GAMMA ok=1
Cmd: disassembleShader
  api=6 insize=8310 outsize=8310 ok=1
Cmd: compileSnippet
  api=15 type=0 insize=1148 outsize=8270 kw=UNITY_HDR_ON _NORMALMAP _SPECGLOSSMAP pd=UNITY_ENABLE_REFLECTION_BUFFERS UNITY_PBS_USE_BRDF1 UNITY_SPECCUBE_BOX_PROJECTION UNITY_SPECCUBE_BLENDING UNITY_COLORSPACE_GAMMA ok=1
Cmd: disassembleShader
  api=6 insize=8270 outsize=8270 ok=1
Cmd: disassembleShader
  api=12 insize=1080 outsize=1895 ok=1
Cmd: disassembleShader
  api=4 insize=0 outsize=57 ok=1
Cmd: disassembleShader
  api=12 insize=1268 outsize=2155 ok=1
Cmd: compileSnippet
  api=18 type=1 insize=1148 outsize=0 kw=_EMISSION _SPECGLOSSMAP pd=UNITY_NO_DXT5nm UNITY_NO_RGBM UNITY_ENABLE_REFLECTION_BUFFERS UNITY_PBS_USE_BRDF1 UNITY_SPECCUBE_BOX_PROJECTION UNITY_SPECCUBE_BLENDING SHADER_API_MOBILE UNITY_COLORSPACE_GAMMA ok=1
Cmd: disassembleShader
  api=25 insize=0 outsize=1 ok=1
Cmd: compileSnippet
  api=1 type=1 insize=1148 outsize=1572 kw=_EMISSION _NORMALMAP _SPECGLOSSMAP pd=UNITY_ENABLE_REFLECTION_BUFFERS UNITY_PBS_USE_BRDF1 UNITY_SPECCUBE_BOX_PROJECTION UNITY_SPECCUBE_BLENDING UNITY_COLORSPACE_GAMMA ok=1
Cmd: disassembleShader
  api=12 insize=1572 outsize=2661 ok=1
Cmd: compileSnippet
  api=14 type=1 insize=1148 outsize=6058 kw=DIRLIGHTMAP_SEPARATE _EMISSION _SPECGLOSSMAP pd=UNITY_ENABLE_REFLECTION_BUFFERS UNITY_PBS_USE_BRDF1 UNITY_SPECCUBE_BOX_PROJECTION UNITY_SPECCUBE_BLENDING UNITY_COLORSPACE_GAMMA ok=1
Cmd: disassembleShader
  api=24 insize=6058 outsize=6042 ok=1
Cmd: compileSnippet
  api=4 type=1 insize=1148 outsize=2474 kw=UNITY_HDR_ON _SPECGLOSSMAP pd=UNITY_ENABLE_REFLECTION_BUFFERS UNITY_PBS_USE_BRDF1 UNITY_SPECCUBE_BOX_PROJECTION UNITY_SPECCUBE_BLENDING UNITY_COLORSPACE_GAMMA ok=1
Cmd: disassembleShader
  api=17 insize=2474 outsize=4446 ok=1
Cmd: disassembleShader
  api=4 insize=0 outsize=57 ok=1
Cmd: compileSnippet
  api=18 type=1 insize=1148 outsize=0 kw=_EMISSION UNITY_HDR_ON _NORMALMAP _SPECGLOSSMAP pd=UNITY_NO_DXT5nm UNITY_NO_RGBM UNITY_ENABLE_REFLECTION_BUFFERS UNITY_PBS_USE_BRDF1 UNITY_SPECCUBE_BOX_PROJECTION UNITY_SPECCUBE_BLENDING SHADER_API_MOBILE UNITY_COLORSPACE_GAMMA ok=1
Cmd: disassembleShader
  api=25 insize=0 outsize=1 ok=1
Cmd: disassembleShader
  api=17 insize=2474 outsize=4446 ok=1
Cmd: compileSnippet
  api=14 type=1 insize=1148 outsize=5687 kw=DIRLIGHTMAP_COMBINED UNITY_HDR_ON _SPECGLOSSMAP pd=UNITY_ENABLE_REFLECTION_BUFFERS UNITY_PBS_USE_BRDF1 UNITY_SPECCUBE_BOX_PROJECTION UNITY_SPECCUBE_BLENDING UNITY_COLORSPACE_GAMMA ok=1
Cmd: disassembleShader
  api=24 insize=5687 outsize=5671 ok=1
Cmd: compileSnippet
  api=4 type=1 insize=1148 outsize=2966 kw=DIRLIGHTMAP_COMBINED _EMISSION UNITY_HDR_ON _NORMALMAP _SPECGLOSSMAP pd=UNITY_ENABLE_REFLECTION_BUFFERS UNITY_PBS_USE_BRDF1 UNITY_SPECCUBE_BOX_PROJECTION UNITY_SPECCUBE_BLENDING UNITY_COLORSPACE_GAMMA ok=1
Cmd: disassembleShader
  api=17 insize=2966 outsize=5231 ok=1
Cmd: disassembleShader
  api=5 insize=6911 outsize=6911 ok=1
Cmd: compileSnippet
  api=1 type=0 insize=1099 outsize=1664 kw=DIRECTIONAL SHADOWS_SCREEN pd=UNITY_ENABLE_REFLECTION_BUFFERS UNITY_PBS_USE_BRDF1 UNITY_SPECCUBE_BOX_PROJECTION UNITY_SPECCUBE_BLENDING UNITY_COLORSPACE_GAMMA ok=1
Cmd: disassembleShader
  api=9 insize=1664 outsize=2758 ok=1
Cmd: compileSnippet
  api=14 type=0 insize=1099 outsize=6301 kw=DIRECTIONAL FOG_EXP2 VERTEXLIGHT_ON pd=UNITY_ENABLE_REFLECTION_BUFFERS UNITY_PBS_USE_BRDF1 UNITY_SPECCUBE_BOX_PROJECTION UNITY_SPECCUBE_BLENDING UNITY_COLORSPACE_GAMMA ok=1
Cmd: disassembleShader
  api=23 insize=6301 outsize=6285 ok=1
Cmd: compileSnippet
  api=15 type=0 insize=1099 outsize=8458 kw=DIRECTIONAL FOG_EXP2 VERTEXLIGHT_ON _SPECGLOSSMAP pd=UNITY_ENABLE_REFLECTION_BUFFERS UNITY_PBS_USE_BRDF1 UNITY_SPECCUBE_BOX_PROJECTION UNITY_SPECCUBE_BLENDING UNITY_COLORSPACE_GAMMA ok=1
Cmd: disassembleShader
  api=6 insize=8458 outsize=8458 ok=1
Cmd: compileSnippet
  api=5 type=0 insize=1099 outsize=8961 kw=DIRECTIONAL _NORMALMAP _SPECGLOSSMAP pd=UNITY_NO_DXT5nm UNITY_NO_RGBM UNITY_ENABLE_REFLECTION_BUFFERS UNITY_FRAMEBUFFER_FETCH_AVAILABLE UNITY_PBS_USE_BRDF1 UNITY_SPECCUBE_BOX_PROJECTION UNITY_SPECCUBE_BLENDING SHADER_API_MOBILE UNITY_COLORSPACE_GAMMA ok=1
Cmd: disassembleShader
  api=5 insize=8961 outsize=8961 ok=1
Cmd: compileSnippet
  api=14 type=0 insize=1099 outsize=5609 kw=DIRECTIONAL SHADOWS_SCREEN _EMISSION _NORMALMAP _SPECGLOSSMAP pd=UNITY_ENABLE_REFLECTION_BUFFERS UNITY_PBS_USE_BRDF1 UNITY_SPECCUBE_BOX_PROJECTION UNITY_SPECCUBE_BLENDING UNITY_COLORSPACE_GAMMA ok=1
Cmd: disassembleShader
  api=23 insize=5609 outsize=5593 ok=1
Cmd: disassembleShader
  api=4 insize=0 outsize=57 ok=1
Cmd: disassembleShader
  api=17 insize=2098 outsize=3658 ok=1
Cmd: disassembleShader
  api=17 insize=2090 outsize=3614 ok=1
Cmd: compileSnippet
  api=1 type=1 insize=1099 outsize=1612 kw=DIRECTIONAL SHADOWS_SCREEN FOG_EXP2 pd=UNITY_ENABLE_REFLECTION_BUFFERS UNITY_PBS_USE_BRDF1 UNITY_SPECCUBE_BOX_PROJECTION UNITY_SPECCUBE_BLENDING UNITY_COLORSPACE_GAMMA ok=1
Cmd: disassembleShader
  api=11 insize=1612 outsize=2657 ok=1
Cmd: compileSnippet
  api=4 type=1 insize=1099 outsize=2578 kw=DIRECTIONAL SHADOWS_SCREEN FOG_EXP2 _NORMALMAP _SPECGLOSSMAP pd=UNITY_ENABLE_REFLECTION_BUFFERS UNITY_PBS_USE_BRDF1 UNITY_SPECCUBE_BOX_PROJECTION UNITY_SPECCUBE_BLENDING UNITY_COLORSPACE_GAMMA ok=1
Cmd: disassembleShader
  api=17 insize=2578 outsize=4494 ok=1
Cmd: compileSnippet
  api=1 type=0 insize=958 outsize=1144 kw=POINT pd=UNITY_ENABLE_REFLECTION_BUFFERS UNITY_PBS_USE_BRDF1 UNITY_SPECCUBE_BOX_PROJECTION UNITY_SPECCUBE_BLENDING UNITY_COLORSPACE_GAMMA ok=1
Cmd: disassembleShader
  api=9 insize=1144 outsize=1870 ok=1
Cmd: compileSnippet
  api=14 type=0 insize=958 outsize=4512 kw=SPOT SHADOWS_DEPTH pd=UNITY_ENABLE_REFLECTION_BUFFERS UNITY_PBS_USE_BRDF1 UNITY_SPECCUBE_BOX_PROJECTION UNITY_SPECCUBE_BLENDING UNITY_COLORSPACE_GAMMA ok=1
Cmd: disassembleShader
  api=23 insize=4512 outsize=4496 ok=1
Cmd: disassembleShader
  api=15 insize=1734 outsize=3048 ok=1
Cmd: compileSnippet
  api=5 type=0 insize=958 outsize=4415 kw=DIRECTIONAL FOG_EXP2 pd=UNITY_NO_DXT5nm UNITY_NO_RGBM UNITY_ENABLE_REFLECTION_BUFFERS UNITY_FRAMEBUFFER_FETCH_AVAILABLE UNITY_PBS_USE_BRDF1 UNITY_SPECCUBE_BOX_PROJECTION UNITY_SPECCUBE_BLENDING SHADER_API_MOBILE UNITY_COLORSPACE_GAMMA ok=1
Cmd: disassembleShader
  api=5 insize=4415 outsize=4415 ok=1
Cmd: compileSnippet
  api=4 type=0 insize=958 outsize=2230 kw=DIRECTIONAL_COOKIE SHADOWS_SCREEN FOG_EXP2 pd=UNITY_ENABLE_REFLECTION_BUFFERS UNITY_PBS_USE_BRDF1 UNITY_SPECCUBE_BOX_PROJECTION UNITY_SPECCUBE_BLENDING UNITY_COLORSPACE_GAMMA ok=1
Cmd: disassembleShader
  api=15 insize=2230 outsize=3769 ok=1
Cmd: compileSnippet
  api=8 type=0 insize=958 outsize=2754 kw=POINT_COOKIE _SPECGLOSSMAP pd=UNITY_NO_SCREENSPACE_SHADOWS UNITY_ENABLE_REFLECTION_BUFFERS UNITY_PBS_USE_BRDF1 UNITY_SPECCUBE_BOX_PROJECTION UNITY_SPECCUBE_BLENDING SHADER_API_MOBILE UNITY_COLORSPACE_GAMMA ok=1
Cmd: disassembleShader
  api=13 insize=2754 outsize=5576 ok=1
Cmd: compileSnippet
  api=5 type=0 insize=958 outsize=4507 kw=DIRECTIONAL FOG_EXP2 _SPECGLOSSMAP pd=UNITY_NO_DXT5nm UNITY_NO_RGBM UNITY_ENABLE_REFLECTION_BUFFERS UNITY_FRAMEBUFFER_FETCH_AVAILABLE UNITY_PBS_USE_BRDF1 UNITY_SPECCUBE_BOX_PROJECTION UNITY_SPECCUBE_BLENDING SHADER_API_MOBILE UNITY_COLORSPACE_GAMMA ok=1
Cmd: disassembleShader
  api=5 insize=4507 outsize=4507 ok=1
Cmd: compileSnippet
  api=1 type=0 insize=958 outsize=1292 kw=POINT_COOKIE SHADOWS_CUBE FOG_EXP2 _SPECGLOSSMAP pd=UNITY_ENABLE_REFLECTION_BUFFERS UNITY_PBS_USE_BRDF1 UNITY_SPECCUBE_BOX_PROJECTION UNITY_SPECCUBE_BLENDING UNITY_COLORSPACE_GAMMA ok=1
Cmd: disassembleShader
  api=9 insize=1292 outsize=2193 ok=1
Cmd: compileSnippet
  api=8 type=0 insize=958 outsize=3250 kw=SPOT _NORMALMAP _SPECGLOSSMAP pd=UNITY_NO_SCREENSPACE_SHADOWS UNITY_ENABLE_REFLECTION_BUFFERS UNITY_PBS_USE_BRDF1 UNITY_SPECCUBE_BOX_PROJECTION UNITY_SPECCUBE_BLENDING SHADER_API_MOBILE UNITY_COLORSPACE_GAMMA ok=1
Cmd: disassembleShader
  api=13 insize=3250 outsize=6355 ok=1
Cmd: compileSnippet
  api=18 type=0 insize=958 outsize=4622 kw=DIRECTIONAL FOG_EXP2 _NORMALMAP _SPECGLOSSMAP pd=UNITY_NO_DXT5nm UNITY_NO_RGBM UNITY_ENABLE_REFLECTION_BUFFERS UNITY_PBS_USE_BRDF1 UNITY_SPECCUBE_BOX_PROJECTION UNITY_SPECCUBE_BLENDING SHADER_API_MOBILE UNITY_COLORSPACE_GAMMA ok=1
Cmd: disassembleShader
  api=25 insize=4622 outsize=49419 ok=1
Cmd: disassembleShader
  api=24 insize=2972 outsize=2956 ok=1
Cmd: disassembleShader
  api=14 insize=1722 outsize=3844 ok=1
Cmd: disassembleShader
  api=4 insize=0 outsize=57 ok=1
Cmd: compileSnippet
  api=8 type=1 insize=958 outsize=2106 kw=POINT_COOKIE pd=UNITY_NO_SCREENSPACE_SHADOWS UNITY_ENABLE_REFLECTION_BUFFERS UNITY_PBS_USE_BRDF1 UNITY_SPECCUBE_BOX_PROJECTION UNITY_SPECCUBE_BLENDING SHADER_API_MOBILE UNITY_COLORSPACE_GAMMA ok=1
Cmd: disassembleShader
  api=14 insize=2106 outsize=4663 ok=1
Cmd: disassembleShader
  api=25 insize=0 outsize=1 ok=1
Cmd: disassembleShader
  api=5 insize=0 outsize=57 ok=1
Cmd: disassembleShader
  api=6 insize=0 outsize=57 ok=1
Cmd: disassembleShader
  api=4 insize=0 outsize=57 ok=1
Cmd: disassembleShader
  api=6 insize=0 outsize=57 ok=1
Cmd: disassembleShader
  api=17 insize=1654 outsize=3069 ok=1
Cmd: disassembleShader
  api=24 insize=3673 outsize=3657 ok=1
Cmd: disassembleShader
  api=11 insize=1360 outsize=2155 ok=1
Cmd: disassembleShader
  api=5 insize=0 outsize=57 ok=1
Cmd: compileSnippet
  api=14 type=1 insize=958 outsize=3964 kw=POINT_COOKIE SHADOWS_CUBE pd=UNITY_ENABLE_REFLECTION_BUFFERS UNITY_PBS_USE_BRDF1 UNITY_SPECCUBE_BOX_PROJECTION UNITY_SPECCUBE_BLENDING UNITY_COLORSPACE_GAMMA ok=1
Cmd: disassembleShader
  api=24 insize=3964 outsize=3948 ok=1
Cmd: disassembleShader
  api=4 insize=0 outsize=57 ok=1
Cmd: compileSnippet
  api=1 type=1 insize=958 outsize=1400 kw=POINT_COOKIE SHADOWS_CUBE FOG_EXP2 pd=UNITY_ENABLE_REFLECTION_BUFFERS UNITY_PBS_USE_BRDF1 UNITY_SPECCUBE_BOX_PROJECTION UNITY_SPECCUBE_BLENDING UNITY_COLORSPACE_GAMMA ok=1
Cmd: disassembleShader
  api=11 insize=1400 outsize=2222 ok=1
Cmd: compileSnippet
  api=5 type=1 insize=958 outsize=0 kw=SPOT SHADOWS_DEPTH _SPECGLOSSMAP pd=UNITY_NO_DXT5nm UNITY_NO_RGBM UNITY_ENABLE_REFLECTION_BUFFERS UNITY_FRAMEBUFFER_FETCH_AVAILABLE UNITY_PBS_USE_BRDF1 UNITY_SPECCUBE_BOX_PROJECTION UNITY_SPECCUBE_BLENDING SHADER_API_MOBILE UNITY_COLORSPACE_GAMMA ok=1
Cmd: disassembleShader
  api=5 insize=0 outsize=57 ok=1
Cmd: compileSnippet
  api=1 type=1 insize=958 outsize=992 kw=DIRECTIONAL SHADOWS_SCREEN _SPECGLOSSMAP pd=UNITY_ENABLE_REFLECTION_BUFFERS UNITY_PBS_USE_BRDF1 UNITY_SPECCUBE_BOX_PROJECTION UNITY_SPECCUBE_BLENDING UNITY_COLORSPACE_GAMMA ok=1
Cmd: disassembleShader
  api=11 insize=992 outsize=1575 ok=1
Cmd: disassembleShader
  api=5 insize=0 outsize=57 ok=1
Cmd: compileSnippet
  api=8 type=1 insize=958 outsize=2190 kw=POINT FOG_EXP2 _SPECGLOSSMAP pd=UNITY_NO_SCREENSPACE_SHADOWS UNITY_ENABLE_REFLECTION_BUFFERS UNITY_PBS_USE_BRDF1 UNITY_SPECCUBE_BOX_PROJECTION UNITY_SPECCUBE_BLENDING SHADER_API_MOBILE UNITY_COLORSPACE_GAMMA ok=1
Cmd: disassembleShader
  api=14 insize=2190 outsize=4886 ok=1
Cmd: compileSnippet
  api=18 type=1 insize=958 outsize=0 kw=POINT SHADOWS_CUBE FOG_EXP2 _SPECGLOSSMAP pd=UNITY_NO_DXT5nm UNITY_NO_RGBM UNITY_ENABLE_REFLECTION_BUFFERS UNITY_PBS_USE_BRDF1 UNITY_SPECCUBE_BOX_PROJECTION UNITY_SPECCUBE_BLENDING SHADER_API_MOBILE UNITY_COLORSPACE_GAMMA ok=1
Cmd: disassembleShader
  api=25 insize=0 outsize=1 ok=1
Cmd: disassembleShader
  api=6 insize=0 outsize=57 ok=1
Cmd: disassembleShader
  api=17 insize=1638 outsize=3056 ok=1
Cmd: disassembleShader
  api=17 insize=1482 outsize=2749 ok=1
Cmd: disassembleShader
  api=6 insize=0 outsize=57 ok=1
Cmd: compileSnippet
  api=4 type=1 insize=958 outsize=1882 kw=SPOT _NORMALMAP _SPECGLOSSMAP pd=UNITY_ENABLE_REFLECTION_BUFFERS UNITY_PBS_USE_BRDF1 UNITY_SPECCUBE_BOX_PROJECTION UNITY_SPECCUBE_BLENDING UNITY_COLORSPACE_GAMMA ok=1
Cmd: disassembleShader
  api=17 insize=1882 outsize=3418 ok=1
Cmd: compileSnippet
  api=4 type=1 insize=958 outsize=1566 kw=DIRECTIONAL FOG_EXP2 _NORMALMAP _SPECGLOSSMAP pd=UNITY_ENABLE_REFLECTION_BUFFERS UNITY_PBS_USE_BRDF1 UNITY_SPECCUBE_BOX_PROJECTION UNITY_SPECCUBE_BLENDING UNITY_COLORSPACE_GAMMA ok=1
Cmd: disassembleShader
  api=17 insize=1566 outsize=2910 ok=1
Cmd: compileSnippet
  api=14 type=1 insize=958 outsize=3960 kw=DIRECTIONAL SHADOWS_SCREEN FOG_EXP2 _NORMALMAP _SPECGLOSSMAP pd=UNITY_ENABLE_REFLECTION_BUFFERS UNITY_PBS_USE_BRDF1 UNITY_SPECCUBE_BOX_PROJECTION UNITY_SPECCUBE_BLENDING UNITY_COLORSPACE_GAMMA ok=1
Cmd: disassembleShader
  api=24 insize=3960 outsize=3944 ok=1
Cmd: disassembleShader
  api=9 insize=460 outsize=769 ok=1
Cmd: compileSnippet
  api=15 type=0 insize=677 outsize=1583 kw=SHADOWS_CUBE pd=UNITY_ENABLE_REFLECTION_BUFFERS UNITY_PBS_USE_BRDF1 UNITY_SPECCUBE_BOX_PROJECTION UNITY_SPECCUBE_BLENDING UNITY_COLORSPACE_GAMMA ok=1
Cmd: disassembleShader
  api=6 insize=1583 outsize=1583 ok=1
Cmd: disassembleShader
  api=24 insize=296 outsize=280 ok=1
Cmd: disassembleShader
  api=6 insize=0 outsize=57 ok=1
Cmd: disassembleShader
  api=17 insize=182 outsize=599 ok=1
Cmd: compileSnippet
  api=15 type=1 insize=677 outsize=0 kw=SHADOWS_DEPTH _SPECGLOSSMAP pd=UNITY_ENABLE_REFLECTION_BUFFERS UNITY_PBS_USE_BRDF1 UNITY_SPECCUBE_BOX_PROJECTION UNITY_SPECCUBE_BLENDING UNITY_COLORSPACE_GAMMA ok=1
Cmd: disassembleShader
  api=6 insize=0 outsize=57 ok=1

Quitting shader compiler process
